
 Performance counter stats for './combined README.md /home/anton/itmo 5 100000':

          1 673,92 msec task-clock:u                     #    0,644 CPUs utilized             
                 0      context-switches:u               #    0,000 /sec                      
                 0      cpu-migrations:u                 #    0,000 /sec                      
               226      page-faults:u                    #  135,012 /sec                      
     3 208 751 530      cycles:u                         #    1,917 GHz                         (43,30%)
       554 354 587      stalled-cycles-frontend:u        #   17,28% frontend cycles idle        (42,85%)
     4 318 638 473      instructions:u                   #    1,35  insn per cycle            
                                                  #    0,13  stalled cycles per insn     (42,71%)
       810 862 703      branches:u                       #  484,409 M/sec                       (42,74%)
         6 077 632      branch-misses:u                  #    0,75% of all branches             (42,18%)
     1 988 422 527      L1-dcache-loads:u                #    1,188 G/sec                       (42,33%)
        19 887 610      L1-dcache-load-misses:u          #    1,00% of all L1-dcache accesses   (43,13%)
   <not supported>      LLC-loads:u                                                           
   <not supported>      LLC-load-misses:u                                                     
       335 191 323      L1-icache-loads:u                #  200,243 M/sec                       (42,67%)
         2 771 346      L1-icache-load-misses:u          #    0,83% of all L1-icache accesses   (43,86%)
         3 412 188      dTLB-loads:u                     #    2,038 M/sec                       (43,53%)
           122 200      dTLB-load-misses:u               #    3,58% of all dTLB cache accesses  (43,14%)
         2 414 895      iTLB-loads:u                     #    1,443 M/sec                       (43,90%)
           349 103      iTLB-load-misses:u               #   14,46% of all iTLB cache accesses  (43,84%)
         9 079 962      L1-dcache-prefetches:u           #    5,424 M/sec                       (43,65%)
   <not supported>      L1-dcache-prefetch-misses:u                                           

       2,598765431 seconds time elapsed

       1,101522000 seconds user
       0,555164000 seconds sys


