% time     seconds  usecs/call     calls    errors syscall
------ ----------- ----------- --------- --------- ----------------
 99,97    0,613852      306926         2           futex
  0,01    0,000084          42         2           clone3
  0,00    0,000028           5         5           rt_sigprocmask
  0,00    0,000020           0        24           mmap
  0,00    0,000020           2         8           mprotect
  0,00    0,000005           5         1           rt_sigaction
  0,00    0,000000           0         4           read
  0,00    0,000000           0         5           close
  0,00    0,000000           0         5           fstat
  0,00    0,000000           0         1           munmap
  0,00    0,000000           0         3           brk
  0,00    0,000000           0         2           pread64
  0,00    0,000000           0         1         1 access
  0,00    0,000000           0         1           execve
  0,00    0,000000           0         1           arch_prctl
  0,00    0,000000           0         1           set_tid_address
  0,00    0,000000           0         5           openat
  0,00    0,000000           0         1           set_robust_list
  0,00    0,000000           0         1           prlimit64
  0,00    0,000000           0         1           getrandom
  0,00    0,000000           0         1           rseq
------ ----------- ----------- --------- --------- ----------------
100,00    0,614009        8186        75         1 total
