% time     seconds  usecs/call     calls    errors syscall
------ ----------- ----------- --------- --------- ----------------
 99,83    0,619177      309588         2           futex
  0,06    0,000364         364         1           execve
  0,05    0,000301          12        24           mmap
  0,01    0,000079           9         8           mprotect
  0,01    0,000063          31         2           clone3
  0,01    0,000052          10         5           rt_sigprocmask
  0,01    0,000039           7         5           openat
  0,00    0,000022           4         5           fstat
  0,00    0,000021           5         4           read
  0,00    0,000020           4         5           close
  0,00    0,000019          19         1           munmap
  0,00    0,000019           6         3           brk
  0,00    0,000010           5         2           pread64
  0,00    0,000007           7         1         1 access
  0,00    0,000005           5         1           getrandom
  0,00    0,000004           4         1           rt_sigaction
  0,00    0,000004           4         1           arch_prctl
  0,00    0,000004           4         1           set_robust_list
  0,00    0,000004           4         1           prlimit64
  0,00    0,000004           4         1           rseq
  0,00    0,000003           3         1           set_tid_address
------ ----------- ----------- --------- --------- ----------------
100,00    0,620221        8269        75         1 total
