% time     seconds  usecs/call     calls    errors syscall
------ ----------- ----------- --------- --------- ----------------
 46,76    0,000455         455         1           execve
 26,00    0,000253          11        22           mmap
  7,40    0,000072          12         6           mprotect
  4,32    0,000042           8         5           openat
  2,67    0,000026          26         1           munmap
  2,36    0,000023           4         5           fstat
  2,16    0,000021           4         5           close
  2,06    0,000020           5         4           read
  1,85    0,000018           6         3           brk
  0,92    0,000009           4         2           pread64
  0,51    0,000005           5         1         1 access
  0,51    0,000005           5         1           getrandom
  0,41    0,000004           4         1           arch_prctl
  0,41    0,000004           4         1           futex
  0,41    0,000004           4         1           set_tid_address
  0,41    0,000004           4         1           set_robust_list
  0,41    0,000004           4         1           prlimit64
  0,41    0,000004           4         1           rseq
------ ----------- ----------- --------- --------- ----------------
100,00    0,000973          15        62         1 total
