% time     seconds  usecs/call     calls    errors syscall
------ ----------- ----------- --------- --------- ----------------
 99,79    0,572343      286171         2           futex
  0,09    0,000541         541         1           execve
  0,05    0,000290          12        24           mmap
  0,01    0,000086          10         8           mprotect
  0,01    0,000054          27         2           clone3
  0,01    0,000047           9         5           openat
  0,00    0,000023           4         5           fstat
  0,00    0,000022           5         4           read
  0,00    0,000022          22         1           munmap
  0,00    0,000020           4         5           close
  0,00    0,000017           5         3           brk
  0,00    0,000016           3         5           rt_sigprocmask
  0,00    0,000008           4         2           pread64
  0,00    0,000008           8         1         1 access
  0,00    0,000006           6         1           rt_sigaction
  0,00    0,000005           5         1           set_robust_list
  0,00    0,000005           5         1           rseq
  0,00    0,000004           4         1           prlimit64
  0,00    0,000004           4         1           getrandom
  0,00    0,000003           3         1           arch_prctl
  0,00    0,000003           3         1           set_tid_address
------ ----------- ----------- --------- --------- ----------------
100,00    0,573527        7647        75         1 total
