% time     seconds  usecs/call     calls    errors syscall
------ ----------- ----------- --------- --------- ----------------
 37,60    0,710155           8     88505           getdents64
 19,81    0,374084           4     88490           fcntl
 17,51    0,330730           7     44250           openat
 13,69    0,258560           5     44250           close
 10,93    0,206426           4     44250           fstat
  0,36    0,006747           8       835           newfstatat
  0,10    0,001880           8       214           brk
  0,00    0,000023          23         1           munmap
  0,00    0,000021           3         6           mprotect
  0,00    0,000007           7         1           futex
  0,00    0,000006           6         1           getrandom
  0,00    0,000004           4         1           prlimit64
  0,00    0,000000           0         4           read
  0,00    0,000000           0        22           mmap
  0,00    0,000000           0         2           pread64
  0,00    0,000000           0         1         1 access
  0,00    0,000000           0         1           execve
  0,00    0,000000           0         1           arch_prctl
  0,00    0,000000           0         1           set_tid_address
  0,00    0,000000           0         1           set_robust_list
  0,00    0,000000           0         1           rseq
------ ----------- ----------- --------- --------- ----------------
100,00    1,888643           6    310838         1 total
