% time     seconds  usecs/call     calls    errors syscall
------ ----------- ----------- --------- --------- ----------------
 43,49    0,000137           6        22           mmap
 20,95    0,000066          11         6           mprotect
  6,98    0,000022          22         1           munmap
  4,76    0,000015           3         5           close
  4,44    0,000014           4         3           brk
  3,81    0,000012           6         2           pread64
  3,49    0,000011           2         5           openat
  1,59    0,000005           5         1           futex
  1,59    0,000005           5         1           set_robust_list
  1,59    0,000005           5         1           rseq
  1,27    0,000004           1         4           read
  1,27    0,000004           0         5           fstat
  1,27    0,000004           4         1           set_tid_address
  1,27    0,000004           4         1           prlimit64
  1,27    0,000004           4         1           getrandom
  0,95    0,000003           3         1           arch_prctl
  0,00    0,000000           0         1         1 access
  0,00    0,000000           0         1           execve
------ ----------- ----------- --------- --------- ----------------
100,00    0,000315           5        62         1 total
