% time     seconds  usecs/call     calls    errors syscall
------ ----------- ----------- --------- --------- ----------------
 37,34    0,617407           6     88505           getdents64
 20,76    0,343198           3     88490           fcntl
 17,60    0,291062           6     44250           openat
 13,19    0,218098           4     44250           close
 10,64    0,175968           3     44250           fstat
  0,35    0,005757           6       835           newfstatat
  0,11    0,001838           8       214           brk
  0,00    0,000000           0         4           read
  0,00    0,000000           0        22           mmap
  0,00    0,000000           0         6           mprotect
  0,00    0,000000           0         1           munmap
  0,00    0,000000           0         2           pread64
  0,00    0,000000           0         1         1 access
  0,00    0,000000           0         1           execve
  0,00    0,000000           0         1           arch_prctl
  0,00    0,000000           0         1           futex
  0,00    0,000000           0         1           set_tid_address
  0,00    0,000000           0         1           set_robust_list
  0,00    0,000000           0         1           prlimit64
  0,00    0,000000           0         1           getrandom
  0,00    0,000000           0         1           rseq
------ ----------- ----------- --------- --------- ----------------
100,00    1,653328           5    310838         1 total
