top - 13:52:23 up  2:41,  2 users,  load average: 1,84, 1,65, 1,09
Tasks: 349 total,   1 running, 348 sleeping,   0 stopped,   0 zombie
%Cpu(s): 10,7 us,  4,5 sy,  0,0 ni, 84,2 id,  0,0 wa,  0,6 hi,  0,0 si,  0,0 st 
MiB Mem :  15337,5 total,    651,1 free,   9005,6 used,   6488,3 buff/cache     
MiB Swap:      0,0 total,      0,0 free,      0,0 used.   6331,8 avail Mem 

    PID USER      PR  NI    VIRT    RES    SHR S  %CPU  %MEM     TIME+ COMMAND
  74937 anton     20   0  153784   3888   3632 S 200,0   0,0   0:00.42 combined
  17263 anton     20   0 1138,7g 500492 129424 S   9,1   3,2   4:36.98 code
      1 root      20   0   21720  13140   9032 S   0,0   0,1   0:05.66 systemd
      2 root      20   0       0      0      0 S   0,0   0,0   0:00.02 kthreadd
      3 root      20   0       0      0      0 S   0,0   0,0   0:00.00 pool_wo+
      4 root       0 -20       0      0      0 I   0,0   0,0   0:00.00 kworker+
      5 root       0 -20       0      0      0 I   0,0   0,0   0:00.00 kworker+
      6 root       0 -20       0      0      0 I   0,0   0,0   0:00.00 kworker+
      7 root       0 -20       0      0      0 I   0,0   0,0   0:00.00 kworker+
     10 root       0 -20       0      0      0 I   0,0   0,0   0:00.00 kworker+
     13 root       0 -20       0      0      0 I   0,0   0,0   0:00.00 kworker+
     14 root      20   0       0      0      0 I   0,0   0,0   0:00.00 rcu_tas+
     15 root      20   0       0      0      0 I   0,0   0,0   0:00.00 rcu_tas+
     16 root      20   0       0      0      0 I   0,0   0,0   0:00.00 rcu_tas+
     17 root      20   0       0      0      0 S   0,0   0,0   0:00.22 ksoftir+
     18 root      -2   0       0      0      0 I   0,0   0,0   0:05.40 rcu_pre+
     19 root      -2   0       0      0      0 S   0,0   0,0   0:00.00 rcub/0
     20 root      20   0       0      0      0 S   0,0   0,0   0:00.00 rcu_exp+
     21 root      20   0       0      0      0 S   0,0   0,0   0:00.03 rcu_exp+
     22 root      rt   0       0      0      0 S   0,0   0,0   0:00.88 migrati+
     23 root     -51   0       0      0      0 S   0,0   0,0   0:00.00 idle_in+
     24 root      20   0       0      0      0 S   0,0   0,0   0:00.00 cpuhp/0
     25 root      20   0       0      0      0 S   0,0   0,0   0:00.00 cpuhp/2
     26 root     -51   0       0      0      0 S   0,0   0,0   0:00.00 idle_in+
     27 root      rt   0       0      0      0 S   0,0   0,0   0:00.74 migrati+
     28 root      20   0       0      0      0 S   0,0   0,0   0:00.12 ksoftir+
     30 root       0 -20       0      0      0 I   0,0   0,0   0:00.00 kworker+
     31 root      20   0       0      0      0 S   0,0   0,0   0:00.00 cpuhp/4
     32 root     -51   0       0      0      0 S   0,0   0,0   0:00.00 idle_in+
     33 root      rt   0       0      0      0 S   0,0   0,0   0:10.34 migrati+
     34 root      20   0       0      0      0 S   0,0   0,0   0:00.07 ksoftir+
     36 root       0 -20       0      0      0 I   0,0   0,0   0:00.00 kworker+
     37 root      20   0       0      0      0 S   0,0   0,0   0:00.00 cpuhp/6
     38 root     -51   0       0      0      0 S   0,0   0,0   0:00.00 idle_in+
     39 root      rt   0       0      0      0 S   0,0   0,0   0:02.29 migrati+
     40 root      20   0       0      0      0 S   0,0   0,0   0:00.32 ksoftir+
     42 root       0 -20       0      0      0 I   0,0   0,0   0:00.00 kworker+
     43 root      20   0       0      0      0 S   0,0   0,0   0:00.00 cpuhp/8
     44 root     -51   0       0      0      0 S   0,0   0,0   0:00.00 idle_in+
     45 root      rt   0       0      0      0 S   0,0   0,0   0:02.50 migrati+
     46 root      20   0       0      0      0 S   0,0   0,0   0:00.04 ksoftir+
     48 root       0 -20       0      0      0 I   0,0   0,0   0:00.00 kworker+
     49 root      20   0       0      0      0 S   0,0   0,0   0:00.00 cpuhp/10
     50 root     -51   0       0      0      0 S   0,0   0,0   0:00.00 idle_in+
     51 root      rt   0       0      0      0 S   0,0   0,0   0:04.11 migrati+
     52 root      20   0       0      0      0 S   0,0   0,0   0:00.03 ksoftir+
     54 root       0 -20       0      0      0 I   0,0   0,0   0:00.00 kworker+
     55 root      20   0       0      0      0 S   0,0   0,0   0:00.00 cpuhp/12
     56 root     -51   0       0      0      0 S   0,0   0,0   0:00.00 idle_in+
     57 root      rt   0       0      0      0 S   0,0   0,0   0:01.90 migrati+
     58 root      20   0       0      0      0 S   0,0   0,0   0:00.01 ksoftir+
     60 root       0 -20       0      0      0 I   0,0   0,0   0:00.00 kworker+
     61 root      20   0       0      0      0 S   0,0   0,0   0:00.00 cpuhp/14
     62 root     -51   0       0      0      0 S   0,0   0,0   0:00.00 idle_in+
     63 root      rt   0       0      0      0 S   0,0   0,0   0:01.78 migrati+
     64 root      20   0       0      0      0 S   0,0   0,0   0:00.02 ksoftir+
     66 root       0 -20       0      0      0 I   0,0   0,0   0:00.00 kworker+
     67 root      20   0       0      0      0 S   0,0   0,0   0:00.00 cpuhp/1
     68 root     -51   0       0      0      0 S   0,0   0,0   0:00.00 idle_in+
     69 root      rt   0       0      0      0 S   0,0   0,0   0:00.30 migrati+
     70 root      20   0       0      0      0 S   0,0   0,0   0:00.27 ksoftir+
     72 root       0 -20       0      0      0 I   0,0   0,0   0:00.00 kworker+
     73 root      20   0       0      0      0 S   0,0   0,0   0:00.00 cpuhp/3
     74 root     -51   0       0      0      0 S   0,0   0,0   0:00.00 idle_in+
     75 root      rt   0       0      0      0 S   0,0   0,0   0:00.44 migrati+
     76 root      20   0       0      0      0 S   0,0   0,0   0:00.09 ksoftir+
     78 root       0 -20       0      0      0 I   0,0   0,0   0:00.00 kworker+
     79 root      20   0       0      0      0 S   0,0   0,0   0:00.00 cpuhp/5
     80 root     -51   0       0      0      0 S   0,0   0,0   0:00.00 idle_in+
     81 root      rt   0       0      0      0 S   0,0   0,0   0:00.59 migrati+
     82 root      20   0       0      0      0 S   0,0   0,0   0:00.03 ksoftir+
     84 root       0 -20       0      0      0 I   0,0   0,0   0:00.00 kworker+
     85 root      20   0       0      0      0 S   0,0   0,0   0:00.00 cpuhp/7
     86 root     -51   0       0      0      0 S   0,0   0,0   0:00.00 idle_in+
     87 root      rt   0       0      0      0 S   0,0   0,0   0:01.09 migrati+
     88 root      20   0       0      0      0 S   0,0   0,0   0:00.01 ksoftir+
     90 root       0 -20       0      0      0 I   0,0   0,0   0:00.00 kworker+
     91 root      20   0       0      0      0 S   0,0   0,0   0:00.00 cpuhp/9
     92 root     -51   0       0      0      0 S   0,0   0,0   0:00.00 idle_in+
     93 root      rt   0       0      0      0 S   0,0   0,0   0:00.73 migrati+
     94 root      20   0       0      0      0 S   0,0   0,0   0:00.02 ksoftir+
     96 root       0 -20       0      0      0 I   0,0   0,0   0:00.00 kworker+
     97 root      20   0       0      0      0 S   0,0   0,0   0:00.00 cpuhp/11
     98 root     -51   0       0      0      0 S   0,0   0,0   0:00.00 idle_in+
     99 root      rt   0       0      0      0 S   0,0   0,0   0:00.58 migrati+
    100 root      20   0       0      0      0 S   0,0   0,0   0:00.00 ksoftir+
    102 root       0 -20       0      0      0 I   0,0   0,0   0:00.00 kworker+
    103 root      20   0       0      0      0 S   0,0   0,0   0:00.00 cpuhp/13
    104 root     -51   0       0      0      0 S   0,0   0,0   0:00.00 idle_in+
    105 root      rt   0       0      0      0 S   0,0   0,0   0:00.60 migrati+
    106 root      20   0       0      0      0 S   0,0   0,0   0:00.01 ksoftir+
    108 root       0 -20       0      0      0 I   0,0   0,0   0:00.00 kworker+
    109 root      20   0       0      0      0 S   0,0   0,0   0:00.00 cpuhp/15
    110 root     -51   0       0      0      0 S   0,0   0,0   0:00.00 idle_in+
    111 root      rt   0       0      0      0 S   0,0   0,0   0:00.67 migrati+
    112 root      20   0       0      0      0 S   0,0   0,0   0:00.00 ksoftir+
    114 root       0 -20       0      0      0 I   0,0   0,0   0:00.00 kworker+
    115 root      20   0       0      0      0 S   0,0   0,0   0:00.00 kdevtmp+
    116 root       0 -20       0      0      0 I   0,0   0,0   0:00.00 kworker+
    117 root      20   0       0      0      0 S   0,0   0,0   0:00.00 kauditd
    118 root      20   0       0      0      0 S   0,0   0,0   0:00.01 khungta+
    120 root      20   0       0      0      0 S   0,0   0,0   0:00.00 oom_rea+
    121 root       0 -20       0      0      0 I   0,0   0,0   0:00.00 kworker+
    122 root      20   0       0      0      0 S   0,0   0,0   0:04.03 kcompac+
    123 root      25   5       0      0      0 S   0,0   0,0   0:00.00 ksmd
    124 root      39  19       0      0      0 S   0,0   0,0   0:01.21 khugepa+
    125 root       0 -20       0      0      0 I   0,0   0,0   0:00.00 kworker+
    126 root       0 -20       0      0      0 I   0,0   0,0   0:00.00 kworker+
    127 root       0 -20       0      0      0 I   0,0   0,0   0:00.00 kworker+
    129 root     -51   0       0      0      0 S   0,0   0,0   0:00.00 irq/9-a+
    131 root       0 -20       0      0      0 I   0,0   0,0   0:00.00 kworker+
    132 root       0 -20       0      0      0 I   0,0   0,0   0:00.00 kworker+
    133 root       0 -20       0      0      0 I   0,0   0,0   0:00.00 kworker+
    134 root       0 -20       0      0      0 I   0,0   0,0   0:00.00 kworker+
    135 root     -51   0       0      0      0 S   0,0   0,0   0:00.00 watchdo+
    136 root       0 -20       0      0      0 I   0,0   0,0   0:00.03 kworker+
    137 root     -51   0       0      0      0 S   0,0   0,0   0:00.00 irq/25-+
    138 root     -51   0       0      0      0 S   0,0   0,0   0:00.00 irq/26-+
    139 root     -51   0       0      0      0 S   0,0   0,0   0:00.00 irq/27-+
    141 root      20   0       0      0      0 S   0,0   0,0   0:02.33 kswapd0
    142 root       0 -20       0      0      0 I   0,0   0,0   0:00.00 kworker+
    143 root       0 -20       0      0      0 I   0,0   0,0   0:00.00 kworker+
    144 root      20   0       0      0      0 S   0,0   0,0   0:00.00 scsi_eh+
    145 root       0 -20       0      0      0 I   0,0   0,0   0:00.00 kworker+
    146 root      20   0       0      0      0 S   0,0   0,0   0:00.00 scsi_eh+
    147 root       0 -20       0      0      0 I   0,0   0,0   0:00.00 kworker+
    149 root       0 -20       0      0      0 I   0,0   0,0   0:00.00 kworker+
    151 root       0 -20       0      0      0 I   0,0   0,0   0:00.00 kworker+
    154 root       0 -20       0      0      0 I   0,0   0,0   0:00.01 kworker+
    159 root       0 -20       0      0      0 I   0,0   0,0   0:00.00 kworker+
    161 root      20   0       0      0      0 I   0,0   0,0   0:00.09 kworker+
    162 root      20   0       0      0      0 I   0,0   0,0   0:00.03 kworker+
    166 root       0 -20       0      0      0 I   0,0   0,0   0:00.00 kworker+
    172 root     -51   0       0      0      0 S   0,0   0,0   0:00.00 irq/28-+
    173 root     -51   0       0      0      0 S   0,0   0,0   0:00.00 irq/29-+
    174 root     -51   0       0      0      0 S   0,0   0,0   0:00.00 irq/30-+
    175 root     -51   0       0      0      0 S   0,0   0,0   0:00.00 irq/31-+
    176 root     -51   0       0      0      0 S   0,0   0,0   0:00.00 irq/32-+
    177 root     -51   0       0      0      0 S   0,0   0,0   0:00.00 irq/33-+
    178 root     -51   0       0      0      0 S   0,0   0,0   0:00.00 irq/34-+
    179 root     -51   0       0      0      0 S   0,0   0,0   0:00.00 irq/35-+
    180 root     -51   0       0      0      0 S   0,0   0,0   0:00.00 irq/36-+
    181 root     -51   0       0      0      0 S   0,0   0,0  57:50.51 irq/37-+
    182 root     -51   0       0      0      0 S   0,0   0,0   0:00.01 irq/38-+
    183 root       0 -20       0      0      0 I   0,0   0,0   0:00.03 kworker+
    185 root       0 -20       0      0      0 I   0,0   0,0   0:00.02 kworker+
    187 root       0 -20       0      0      0 I   0,0   0,0   0:00.03 kworker+
    188 root       0 -20       0      0      0 I   0,0   0,0   0:00.02 kworker+
    225 root       0 -20       0      0      0 I   0,0   0,0   0:00.02 kworker+
    230 root       0 -20       0      0      0 I   0,0   0,0   0:00.00 kworker+
    237 root       0 -20       0      0      0 I   0,0   0,0   0:00.01 kworker+
    256 root      20   0       0      0      0 I   0,0   0,0   0:00.02 kworker+
    261 root       0 -20       0      0      0 I   0,0   0,0   0:00.00 kworker+
    329 root       0 -20       0      0      0 I   0,0   0,0   0:00.01 kworker+
    331 root       0 -20       0      0      0 I   0,0   0,0   0:00.00 kworker+
    333 root       0 -20       0      0      0 I   0,0   0,0   0:00.01 kworker+
    336 root       0 -20       0      0      0 I   0,0   0,0   0:00.00 kworker+
    338 root       0 -20       0      0      0 I   0,0   0,0   0:00.00 kworker+
    339 root       0 -20       0      0      0 I   0,0   0,0   0:00.01 kworker+
    364 root     -51   0       0      0      0 S   0,0   0,0   0:08.38 irq/47-+
    366 root       0 -20       0      0      0 I   0,0   0,0   0:00.00 kworker+
    379 root      20   0       0      0      0 I   0,0   0,0   0:00.04 kworker+
    380 root       0 -20       0      0      0 I   0,0   0,0   0:00.00 kworker+
    381 root       0 -20       0      0      0 I   0,0   0,0   0:00.00 kworker+
    382 root       0 -20       0      0      0 I   0,0   0,0   0:00.00 kworker+
    383 root       0 -20       0      0      0 I   0,0   0,0   0:00.00 kworker+
    384 root      20   0       0      0      0 I   0,0   0,0   0:00.16 kworker+
    390 root      20   0       0      0      0 I   0,0   0,0   0:00.12 kworker+
    391 root      20   0       0      0      0 I   0,0   0,0   0:00.07 kworker+
    420 root      20   0       0      0      0 S   0,0   0,0   0:01.02 jbd2/nv+
    421 root       0 -20       0      0      0 I   0,0   0,0   0:00.00 kworker+
    469 root      20   0   49224  18948  17752 S   0,0   0,1   0:01.63 systemd+
    500 root      20   0   14288   5788   5020 S   0,0   0,0   0:00.14 systemd+
    505 root      -2   0       0      0      0 S   0,0   0,0   0:00.00 psimon
    515 root      20   0   31268  11920   9232 S   0,0   0,1   0:00.43 systemd+
    516 root      -2   0       0      0      0 S   0,0   0,0   0:00.00 psimon
    585 root       0 -20       0      0      0 I   0,0   0,0   0:00.00 kworker+
    614 root     -51   0       0      0      0 S   0,0   0,0   2:08.83 irq/92-+
    632 root       0 -20       0      0      0 I   0,0   0,0   0:00.00 kworker+
    639 root       0 -20       0      0      0 I   0,0   0,0   0:00.00 kworker+
    648 systemd+  20   0   89056   7076   6308 S   0,0   0,0   0:00.08 systemd+
    653 dbus      20   0    9376   5088   2832 S   0,0   0,0   0:00.43 dbus-br+
    654 dbus      20   0   11528   6844   2172 S   0,0   0,0   0:03.81 dbus-br+
    656 avahi     20   0    6224   4016   3760 S   0,0   0,0   0:00.17 avahi-d+
    657 root      20   0    9804   5196   4812 S   0,0   0,0   0:00.12 bluetoo+
    659 root      20   0  141580  50116  20228 S   0,0   0,3   0:01.00 firewal+
    660 root      20   0   15228   7840   6704 S   0,0   0,0   0:01.55 systemd+
    663 avahi     20   0    6224   1524   1264 S   0,0   0,0   0:00.00 avahi-d+
    688 root      20   0  562396  26548  21456 S   0,0   0,2   0:28.60 Network+
    726 root      20   0   16320  11084   9676 S   0,0   0,1   0:07.49 wpa_sup+
    735 root      20   0    6408   4140   4012 S   0,0   0,0   0:00.00 Outline+
    739 root      20   0  153416  18424  16376 S   0,0   0,1   0:00.02 sddm
    742 root      20   0 2388160  46552  34012 S   0,0   0,3   0:06.18 contain+
    779 polkitd   20   0  383276  11400   6908 S   0,0   0,1   0:05.86 polkitd
    789 root       0 -20       0      0      0 I   0,0   0,0   0:00.00 kworker+
    790 root       0 -20       0      0      0 I   0,0   0,0   0:00.00 kworker+
    791 root       0 -20       0      0      0 I   0,0   0,0   0:00.00 kworker+
    792 root       0 -20       0      0      0 I   0,0   0,0   0:00.00 kworker+
    793 root       0 -20       0      0      0 I   0,0   0,0   0:00.00 kworker+
    795 root     -51   0       0      0      0 S   0,0   0,0   0:00.00 card1-c+
    796 root     -51   0       0      0      0 S   0,0   0,0   0:00.00 card1-c+
    797 root     -51   0       0      0      0 S   0,0   0,0   0:00.00 card1-c+
    798 root     -51   0       0      0      0 S   0,0   0,0   0:00.00 card1-c+
    799 root      20   0 1163620  61652  29780 S   0,0   0,4   0:00.37 Xorg
    863 root      20   0 2665128  75276  48148 S   0,0   0,5   0:00.93 dockerd
   1040 root      20   0       0      0      0 I   0,0   0,0   0:00.06 kworker+
   1069 root      20   0       0      0      0 I   0,0   0,0   0:00.06 kworker+
   1118 root      20   0  307712   8644   8004 S   0,0   0,1   0:00.44 power-p+
   1124 root      20   0   77140  19308  17132 S   0,0   0,1   0:00.10 sddm-he+
   1144 anton     20   0   19944  11420   9116 S   0,0   0,1   0:01.51 systemd
   1146 anton     20   0   20448   3616   1912 S   0,0   0,0   0:00.00 (sd-pam)
   1159 anton     20   0 1439488  70172  52428 S   0,0   0,4   0:00.29 kwallet+
   1160 anton     20   0  217568  35408  30928 S   0,0   0,2   0:00.11 startpl+
   1169 anton     20   0    6944   3384   3128 S   0,0   0,0   0:00.04 dbus-br+
   1170 anton     20   0    5712   2988   2092 S   0,0   0,0   0:00.92 dbus-br+
   1177 anton     20   0  147308  15432  14024 S   0,0   0,1   0:00.02 kwin_wa+
   1181 anton     39  19  256,2g 132720 105144 S   0,0   0,8   0:09.49 baloo_f+
   1182 anton     -2   0 3379796 569544 465808 S   0,0   3,6   3:50.25 kwin_wa+
   1190 anton     20   0  619836  15668  13236 S   0,0   0,1   0:01.22 xdg-des+
   1191 root      20   0  467260  11912  10248 S   0,0   0,1   0:00.57 udisksd
   1200 anton     20   0  530856   6364   5852 S   0,0   0,0   0:00.12 xdg-doc+
   1205 anton     20   0  306052   5700   5316 S   0,0   0,0   0:00.15 xdg-per+
   1212 root      20   0    2560   1788   1788 S   0,0   0,0   0:00.00 fusermo+
   1219 root      20   0  316292  11052   9132 S   0,0   0,1   0:00.88 upowerd
   1221 rtkit     21   1   20516   3016   2888 S   0,0   0,0   0:00.13 rtkit-d+
   1244 anton      9 -11  170960  16844   9712 S   0,0   0,1   0:00.21 pipewire
   1245 anton      9 -11  480436  18584  14616 S   0,0   0,1   0:00.58 wireplu+
   1277 root      10 -10       0      0      0 S   0,0   0,0   0:00.00 krfcommd
   1285 anton     20   0  940560  76536  40104 S   0,0   0,5   0:18.77 Xwayland
   1302 anton     20   0  379160   6412   5900 S   0,0   0,0   0:00.07 at-spi-+
   1313 anton     20   0    6812   3176   2920 S   0,0   0,0   0:00.00 dbus-br+
   1317 anton     20   0    4096   2240   2112 S   0,0   0,0   0:00.00 dbus-br+
   1325 anton     20   0 1159344  65032  48124 S   0,0   0,4   0:00.81 ksmserv+
   1327 anton     20   0 1846044 102128  75228 S   0,0   0,7   0:04.76 kded6
   1385 anton     20   0  229084   5460   5076 S   0,0   0,0   0:00.01 dconf-s+
   1402 anton     20   0 6269536 522780 171044 S   0,0   3,3   0:57.10 plasmas+
   1403 anton     20   0  232400   6348   5836 S   0,0   0,0   0:00.02 at-spi2+
   1414 anton      9 -11  184464  14800   8928 S   0,0   0,1   0:00.14 pipewir+
   1446 anton     20   0 1411652  58076  44912 S   0,0   0,4   0:01.16 kactivi+
   1449 anton     20   0 1079252  41060  29228 S   0,0   0,3   0:00.62 gmenudb+
   1450 anton     20   0 1159532  67172  50616 S   0,0   0,4   0:00.86 kaccess
   1451 anton     20   0 1433020  67280  52236 S   0,0   0,4   0:00.30 polkit-+
   1452 anton     20   0 1800516  71552  55672 S   0,0   0,5   0:02.80 org_kde+
   1454 anton     20   0 1832812  81060  57280 S   0,0   0,5   0:01.08 xdg-des+
   1455 anton     20   0 1078648  40144  28496 S   0,0   0,3   0:00.63 xembeds+
   1518 anton     20   0    7952   4480   4096 S   0,0   0,0   0:00.00 xsettin+
   1678 anton     20   0   36,8g 171468 111272 S   0,0   1,1   0:02.94 outline+
   1680 anton     20   0  661656  81984  50332 S   0,0   0,5   0:01.67 firewal+
   1682 anton     20   0 1632528  82980  64320 S   0,0   0,5   0:00.54 kdeconn+
   1687 anton     20   0 1774432  82412  56324 S   0,0   0,5   0:00.98 xwaylan+
   1695 anton     20   0   11588   1908   1600 S   0,0   0,0   0:02.44 Outline+
   1703 anton     20   0  309848   6376   5992 S   0,0   0,0   0:00.02 agent
   1862 anton     20   0 1883692 204684 176424 S   0,0   1,3   2:29.65 konsole
   1864 anton     20   0 1830620 168488 142176 S   0,0   1,1   0:34.46 konsole
   1867 anton     20   0 2862144   1,1g 397704 S   0,0   7,6   0:34.94 telegra+
   2033 anton     20   0   32,4g  56620  44716 S   0,0   0,4   0:00.13 outline+
   2039 anton     20   0   32,4g  56704  44672 S   0,0   0,4   0:00.13 outline+
   2109 anton     20   0   32,4g  14452   1928 S   0,0   0,1   0:00.00 outline+
   2172 anton     20   0    9096   7656   5736 S   0,0   0,0   0:00.04 bash
   2174 anton     20   0    9360   7816   5640 S   0,0   0,0   0:00.46 bash
   2321 anton     20   0   32,0g   2940   2684 S   0,0   0,0   0:00.00 chrome_+
   3170 anton     20   0   32,7g  96916  51996 S   0,0   0,6   0:00.85 outline+
   3234 anton     20   0   32,5g  77204  64024 S   0,0   0,5   0:00.68 outline+
   3266 anton     20   0   40,7g 164760 110548 S   0,0   1,0   0:01.89 outline+
   5984 root      20   0  155304   5308   5052 S   0,0   0,0   0:00.19 gpg-age+
   6727 root      20   0       0      0      0 I   0,0   0,0   0:00.45 kworker+
  15083 root      -2   0       0      0      0 S   0,0   0,0   0:00.00 psimon
  17169 anton     20   0 1132,3g 612144 223164 S   0,0   3,9   0:39.93 code
  17172 anton     20   0   32,7g 138048 125888 S   0,0   0,9   0:00.09 code
  17173 anton     20   0   32,7g 137632 125472 S   0,0   0,9   0:00.08 code
  17175 anton     20   0   32,7g  15700   3484 S   0,0   0,1   0:00.04 code
  17189 anton     20   0   32,0g   3132   2876 S   0,0   0,0   0:00.00 chrome_+
  17206 anton     20   0   33,0g 271828 176460 S   0,0   1,7   1:14.99 code
  17210 anton     20   0   32,5g 160788 146252 S   0,0   1,0   0:09.44 code
  17301 anton     20   0 1132,1g 218536 158960 S   0,0   1,4   0:30.45 code
  17302 anton     20   0 1132,1g 185604 160364 S   0,0   1,2   0:15.47 code
  17321 anton     20   0 1132,1g 317660 165268 S   0,0   2,0   1:00.56 code
  18011 root      20   0       0      0      0 I   0,0   0,0   0:00.00 kworker+
  21176 root      20   0       0      0      0 I   0,0   0,0   0:00.10 kworker+
  24654 root      20   0       0      0      0 I   0,0   0,0   0:05.21 kworker+
  26328 anton     20   0  254392 205048  21560 S   0,0   1,3   1:08.21 cpptools
  29228 anton     20   0   11,8g 928912 433740 S   0,0   5,9   5:09.44 firefox
  29328 anton     20   0  251436  36552  27848 S   0,0   0,2   0:00.06 Socket +
  29340 anton     20   0   19,2g 427756 137552 S   0,0   2,7   3:22.07 WebExte+
  29370 anton     20   0 2715888 198548 133004 S   0,0   1,3   0:07.62 Privile+
  29478 anton     20   0  509500  48952  38328 S   0,0   0,3   0:00.17 Utility+
  29527 anton     20   0 2772976 267516 122976 S   0,0   1,7   0:17.35 Isolate+
  29612 anton     20   0 7254532 391620 119220 S   0,0   2,5   1:08.96 Isolate+
  29681 anton     20   0 2664500 157192  98492 S   0,0   1,0   0:04.95 Isolate+
  33039 anton     20   0 1132,0g 184540 149332 S   0,0   1,2   0:01.19 code
  37049 anton     20   0 2660736 179888 109004 S   0,0   1,1   0:18.48 Isolate+
  40382 anton     20   0 1132,0g 165764 145320 S   0,0   1,1   0:00.84 code
  42178 anton     20   0  257,4g 162208 145036 S   0,0   1,0   0:00.16 balooru+
  42587 root      20   0       0      0      0 I   0,0   0,0   0:00.09 kworker+
  43016 root      20   0       0      0      0 I   0,0   0,0   0:00.16 kworker+
  43162 root      20   0       0      0      0 I   0,0   0,0   0:00.03 kworker+
  43321 anton     20   0  558164  52416  41324 S   0,0   0,3   0:00.20 RDD Pro+
  43643 anton     20   0 2919680 342224 124944 S   0,0   2,2   0:50.21 Isolate+
  43844 anton     20   0 3232344 581120 195280 S   0,0   3,7   0:15.38 Isolate+
  46992 root      20   0       0      0      0 I   0,0   0,0   0:00.00 kworker+
  57310 root      20   0       0      0      0 I   0,0   0,0   0:00.01 kworker+
  60768 root      20   0       0      0      0 I   0,0   0,0   0:00.00 kworker+
  61195 root      20   0       0      0      0 I   0,0   0,0   0:01.19 kworker+
  61511 root      20   0       0      0      0 I   0,0   0,0   0:00.08 kworker+
  63870 root      20   0       0      0      0 I   0,0   0,0   0:00.06 kworker+
  64970 root      20   0       0      0      0 I   0,0   0,0   0:00.00 kworker+
  64971 root       0 -20       0      0      0 I   0,0   0,0   0:00.10 kworker+
  66033 root      20   0       0      0      0 I   0,0   0,0   0:00.01 kworker+
  66077 root      20   0       0      0      0 I   0,0   0,0   0:00.00 kworker+
  66099 root      20   0       0      0      0 I   0,0   0,0   0:00.01 kworker+
  66118 root       0 -20       0      0      0 I   0,0   0,0   0:00.04 kworker+
  66126 root      20   0       0      0      0 I   0,0   0,0   0:00.01 kworker+
  67885 root      20   0       0      0      0 I   0,0   0,0   0:00.02 kworker+
  69388 root      20   0       0      0      0 I   0,0   0,0   0:00.64 kworker+
  69394 root      20   0       0      0      0 I   0,0   0,0   0:01.17 kworker+
  69419 root      20   0       0      0      0 I   0,0   0,0   0:01.16 kworker+
  69425 root       0 -20       0      0      0 I   0,0   0,0   0:00.04 kworker+
  69426 root      20   0       0      0      0 I   0,0   0,0   0:00.00 kworker+
  69444 root      20   0       0      0      0 I   0,0   0,0   0:00.00 kworker+
  69473 root      20   0       0      0      0 I   0,0   0,0   0:00.00 kworker+
  69495 root      20   0       0      0      0 I   0,0   0,0   0:00.00 kworker+
  69515 root      20   0       0      0      0 I   0,0   0,0   0:00.00 kworker+
  70127 root       0 -20       0      0      0 I   0,0   0,0   0:00.02 kworker+
  70128 root       0 -20       0      0      0 I   0,0   0,0   0:00.08 kworker+
  70129 root       0 -20       0      0      0 I   0,0   0,0   0:00.07 kworker+
  70138 root       0 -20       0      0      0 I   0,0   0,0   0:00.06 kworker+
  70139 root       0 -20       0      0      0 I   0,0   0,0   0:00.05 kworker+
  70140 root       0 -20       0      0      0 I   0,0   0,0   0:00.03 kworker+
  70141 root       0 -20       0      0      0 I   0,0   0,0   0:00.05 kworker+
  70145 root       0 -20       0      0      0 I   0,0   0,0   0:00.06 kworker+
  70146 root       0 -20       0      0      0 I   0,0   0,0   0:00.08 kworker+
  70147 root       0 -20       0      0      0 I   0,0   0,0   0:00.05 kworker+
  70669 anton     20   0    7456   5428   5172 S   0,0   0,0   0:00.00 bash
  72884 root       0 -20       0      0      0 I   0,0   0,0   0:00.04 kworker+
  72885 root       0 -20       0      0      0 I   0,0   0,0   0:00.02 kworker+
  72886 root       0 -20       0      0      0 I   0,0   0,0   0:00.04 kworker+
  72887 root       0 -20       0      0      0 I   0,0   0,0   0:00.00 kworker+
  73353 root      20   0       0      0      0 I   0,0   0,0   0:00.00 kworker+
  73497 anton     20   0 2450016  78100  64916 S   0,0   0,5   0:00.15 Web Con+
  73861 root      20   0       0      0      0 I   0,0   0,0   0:00.00 kworker+
  73955 anton     20   0 2450016  77764  64836 S   0,0   0,5   0:00.18 Web Con+
  74008 anton     20   0 2450016  77988  64932 S   0,0   0,5   0:00.15 Web Con+
  74182 root      20   0       0      0      0 I   0,0   0,0   0:00.00 kworker+
  74183 root      20   0       0      0      0 I   0,0   0,0   0:00.00 kworker+
  74220 root       0 -20       0      0      0 I   0,0   0,0   0:00.00 kworker+
  74315 root      20   0   14804   5308   4540 S   0,0   0,0   0:00.00 systemd+
  74316 root      20   0   14804   5496   4728 S   0,0   0,0   0:00.00 systemd+
  74318 root      20   0   14804   5592   4824 S   0,0   0,0   0:00.00 systemd+
  74938 anton     20   0    9652   6744   4824 R   0,0   0,0   0:00.01 top

top - 13:52:26 up  2:41,  2 users,  load average: 1,77, 1,64, 1,09
Tasks: 348 total,   1 running, 347 sleeping,   0 stopped,   0 zombie
%Cpu(s):  2,0 us,  1,3 sy,  0,0 ni, 96,5 id,  0,0 wa,  0,2 hi,  0,1 si,  0,0 st 
MiB Mem :  15337,5 total,    652,9 free,   9004,0 used,   6488,2 buff/cache     
MiB Swap:      0,0 total,      0,0 free,      0,0 used.   6333,5 avail Mem 

    PID USER      PR  NI    VIRT    RES    SHR S  %CPU  %MEM     TIME+ COMMAND
  17263 anton     20   0 1138,7g 501388 129424 S   7,0   3,2   4:37.19 code
  17206 anton     20   0   33,0g 272044 176460 S   2,7   1,7   1:15.07 code
  17321 anton     20   0 1132,1g 317872 165268 S   2,0   2,0   1:00.62 code
  43844 anton     20   0 3232360 582528 195280 S   2,0   3,7   0:15.44 Isolate+
   1182 anton     -2   0 3379796 569544 465808 S   1,7   3,6   3:50.30 kwin_wa+
  29228 anton     20   0   11,8g 929424 433740 S   1,3   5,9   5:09.48 firefox
   1285 anton     20   0  940560  76536  40104 S   1,0   0,5   0:18.80 Xwayland
  17169 anton     20   0 1132,3g 612144 223164 S   1,0   3,9   0:39.96 code
  29340 anton     20   0   19,2g 427884 137552 S   0,7   2,7   3:22.09 WebExte+
  37049 anton     20   0 2660752 180064 109004 S   0,7   1,1   0:18.50 Isolate+
  69388 root      20   0       0      0      0 I   0,7   0,0   0:00.66 kworker+
  74938 anton     20   0    9652   7000   5080 R   0,7   0,0   0:00.03 top
    614 root     -51   0       0      0      0 S   0,3   0,0   2:08.84 irq/92-+
  17302 anton     20   0 1132,1g 185604 160364 S   0,3   1,2   0:15.48 code
      1 root      20   0   21720  13140   9032 S   0,0   0,1   0:05.66 systemd
      2 root      20   0       0      0      0 S   0,0   0,0   0:00.02 kthreadd
      3 root      20   0       0      0      0 S   0,0   0,0   0:00.00 pool_wo+
      4 root       0 -20       0      0      0 I   0,0   0,0   0:00.00 kworker+
      5 root       0 -20       0      0      0 I   0,0   0,0   0:00.00 kworker+
      6 root       0 -20       0      0      0 I   0,0   0,0   0:00.00 kworker+
      7 root       0 -20       0      0      0 I   0,0   0,0   0:00.00 kworker+
     10 root       0 -20       0      0      0 I   0,0   0,0   0:00.00 kworker+
     13 root       0 -20       0      0      0 I   0,0   0,0   0:00.00 kworker+
     14 root      20   0       0      0      0 I   0,0   0,0   0:00.00 rcu_tas+
     15 root      20   0       0      0      0 I   0,0   0,0   0:00.00 rcu_tas+
     16 root      20   0       0      0      0 I   0,0   0,0   0:00.00 rcu_tas+
     17 root      20   0       0      0      0 S   0,0   0,0   0:00.22 ksoftir+
     18 root      -2   0       0      0      0 I   0,0   0,0   0:05.40 rcu_pre+
     19 root      -2   0       0      0      0 S   0,0   0,0   0:00.00 rcub/0
     20 root      20   0       0      0      0 S   0,0   0,0   0:00.00 rcu_exp+
     21 root      20   0       0      0      0 S   0,0   0,0   0:00.03 rcu_exp+
     22 root      rt   0       0      0      0 S   0,0   0,0   0:00.88 migrati+
     23 root     -51   0       0      0      0 S   0,0   0,0   0:00.00 idle_in+
     24 root      20   0       0      0      0 S   0,0   0,0   0:00.00 cpuhp/0
     25 root      20   0       0      0      0 S   0,0   0,0   0:00.00 cpuhp/2
     26 root     -51   0       0      0      0 S   0,0   0,0   0:00.00 idle_in+
     27 root      rt   0       0      0      0 S   0,0   0,0   0:00.74 migrati+
     28 root      20   0       0      0      0 S   0,0   0,0   0:00.12 ksoftir+
     30 root       0 -20       0      0      0 I   0,0   0,0   0:00.00 kworker+
     31 root      20   0       0      0      0 S   0,0   0,0   0:00.00 cpuhp/4
     32 root     -51   0       0      0      0 S   0,0   0,0   0:00.00 idle_in+
     33 root      rt   0       0      0      0 S   0,0   0,0   0:10.34 migrati+
     34 root      20   0       0      0      0 S   0,0   0,0   0:00.07 ksoftir+
     36 root       0 -20       0      0      0 I   0,0   0,0   0:00.00 kworker+
     37 root      20   0       0      0      0 S   0,0   0,0   0:00.00 cpuhp/6
     38 root     -51   0       0      0      0 S   0,0   0,0   0:00.00 idle_in+
     39 root      rt   0       0      0      0 S   0,0   0,0   0:02.29 migrati+
     40 root      20   0       0      0      0 S   0,0   0,0   0:00.32 ksoftir+
     42 root       0 -20       0      0      0 I   0,0   0,0   0:00.00 kworker+
     43 root      20   0       0      0      0 S   0,0   0,0   0:00.00 cpuhp/8
     44 root     -51   0       0      0      0 S   0,0   0,0   0:00.00 idle_in+
     45 root      rt   0       0      0      0 S   0,0   0,0   0:02.50 migrati+
     46 root      20   0       0      0      0 S   0,0   0,0   0:00.04 ksoftir+
     48 root       0 -20       0      0      0 I   0,0   0,0   0:00.00 kworker+
     49 root      20   0       0      0      0 S   0,0   0,0   0:00.00 cpuhp/10
     50 root     -51   0       0      0      0 S   0,0   0,0   0:00.00 idle_in+
     51 root      rt   0       0      0      0 S   0,0   0,0   0:04.11 migrati+
     52 root      20   0       0      0      0 S   0,0   0,0   0:00.03 ksoftir+
     54 root       0 -20       0      0      0 I   0,0   0,0   0:00.00 kworker+
     55 root      20   0       0      0      0 S   0,0   0,0   0:00.00 cpuhp/12
     56 root     -51   0       0      0      0 S   0,0   0,0   0:00.00 idle_in+
     57 root      rt   0       0      0      0 S   0,0   0,0   0:01.90 migrati+
     58 root      20   0       0      0      0 S   0,0   0,0   0:00.01 ksoftir+
     60 root       0 -20       0      0      0 I   0,0   0,0   0:00.00 kworker+
     61 root      20   0       0      0      0 S   0,0   0,0   0:00.00 cpuhp/14
     62 root     -51   0       0      0      0 S   0,0   0,0   0:00.00 idle_in+
     63 root      rt   0       0      0      0 S   0,0   0,0   0:01.78 migrati+
     64 root      20   0       0      0      0 S   0,0   0,0   0:00.02 ksoftir+
     66 root       0 -20       0      0      0 I   0,0   0,0   0:00.00 kworker+
     67 root      20   0       0      0      0 S   0,0   0,0   0:00.00 cpuhp/1
     68 root     -51   0       0      0      0 S   0,0   0,0   0:00.00 idle_in+
     69 root      rt   0       0      0      0 S   0,0   0,0   0:00.30 migrati+
     70 root      20   0       0      0      0 S   0,0   0,0   0:00.27 ksoftir+
     72 root       0 -20       0      0      0 I   0,0   0,0   0:00.00 kworker+
     73 root      20   0       0      0      0 S   0,0   0,0   0:00.00 cpuhp/3
     74 root     -51   0       0      0      0 S   0,0   0,0   0:00.00 idle_in+
     75 root      rt   0       0      0      0 S   0,0   0,0   0:00.44 migrati+
     76 root      20   0       0      0      0 S   0,0   0,0   0:00.09 ksoftir+
     78 root       0 -20       0      0      0 I   0,0   0,0   0:00.00 kworker+
     79 root      20   0       0      0      0 S   0,0   0,0   0:00.00 cpuhp/5
     80 root     -51   0       0      0      0 S   0,0   0,0   0:00.00 idle_in+
     81 root      rt   0       0      0      0 S   0,0   0,0   0:00.59 migrati+
     82 root      20   0       0      0      0 S   0,0   0,0   0:00.03 ksoftir+
     84 root       0 -20       0      0      0 I   0,0   0,0   0:00.00 kworker+
     85 root      20   0       0      0      0 S   0,0   0,0   0:00.00 cpuhp/7
     86 root     -51   0       0      0      0 S   0,0   0,0   0:00.00 idle_in+
     87 root      rt   0       0      0      0 S   0,0   0,0   0:01.09 migrati+
     88 root      20   0       0      0      0 S   0,0   0,0   0:00.01 ksoftir+
     90 root       0 -20       0      0      0 I   0,0   0,0   0:00.00 kworker+
     91 root      20   0       0      0      0 S   0,0   0,0   0:00.00 cpuhp/9
     92 root     -51   0       0      0      0 S   0,0   0,0   0:00.00 idle_in+
     93 root      rt   0       0      0      0 S   0,0   0,0   0:00.73 migrati+
     94 root      20   0       0      0      0 S   0,0   0,0   0:00.02 ksoftir+
     96 root       0 -20       0      0      0 I   0,0   0,0   0:00.00 kworker+
     97 root      20   0       0      0      0 S   0,0   0,0   0:00.00 cpuhp/11
     98 root     -51   0       0      0      0 S   0,0   0,0   0:00.00 idle_in+
     99 root      rt   0       0      0      0 S   0,0   0,0   0:00.58 migrati+
    100 root      20   0       0      0      0 S   0,0   0,0   0:00.00 ksoftir+
    102 root       0 -20       0      0      0 I   0,0   0,0   0:00.00 kworker+
    103 root      20   0       0      0      0 S   0,0   0,0   0:00.00 cpuhp/13
    104 root     -51   0       0      0      0 S   0,0   0,0   0:00.00 idle_in+
    105 root      rt   0       0      0      0 S   0,0   0,0   0:00.60 migrati+
    106 root      20   0       0      0      0 S   0,0   0,0   0:00.01 ksoftir+
    108 root       0 -20       0      0      0 I   0,0   0,0   0:00.00 kworker+
    109 root      20   0       0      0      0 S   0,0   0,0   0:00.00 cpuhp/15
    110 root     -51   0       0      0      0 S   0,0   0,0   0:00.00 idle_in+
    111 root      rt   0       0      0      0 S   0,0   0,0   0:00.67 migrati+
    112 root      20   0       0      0      0 S   0,0   0,0   0:00.00 ksoftir+
    114 root       0 -20       0      0      0 I   0,0   0,0   0:00.00 kworker+
    115 root      20   0       0      0      0 S   0,0   0,0   0:00.00 kdevtmp+
    116 root       0 -20       0      0      0 I   0,0   0,0   0:00.00 kworker+
    117 root      20   0       0      0      0 S   0,0   0,0   0:00.00 kauditd
    118 root      20   0       0      0      0 S   0,0   0,0   0:00.01 khungta+
    120 root      20   0       0      0      0 S   0,0   0,0   0:00.00 oom_rea+
    121 root       0 -20       0      0      0 I   0,0   0,0   0:00.00 kworker+
    122 root      20   0       0      0      0 S   0,0   0,0   0:04.03 kcompac+
    123 root      25   5       0      0      0 S   0,0   0,0   0:00.00 ksmd
    124 root      39  19       0      0      0 S   0,0   0,0   0:01.21 khugepa+
    125 root       0 -20       0      0      0 I   0,0   0,0   0:00.00 kworker+
    126 root       0 -20       0      0      0 I   0,0   0,0   0:00.00 kworker+
    127 root       0 -20       0      0      0 I   0,0   0,0   0:00.00 kworker+
    129 root     -51   0       0      0      0 S   0,0   0,0   0:00.00 irq/9-a+
    131 root       0 -20       0      0      0 I   0,0   0,0   0:00.00 kworker+
    132 root       0 -20       0      0      0 I   0,0   0,0   0:00.00 kworker+
    133 root       0 -20       0      0      0 I   0,0   0,0   0:00.00 kworker+
    134 root       0 -20       0      0      0 I   0,0   0,0   0:00.00 kworker+
    135 root     -51   0       0      0      0 S   0,0   0,0   0:00.00 watchdo+
    136 root       0 -20       0      0      0 I   0,0   0,0   0:00.03 kworker+
    137 root     -51   0       0      0      0 S   0,0   0,0   0:00.00 irq/25-+
    138 root     -51   0       0      0      0 S   0,0   0,0   0:00.00 irq/26-+
    139 root     -51   0       0      0      0 S   0,0   0,0   0:00.00 irq/27-+
    141 root      20   0       0      0      0 S   0,0   0,0   0:02.33 kswapd0
    142 root       0 -20       0      0      0 I   0,0   0,0   0:00.00 kworker+
    143 root       0 -20       0      0      0 I   0,0   0,0   0:00.00 kworker+
    144 root      20   0       0      0      0 S   0,0   0,0   0:00.00 scsi_eh+
    145 root       0 -20       0      0      0 I   0,0   0,0   0:00.00 kworker+
    146 root      20   0       0      0      0 S   0,0   0,0   0:00.00 scsi_eh+
    147 root       0 -20       0      0      0 I   0,0   0,0   0:00.00 kworker+
    149 root       0 -20       0      0      0 I   0,0   0,0   0:00.00 kworker+
    151 root       0 -20       0      0      0 I   0,0   0,0   0:00.00 kworker+
    154 root       0 -20       0      0      0 I   0,0   0,0   0:00.01 kworker+
    159 root       0 -20       0      0      0 I   0,0   0,0   0:00.00 kworker+
    161 root      20   0       0      0      0 I   0,0   0,0   0:00.09 kworker+
    162 root      20   0       0      0      0 I   0,0   0,0   0:00.03 kworker+
    166 root       0 -20       0      0      0 I   0,0   0,0   0:00.00 kworker+
    172 root     -51   0       0      0      0 S   0,0   0,0   0:00.00 irq/28-+
    173 root     -51   0       0      0      0 S   0,0   0,0   0:00.00 irq/29-+
    174 root     -51   0       0      0      0 S   0,0   0,0   0:00.00 irq/30-+
    175 root     -51   0       0      0      0 S   0,0   0,0   0:00.00 irq/31-+
    176 root     -51   0       0      0      0 S   0,0   0,0   0:00.00 irq/32-+
    177 root     -51   0       0      0      0 S   0,0   0,0   0:00.00 irq/33-+
    178 root     -51   0       0      0      0 S   0,0   0,0   0:00.00 irq/34-+
    179 root     -51   0       0      0      0 S   0,0   0,0   0:00.00 irq/35-+
    180 root     -51   0       0      0      0 S   0,0   0,0   0:00.00 irq/36-+
    181 root     -51   0       0      0      0 S   0,0   0,0  57:50.51 irq/37-+
    182 root     -51   0       0      0      0 S   0,0   0,0   0:00.01 irq/38-+
    183 root       0 -20       0      0      0 I   0,0   0,0   0:00.03 kworker+
    185 root       0 -20       0      0      0 I   0,0   0,0   0:00.02 kworker+
    187 root       0 -20       0      0      0 I   0,0   0,0   0:00.03 kworker+
    188 root       0 -20       0      0      0 I   0,0   0,0   0:00.02 kworker+
    225 root       0 -20       0      0      0 I   0,0   0,0   0:00.02 kworker+
    230 root       0 -20       0      0      0 I   0,0   0,0   0:00.00 kworker+
    237 root       0 -20       0      0      0 I   0,0   0,0   0:00.01 kworker+
    256 root      20   0       0      0      0 I   0,0   0,0   0:00.02 kworker+
    261 root       0 -20       0      0      0 I   0,0   0,0   0:00.00 kworker+
    329 root       0 -20       0      0      0 I   0,0   0,0   0:00.01 kworker+
    331 root       0 -20       0      0      0 I   0,0   0,0   0:00.00 kworker+
    333 root       0 -20       0      0      0 I   0,0   0,0   0:00.01 kworker+
    336 root       0 -20       0      0      0 I   0,0   0,0   0:00.00 kworker+
    338 root       0 -20       0      0      0 I   0,0   0,0   0:00.00 kworker+
    339 root       0 -20       0      0      0 I   0,0   0,0   0:00.01 kworker+
    364 root     -51   0       0      0      0 S   0,0   0,0   0:08.38 irq/47-+
    366 root       0 -20       0      0      0 I   0,0   0,0   0:00.00 kworker+
    379 root      20   0       0      0      0 I   0,0   0,0   0:00.04 kworker+
    380 root       0 -20       0      0      0 I   0,0   0,0   0:00.00 kworker+
    381 root       0 -20       0      0      0 I   0,0   0,0   0:00.00 kworker+
    382 root       0 -20       0      0      0 I   0,0   0,0   0:00.00 kworker+
    383 root       0 -20       0      0      0 I   0,0   0,0   0:00.00 kworker+
    384 root      20   0       0      0      0 I   0,0   0,0   0:00.16 kworker+
    390 root      20   0       0      0      0 I   0,0   0,0   0:00.12 kworker+
    391 root      20   0       0      0      0 I   0,0   0,0   0:00.07 kworker+
    420 root      20   0       0      0      0 S   0,0   0,0   0:01.02 jbd2/nv+
    421 root       0 -20       0      0      0 I   0,0   0,0   0:00.00 kworker+
    469 root      20   0   49224  18948  17752 S   0,0   0,1   0:01.63 systemd+
    500 root      20   0   14288   5788   5020 S   0,0   0,0   0:00.14 systemd+
    505 root      -2   0       0      0      0 S   0,0   0,0   0:00.00 psimon
    515 root      20   0   31268  11920   9232 S   0,0   0,1   0:00.43 systemd+
    516 root      -2   0       0      0      0 S   0,0   0,0   0:00.00 psimon
    585 root       0 -20       0      0      0 I   0,0   0,0   0:00.00 kworker+
    632 root       0 -20       0      0      0 I   0,0   0,0   0:00.00 kworker+
    639 root       0 -20       0      0      0 I   0,0   0,0   0:00.00 kworker+
    648 systemd+  20   0   89056   7076   6308 S   0,0   0,0   0:00.08 systemd+
    653 dbus      20   0    9376   5088   2832 S   0,0   0,0   0:00.43 dbus-br+
    654 dbus      20   0   11528   6844   2172 S   0,0   0,0   0:03.81 dbus-br+
    656 avahi     20   0    6224   4016   3760 S   0,0   0,0   0:00.17 avahi-d+
    657 root      20   0    9804   5196   4812 S   0,0   0,0   0:00.12 bluetoo+
    659 root      20   0  141580  50116  20228 S   0,0   0,3   0:01.00 firewal+
    660 root      20   0   15228   7840   6704 S   0,0   0,0   0:01.55 systemd+
    663 avahi     20   0    6224   1524   1264 S   0,0   0,0   0:00.00 avahi-d+
    688 root      20   0  562396  26548  21456 S   0,0   0,2   0:28.60 Network+
    726 root      20   0   16320  11084   9676 S   0,0   0,1   0:07.49 wpa_sup+
    735 root      20   0    6408   4140   4012 S   0,0   0,0   0:00.00 Outline+
    739 root      20   0  153416  18424  16376 S   0,0   0,1   0:00.02 sddm
    742 root      20   0 2388160  46552  34012 S   0,0   0,3   0:06.18 contain+
    779 polkitd   20   0  383276  11400   6908 S   0,0   0,1   0:05.86 polkitd
    789 root       0 -20       0      0      0 I   0,0   0,0   0:00.00 kworker+
    790 root       0 -20       0      0      0 I   0,0   0,0   0:00.00 kworker+
    791 root       0 -20       0      0      0 I   0,0   0,0   0:00.00 kworker+
    792 root       0 -20       0      0      0 I   0,0   0,0   0:00.00 kworker+
    793 root       0 -20       0      0      0 I   0,0   0,0   0:00.00 kworker+
    795 root     -51   0       0      0      0 S   0,0   0,0   0:00.00 card1-c+
    796 root     -51   0       0      0      0 S   0,0   0,0   0:00.00 card1-c+
    797 root     -51   0       0      0      0 S   0,0   0,0   0:00.00 card1-c+
    798 root     -51   0       0      0      0 S   0,0   0,0   0:00.00 card1-c+
    799 root      20   0 1163620  61652  29780 S   0,0   0,4   0:00.37 Xorg
    863 root      20   0 2665128  75276  48148 S   0,0   0,5   0:00.93 dockerd
   1040 root      20   0       0      0      0 I   0,0   0,0   0:00.06 kworker+
   1069 root      20   0       0      0      0 I   0,0   0,0   0:00.06 kworker+
   1118 root      20   0  307712   8644   8004 S   0,0   0,1   0:00.44 power-p+
   1124 root      20   0   77140  19308  17132 S   0,0   0,1   0:00.10 sddm-he+
   1144 anton     20   0   19944  11420   9116 S   0,0   0,1   0:01.51 systemd
   1146 anton     20   0   20448   3616   1912 S   0,0   0,0   0:00.00 (sd-pam)
   1159 anton     20   0 1439488  70172  52428 S   0,0   0,4   0:00.29 kwallet+
   1160 anton     20   0  217568  35408  30928 S   0,0   0,2   0:00.11 startpl+
   1169 anton     20   0    6944   3384   3128 S   0,0   0,0   0:00.04 dbus-br+
   1170 anton     20   0    5712   2988   2092 S   0,0   0,0   0:00.92 dbus-br+
   1177 anton     20   0  147308  15432  14024 S   0,0   0,1   0:00.02 kwin_wa+
   1181 anton     39  19  256,2g 132720 105144 S   0,0   0,8   0:09.49 baloo_f+
   1190 anton     20   0  619836  15668  13236 S   0,0   0,1   0:01.22 xdg-des+
   1191 root      20   0  467260  11912  10248 S   0,0   0,1   0:00.57 udisksd
   1200 anton     20   0  530856   6364   5852 S   0,0   0,0   0:00.12 xdg-doc+
   1205 anton     20   0  306052   5700   5316 S   0,0   0,0   0:00.15 xdg-per+
   1212 root      20   0    2560   1788   1788 S   0,0   0,0   0:00.00 fusermo+
   1219 root      20   0  316292  11052   9132 S   0,0   0,1   0:00.88 upowerd
   1221 rtkit     21   1   20516   3016   2888 S   0,0   0,0   0:00.13 rtkit-d+
   1244 anton      9 -11  170960  16844   9712 S   0,0   0,1   0:00.21 pipewire
   1245 anton      9 -11  480436  18584  14616 S   0,0   0,1   0:00.58 wireplu+
   1277 root      10 -10       0      0      0 S   0,0   0,0   0:00.00 krfcommd
   1302 anton     20   0  379160   6412   5900 S   0,0   0,0   0:00.07 at-spi-+
   1313 anton     20   0    6812   3176   2920 S   0,0   0,0   0:00.00 dbus-br+
   1317 anton     20   0    4096   2240   2112 S   0,0   0,0   0:00.00 dbus-br+
   1325 anton     20   0 1159344  65032  48124 S   0,0   0,4   0:00.81 ksmserv+
   1327 anton     20   0 1846044 102128  75228 S   0,0   0,7   0:04.76 kded6
   1385 anton     20   0  229084   5460   5076 S   0,0   0,0   0:00.01 dconf-s+
   1402 anton     20   0 6269536 522780 171044 S   0,0   3,3   0:57.10 plasmas+
   1403 anton     20   0  232400   6348   5836 S   0,0   0,0   0:00.02 at-spi2+
   1414 anton      9 -11  184464  14800   8928 S   0,0   0,1   0:00.14 pipewir+
   1446 anton     20   0 1411652  58076  44912 S   0,0   0,4   0:01.16 kactivi+
   1449 anton     20   0 1079252  41060  29228 S   0,0   0,3   0:00.62 gmenudb+
   1450 anton     20   0 1159532  67172  50616 S   0,0   0,4   0:00.86 kaccess
   1451 anton     20   0 1433020  67280  52236 S   0,0   0,4   0:00.30 polkit-+
   1452 anton     20   0 1800516  71552  55672 S   0,0   0,5   0:02.80 org_kde+
   1454 anton     20   0 1832812  81060  57280 S   0,0   0,5   0:01.08 xdg-des+
   1455 anton     20   0 1078648  40144  28496 S   0,0   0,3   0:00.63 xembeds+
   1518 anton     20   0    7952   4480   4096 S   0,0   0,0   0:00.00 xsettin+
   1678 anton     20   0   36,8g 171468 111272 S   0,0   1,1   0:02.94 outline+
   1680 anton     20   0  661656  81984  50332 S   0,0   0,5   0:01.67 firewal+
   1682 anton     20   0 1632528  82980  64320 S   0,0   0,5   0:00.54 kdeconn+
   1687 anton     20   0 1774432  82412  56324 S   0,0   0,5   0:00.98 xwaylan+
   1695 anton     20   0   11588   1908   1600 S   0,0   0,0   0:02.44 Outline+
   1703 anton     20   0  309848   6376   5992 S   0,0   0,0   0:00.02 agent
   1862 anton     20   0 1883692 204684 176424 S   0,0   1,3   2:29.65 konsole
   1864 anton     20   0 1830620 168488 142176 S   0,0   1,1   0:34.46 konsole
   1867 anton     20   0 2862144   1,1g 397704 S   0,0   7,6   0:34.94 telegra+
   2033 anton     20   0   32,4g  56620  44716 S   0,0   0,4   0:00.13 outline+
   2039 anton     20   0   32,4g  56704  44672 S   0,0   0,4   0:00.13 outline+
   2109 anton     20   0   32,4g  14452   1928 S   0,0   0,1   0:00.00 outline+
   2172 anton     20   0    9096   7656   5736 S   0,0   0,0   0:00.04 bash
   2174 anton     20   0    9360   7816   5640 S   0,0   0,0   0:00.46 bash
   2321 anton     20   0   32,0g   2940   2684 S   0,0   0,0   0:00.00 chrome_+
   3170 anton     20   0   32,7g  96916  51996 S   0,0   0,6   0:00.85 outline+
   3234 anton     20   0   32,5g  77204  64024 S   0,0   0,5   0:00.68 outline+
   3266 anton     20   0   40,7g 164760 110548 S   0,0   1,0   0:01.89 outline+
   5984 root      20   0  155304   5308   5052 S   0,0   0,0   0:00.19 gpg-age+
   6727 root      20   0       0      0      0 I   0,0   0,0   0:00.45 kworker+
  15083 root      -2   0       0      0      0 S   0,0   0,0   0:00.00 psimon
  17172 anton     20   0   32,7g 138048 125888 S   0,0   0,9   0:00.09 code
  17173 anton     20   0   32,7g 137632 125472 S   0,0   0,9   0:00.08 code
  17175 anton     20   0   32,7g  15700   3484 S   0,0   0,1   0:00.04 code
  17189 anton     20   0   32,0g   3132   2876 S   0,0   0,0   0:00.00 chrome_+
  17210 anton     20   0   32,5g 160660 146252 S   0,0   1,0   0:09.44 code
  17301 anton     20   0 1132,1g 218536 158960 S   0,0   1,4   0:30.45 code
  18011 root      20   0       0      0      0 I   0,0   0,0   0:00.00 kworker+
  21176 root      20   0       0      0      0 I   0,0   0,0   0:00.10 kworker+
  24654 root      20   0       0      0      0 I   0,0   0,0   0:05.21 kworker+
  26328 anton     20   0  254392 205048  21560 S   0,0   1,3   1:08.21 cpptools
  29328 anton     20   0  251436  36552  27848 S   0,0   0,2   0:00.06 Socket +
  29370 anton     20   0 2715872 198548 133004 S   0,0   1,3   0:07.62 Privile+
  29478 anton     20   0  509500  48952  38328 S   0,0   0,3   0:00.17 Utility+
  29527 anton     20   0 2772976 267516 122976 S   0,0   1,7   0:17.35 Isolate+
  29612 anton     20   0 7254532 391364 119220 S   0,0   2,5   1:08.96 Isolate+
  29681 anton     20   0 2664500 157192  98492 S   0,0   1,0   0:04.95 Isolate+
  33039 anton     20   0 1132,0g 184540 149332 S   0,0   1,2   0:01.19 code
  40382 anton     20   0 1132,0g 165764 145320 S   0,0   1,1   0:00.84 code
  42178 anton     20   0  257,4g 162208 145036 S   0,0   1,0   0:00.16 balooru+
  42587 root      20   0       0      0      0 I   0,0   0,0   0:00.09 kworker+
  43016 root      20   0       0      0      0 I   0,0   0,0   0:00.16 kworker+
  43162 root      20   0       0      0      0 I   0,0   0,0   0:00.03 kworker+
  43321 anton     20   0  558164  52416  41324 S   0,0   0,3   0:00.20 RDD Pro+
  43643 anton     20   0 2919680 342224 124944 S   0,0   2,2   0:50.21 Isolate+
  46992 root      20   0       0      0      0 I   0,0   0,0   0:00.00 kworker+
  57310 root      20   0       0      0      0 I   0,0   0,0   0:00.01 kworker+
  60768 root      20   0       0      0      0 I   0,0   0,0   0:00.00 kworker+
  61195 root      20   0       0      0      0 I   0,0   0,0   0:01.19 kworker+
  61511 root      20   0       0      0      0 I   0,0   0,0   0:00.08 kworker+
  63870 root      20   0       0      0      0 I   0,0   0,0   0:00.06 kworker+
  64970 root      20   0       0      0      0 I   0,0   0,0   0:00.00 kworker+
  64971 root       0 -20       0      0      0 I   0,0   0,0   0:00.10 kworker+
  66033 root      20   0       0      0      0 I   0,0   0,0   0:00.01 kworker+
  66077 root      20   0       0      0      0 I   0,0   0,0   0:00.00 kworker+
  66099 root      20   0       0      0      0 I   0,0   0,0   0:00.01 kworker+
  66118 root       0 -20       0      0      0 I   0,0   0,0   0:00.04 kworker+
  66126 root      20   0       0      0      0 I   0,0   0,0   0:00.01 kworker+
  67885 root      20   0       0      0      0 I   0,0   0,0   0:00.02 kworker+
  69394 root      20   0       0      0      0 I   0,0   0,0   0:01.17 kworker+
  69419 root      20   0       0      0      0 I   0,0   0,0   0:01.16 kworker+
  69425 root       0 -20       0      0      0 I   0,0   0,0   0:00.04 kworker+
  69426 root      20   0       0      0      0 I   0,0   0,0   0:00.00 kworker+
  69444 root      20   0       0      0      0 I   0,0   0,0   0:00.00 kworker+
  69473 root      20   0       0      0      0 I   0,0   0,0   0:00.00 kworker+
  69495 root      20   0       0      0      0 I   0,0   0,0   0:00.00 kworker+
  69515 root      20   0       0      0      0 I   0,0   0,0   0:00.00 kworker+
  70127 root       0 -20       0      0      0 I   0,0   0,0   0:00.02 kworker+
  70128 root       0 -20       0      0      0 I   0,0   0,0   0:00.08 kworker+
  70129 root       0 -20       0      0      0 I   0,0   0,0   0:00.07 kworker+
  70138 root       0 -20       0      0      0 I   0,0   0,0   0:00.06 kworker+
  70139 root       0 -20       0      0      0 I   0,0   0,0   0:00.05 kworker+
  70140 root       0 -20       0      0      0 I   0,0   0,0   0:00.03 kworker+
  70141 root       0 -20       0      0      0 I   0,0   0,0   0:00.05 kworker+
  70145 root       0 -20       0      0      0 I   0,0   0,0   0:00.06 kworker+
  70146 root       0 -20       0      0      0 I   0,0   0,0   0:00.08 kworker+
  70147 root       0 -20       0      0      0 I   0,0   0,0   0:00.05 kworker+
  70669 anton     20   0    7456   5428   5172 S   0,0   0,0   0:00.00 bash
  72884 root       0 -20       0      0      0 I   0,0   0,0   0:00.04 kworker+
  72885 root       0 -20       0      0      0 I   0,0   0,0   0:00.02 kworker+
  72886 root       0 -20       0      0      0 I   0,0   0,0   0:00.04 kworker+
  72887 root       0 -20       0      0      0 I   0,0   0,0   0:00.00 kworker+
  73353 root      20   0       0      0      0 I   0,0   0,0   0:00.00 kworker+
  73497 anton     20   0 2450016  78100  64916 S   0,0   0,5   0:00.15 Web Con+
  73861 root      20   0       0      0      0 I   0,0   0,0   0:00.00 kworker+
  73955 anton     20   0 2450016  77764  64836 S   0,0   0,5   0:00.18 Web Con+
  74008 anton     20   0 2450016  77988  64932 S   0,0   0,5   0:00.15 Web Con+
  74182 root      20   0       0      0      0 I   0,0   0,0   0:00.00 kworker+
  74183 root      20   0       0      0      0 I   0,0   0,0   0:00.00 kworker+
  74220 root       0 -20       0      0      0 I   0,0   0,0   0:00.00 kworker+
  74315 root      20   0   14804   5308   4540 S   0,0   0,0   0:00.00 systemd+
  74316 root      20   0   14804   5496   4728 S   0,0   0,0   0:00.00 systemd+
  74318 root      20   0   14804   5592   4824 S   0,0   0,0   0:00.00 systemd+

top - 13:52:29 up  2:41,  2 users,  load average: 1,63, 1,62, 1,08
Tasks: 348 total,   1 running, 347 sleeping,   0 stopped,   0 zombie
%Cpu(s):  1,7 us,  0,9 sy,  0,2 ni, 96,9 id,  0,1 wa,  0,1 hi,  0,1 si,  0,0 st 
MiB Mem :  15337,5 total,    646,1 free,   9010,7 used,   6488,2 buff/cache     
MiB Swap:      0,0 total,      0,0 free,      0,0 used.   6326,8 avail Mem 

    PID USER      PR  NI    VIRT    RES    SHR S  %CPU  %MEM     TIME+ COMMAND
  43844 anton     20   0 3231336 578408 195280 S   9,6   3,7   0:15.73 Isolate+
  17263 anton     20   0 1138,7g 503348 129424 S   8,9   3,2   4:37.46 code
  17206 anton     20   0   33,0g 272172 176460 S   2,3   1,7   1:15.14 code
   1182 anton     -2   0 3379796 569544 465808 S   1,7   3,6   3:50.35 kwin_wa+
  17321 anton     20   0 1132,1g 317740 165268 S   1,7   2,0   1:00.67 code
  17169 anton     20   0 1132,3g 612144 223164 S   1,3   3,9   0:40.00 code
  29228 anton     20   0   11,8g 930064 433740 S   1,0   5,9   5:09.51 firefox
  29340 anton     20   0   19,2g 428012 137552 S   1,0   2,7   3:22.12 WebExte+
    614 root     -51   0       0      0      0 S   0,7   0,0   2:08.86 irq/92-+
   1285 anton     20   0  940560  76536  40104 S   0,7   0,5   0:18.82 Xwayland
  29612 anton     20   0 7254532 391492 119220 S   0,7   2,5   1:08.98 Isolate+
  69388 root      20   0       0      0      0 I   0,7   0,0   0:00.68 kworker+
     18 root      -2   0       0      0      0 I   0,3   0,0   0:05.41 rcu_pre+
   1302 anton     20   0  379160   6412   5900 S   0,3   0,0   0:00.08 at-spi-+
  29527 anton     20   0 2772976 267516 122976 S   0,3   1,7   0:17.36 Isolate+
  43643 anton     20   0 2919680 342352 124944 S   0,3   2,2   0:50.22 Isolate+
  69419 root      20   0       0      0      0 I   0,3   0,0   0:01.17 kworker+
      1 root      20   0   21720  13140   9032 S   0,0   0,1   0:05.66 systemd
      2 root      20   0       0      0      0 S   0,0   0,0   0:00.02 kthreadd
      3 root      20   0       0      0      0 S   0,0   0,0   0:00.00 pool_wo+
      4 root       0 -20       0      0      0 I   0,0   0,0   0:00.00 kworker+
      5 root       0 -20       0      0      0 I   0,0   0,0   0:00.00 kworker+
      6 root       0 -20       0      0      0 I   0,0   0,0   0:00.00 kworker+
      7 root       0 -20       0      0      0 I   0,0   0,0   0:00.00 kworker+
     10 root       0 -20       0      0      0 I   0,0   0,0   0:00.00 kworker+
     13 root       0 -20       0      0      0 I   0,0   0,0   0:00.00 kworker+
     14 root      20   0       0      0      0 I   0,0   0,0   0:00.00 rcu_tas+
     15 root      20   0       0      0      0 I   0,0   0,0   0:00.00 rcu_tas+
     16 root      20   0       0      0      0 I   0,0   0,0   0:00.00 rcu_tas+
     17 root      20   0       0      0      0 S   0,0   0,0   0:00.22 ksoftir+
     19 root      -2   0       0      0      0 S   0,0   0,0   0:00.00 rcub/0
     20 root      20   0       0      0      0 S   0,0   0,0   0:00.00 rcu_exp+
     21 root      20   0       0      0      0 S   0,0   0,0   0:00.03 rcu_exp+
     22 root      rt   0       0      0      0 S   0,0   0,0   0:00.88 migrati+
     23 root     -51   0       0      0      0 S   0,0   0,0   0:00.00 idle_in+
     24 root      20   0       0      0      0 S   0,0   0,0   0:00.00 cpuhp/0
     25 root      20   0       0      0      0 S   0,0   0,0   0:00.00 cpuhp/2
     26 root     -51   0       0      0      0 S   0,0   0,0   0:00.00 idle_in+
     27 root      rt   0       0      0      0 S   0,0   0,0   0:00.74 migrati+
     28 root      20   0       0      0      0 S   0,0   0,0   0:00.12 ksoftir+
     30 root       0 -20       0      0      0 I   0,0   0,0   0:00.00 kworker+
     31 root      20   0       0      0      0 S   0,0   0,0   0:00.00 cpuhp/4
     32 root     -51   0       0      0      0 S   0,0   0,0   0:00.00 idle_in+
     33 root      rt   0       0      0      0 S   0,0   0,0   0:10.34 migrati+
     34 root      20   0       0      0      0 S   0,0   0,0   0:00.07 ksoftir+
     36 root       0 -20       0      0      0 I   0,0   0,0   0:00.00 kworker+
     37 root      20   0       0      0      0 S   0,0   0,0   0:00.00 cpuhp/6
     38 root     -51   0       0      0      0 S   0,0   0,0   0:00.00 idle_in+
     39 root      rt   0       0      0      0 S   0,0   0,0   0:02.29 migrati+
     40 root      20   0       0      0      0 S   0,0   0,0   0:00.32 ksoftir+
     42 root       0 -20       0      0      0 I   0,0   0,0   0:00.00 kworker+
     43 root      20   0       0      0      0 S   0,0   0,0   0:00.00 cpuhp/8
     44 root     -51   0       0      0      0 S   0,0   0,0   0:00.00 idle_in+
     45 root      rt   0       0      0      0 S   0,0   0,0   0:02.50 migrati+
     46 root      20   0       0      0      0 S   0,0   0,0   0:00.04 ksoftir+
     48 root       0 -20       0      0      0 I   0,0   0,0   0:00.00 kworker+
     49 root      20   0       0      0      0 S   0,0   0,0   0:00.00 cpuhp/10
     50 root     -51   0       0      0      0 S   0,0   0,0   0:00.00 idle_in+
     51 root      rt   0       0      0      0 S   0,0   0,0   0:04.11 migrati+
     52 root      20   0       0      0      0 S   0,0   0,0   0:00.03 ksoftir+
     54 root       0 -20       0      0      0 I   0,0   0,0   0:00.00 kworker+
     55 root      20   0       0      0      0 S   0,0   0,0   0:00.00 cpuhp/12
     56 root     -51   0       0      0      0 S   0,0   0,0   0:00.00 idle_in+
     57 root      rt   0       0      0      0 S   0,0   0,0   0:01.90 migrati+
     58 root      20   0       0      0      0 S   0,0   0,0   0:00.01 ksoftir+
     60 root       0 -20       0      0      0 I   0,0   0,0   0:00.00 kworker+
     61 root      20   0       0      0      0 S   0,0   0,0   0:00.00 cpuhp/14
     62 root     -51   0       0      0      0 S   0,0   0,0   0:00.00 idle_in+
     63 root      rt   0       0      0      0 S   0,0   0,0   0:01.78 migrati+
     64 root      20   0       0      0      0 S   0,0   0,0   0:00.02 ksoftir+
     66 root       0 -20       0      0      0 I   0,0   0,0   0:00.00 kworker+
     67 root      20   0       0      0      0 S   0,0   0,0   0:00.00 cpuhp/1
     68 root     -51   0       0      0      0 S   0,0   0,0   0:00.00 idle_in+
     69 root      rt   0       0      0      0 S   0,0   0,0   0:00.30 migrati+
     70 root      20   0       0      0      0 S   0,0   0,0   0:00.27 ksoftir+
     72 root       0 -20       0      0      0 I   0,0   0,0   0:00.00 kworker+
     73 root      20   0       0      0      0 S   0,0   0,0   0:00.00 cpuhp/3
     74 root     -51   0       0      0      0 S   0,0   0,0   0:00.00 idle_in+
     75 root      rt   0       0      0      0 S   0,0   0,0   0:00.44 migrati+
     76 root      20   0       0      0      0 S   0,0   0,0   0:00.09 ksoftir+
     78 root       0 -20       0      0      0 I   0,0   0,0   0:00.00 kworker+
     79 root      20   0       0      0      0 S   0,0   0,0   0:00.00 cpuhp/5
     80 root     -51   0       0      0      0 S   0,0   0,0   0:00.00 idle_in+
     81 root      rt   0       0      0      0 S   0,0   0,0   0:00.59 migrati+
     82 root      20   0       0      0      0 S   0,0   0,0   0:00.03 ksoftir+
     84 root       0 -20       0      0      0 I   0,0   0,0   0:00.00 kworker+
     85 root      20   0       0      0      0 S   0,0   0,0   0:00.00 cpuhp/7
     86 root     -51   0       0      0      0 S   0,0   0,0   0:00.00 idle_in+
     87 root      rt   0       0      0      0 S   0,0   0,0   0:01.09 migrati+
     88 root      20   0       0      0      0 S   0,0   0,0   0:00.01 ksoftir+
     90 root       0 -20       0      0      0 I   0,0   0,0   0:00.00 kworker+
     91 root      20   0       0      0      0 S   0,0   0,0   0:00.00 cpuhp/9
     92 root     -51   0       0      0      0 S   0,0   0,0   0:00.00 idle_in+
     93 root      rt   0       0      0      0 S   0,0   0,0   0:00.73 migrati+
     94 root      20   0       0      0      0 S   0,0   0,0   0:00.02 ksoftir+
     96 root       0 -20       0      0      0 I   0,0   0,0   0:00.00 kworker+
     97 root      20   0       0      0      0 S   0,0   0,0   0:00.00 cpuhp/11
     98 root     -51   0       0      0      0 S   0,0   0,0   0:00.00 idle_in+
     99 root      rt   0       0      0      0 S   0,0   0,0   0:00.58 migrati+
    100 root      20   0       0      0      0 S   0,0   0,0   0:00.00 ksoftir+
    102 root       0 -20       0      0      0 I   0,0   0,0   0:00.00 kworker+
    103 root      20   0       0      0      0 S   0,0   0,0   0:00.00 cpuhp/13
    104 root     -51   0       0      0      0 S   0,0   0,0   0:00.00 idle_in+
    105 root      rt   0       0      0      0 S   0,0   0,0   0:00.60 migrati+
    106 root      20   0       0      0      0 S   0,0   0,0   0:00.01 ksoftir+
    108 root       0 -20       0      0      0 I   0,0   0,0   0:00.00 kworker+
    109 root      20   0       0      0      0 S   0,0   0,0   0:00.00 cpuhp/15
    110 root     -51   0       0      0      0 S   0,0   0,0   0:00.00 idle_in+
    111 root      rt   0       0      0      0 S   0,0   0,0   0:00.67 migrati+
    112 root      20   0       0      0      0 S   0,0   0,0   0:00.00 ksoftir+
    114 root       0 -20       0      0      0 I   0,0   0,0   0:00.00 kworker+
    115 root      20   0       0      0      0 S   0,0   0,0   0:00.00 kdevtmp+
    116 root       0 -20       0      0      0 I   0,0   0,0   0:00.00 kworker+
    117 root      20   0       0      0      0 S   0,0   0,0   0:00.00 kauditd
    118 root      20   0       0      0      0 S   0,0   0,0   0:00.01 khungta+
    120 root      20   0       0      0      0 S   0,0   0,0   0:00.00 oom_rea+
    121 root       0 -20       0      0      0 I   0,0   0,0   0:00.00 kworker+
    122 root      20   0       0      0      0 S   0,0   0,0   0:04.03 kcompac+
    123 root      25   5       0      0      0 S   0,0   0,0   0:00.00 ksmd
    124 root      39  19       0      0      0 S   0,0   0,0   0:01.21 khugepa+
    125 root       0 -20       0      0      0 I   0,0   0,0   0:00.00 kworker+
    126 root       0 -20       0      0      0 I   0,0   0,0   0:00.00 kworker+
    127 root       0 -20       0      0      0 I   0,0   0,0   0:00.00 kworker+
    129 root     -51   0       0      0      0 S   0,0   0,0   0:00.00 irq/9-a+
    131 root       0 -20       0      0      0 I   0,0   0,0   0:00.00 kworker+
    132 root       0 -20       0      0      0 I   0,0   0,0   0:00.00 kworker+
    133 root       0 -20       0      0      0 I   0,0   0,0   0:00.00 kworker+
    134 root       0 -20       0      0      0 I   0,0   0,0   0:00.00 kworker+
    135 root     -51   0       0      0      0 S   0,0   0,0   0:00.00 watchdo+
    136 root       0 -20       0      0      0 I   0,0   0,0   0:00.03 kworker+
    137 root     -51   0       0      0      0 S   0,0   0,0   0:00.00 irq/25-+
    138 root     -51   0       0      0      0 S   0,0   0,0   0:00.00 irq/26-+
    139 root     -51   0       0      0      0 S   0,0   0,0   0:00.00 irq/27-+
    141 root      20   0       0      0      0 S   0,0   0,0   0:02.33 kswapd0
    142 root       0 -20       0      0      0 I   0,0   0,0   0:00.00 kworker+
    143 root       0 -20       0      0      0 I   0,0   0,0   0:00.00 kworker+
    144 root      20   0       0      0      0 S   0,0   0,0   0:00.00 scsi_eh+
    145 root       0 -20       0      0      0 I   0,0   0,0   0:00.00 kworker+
    146 root      20   0       0      0      0 S   0,0   0,0   0:00.00 scsi_eh+
    147 root       0 -20       0      0      0 I   0,0   0,0   0:00.00 kworker+
    149 root       0 -20       0      0      0 I   0,0   0,0   0:00.00 kworker+
    151 root       0 -20       0      0      0 I   0,0   0,0   0:00.00 kworker+
    154 root       0 -20       0      0      0 I   0,0   0,0   0:00.01 kworker+
    159 root       0 -20       0      0      0 I   0,0   0,0   0:00.00 kworker+
    161 root      20   0       0      0      0 I   0,0   0,0   0:00.09 kworker+
    162 root      20   0       0      0      0 I   0,0   0,0   0:00.03 kworker+
    166 root       0 -20       0      0      0 I   0,0   0,0   0:00.00 kworker+
    172 root     -51   0       0      0      0 S   0,0   0,0   0:00.00 irq/28-+
    173 root     -51   0       0      0      0 S   0,0   0,0   0:00.00 irq/29-+
    174 root     -51   0       0      0      0 S   0,0   0,0   0:00.00 irq/30-+
    175 root     -51   0       0      0      0 S   0,0   0,0   0:00.00 irq/31-+
    176 root     -51   0       0      0      0 S   0,0   0,0   0:00.00 irq/32-+
    177 root     -51   0       0      0      0 S   0,0   0,0   0:00.00 irq/33-+
    178 root     -51   0       0      0      0 S   0,0   0,0   0:00.00 irq/34-+
    179 root     -51   0       0      0      0 S   0,0   0,0   0:00.00 irq/35-+
    180 root     -51   0       0      0      0 S   0,0   0,0   0:00.00 irq/36-+
    181 root     -51   0       0      0      0 S   0,0   0,0  57:50.51 irq/37-+
    182 root     -51   0       0      0      0 S   0,0   0,0   0:00.01 irq/38-+
    183 root       0 -20       0      0      0 I   0,0   0,0   0:00.03 kworker+
    185 root       0 -20       0      0      0 I   0,0   0,0   0:00.02 kworker+
    187 root       0 -20       0      0      0 I   0,0   0,0   0:00.03 kworker+
    188 root       0 -20       0      0      0 I   0,0   0,0   0:00.02 kworker+
    225 root       0 -20       0      0      0 I   0,0   0,0   0:00.02 kworker+
    230 root       0 -20       0      0      0 I   0,0   0,0   0:00.00 kworker+
    237 root       0 -20       0      0      0 I   0,0   0,0   0:00.01 kworker+
    256 root      20   0       0      0      0 I   0,0   0,0   0:00.02 kworker+
    261 root       0 -20       0      0      0 I   0,0   0,0   0:00.00 kworker+
    329 root       0 -20       0      0      0 I   0,0   0,0   0:00.01 kworker+
    331 root       0 -20       0      0      0 I   0,0   0,0   0:00.00 kworker+
    333 root       0 -20       0      0      0 I   0,0   0,0   0:00.01 kworker+
    336 root       0 -20       0      0      0 I   0,0   0,0   0:00.00 kworker+
    338 root       0 -20       0      0      0 I   0,0   0,0   0:00.00 kworker+
    339 root       0 -20       0      0      0 I   0,0   0,0   0:00.01 kworker+
    364 root     -51   0       0      0      0 S   0,0   0,0   0:08.38 irq/47-+
    366 root       0 -20       0      0      0 I   0,0   0,0   0:00.00 kworker+
    379 root      20   0       0      0      0 I   0,0   0,0   0:00.04 kworker+
    380 root       0 -20       0      0      0 I   0,0   0,0   0:00.00 kworker+
    381 root       0 -20       0      0      0 I   0,0   0,0   0:00.00 kworker+
    382 root       0 -20       0      0      0 I   0,0   0,0   0:00.00 kworker+
    383 root       0 -20       0      0      0 I   0,0   0,0   0:00.00 kworker+
    384 root      20   0       0      0      0 I   0,0   0,0   0:00.16 kworker+
    390 root      20   0       0      0      0 I   0,0   0,0   0:00.12 kworker+
    391 root      20   0       0      0      0 I   0,0   0,0   0:00.07 kworker+
    420 root      20   0       0      0      0 S   0,0   0,0   0:01.02 jbd2/nv+
    421 root       0 -20       0      0      0 I   0,0   0,0   0:00.00 kworker+
    469 root      20   0   49224  18948  17752 S   0,0   0,1   0:01.63 systemd+
    500 root      20   0   14288   5788   5020 S   0,0   0,0   0:00.14 systemd+
    505 root      -2   0       0      0      0 S   0,0   0,0   0:00.00 psimon
    515 root      20   0   31268  11920   9232 S   0,0   0,1   0:00.43 systemd+
    516 root      -2   0       0      0      0 S   0,0   0,0   0:00.00 psimon
    585 root       0 -20       0      0      0 I   0,0   0,0   0:00.00 kworker+
    632 root       0 -20       0      0      0 I   0,0   0,0   0:00.00 kworker+
    639 root       0 -20       0      0      0 I   0,0   0,0   0:00.00 kworker+
    648 systemd+  20   0   89056   7076   6308 S   0,0   0,0   0:00.08 systemd+
    653 dbus      20   0    9376   5088   2832 S   0,0   0,0   0:00.43 dbus-br+
    654 dbus      20   0   11528   6844   2172 S   0,0   0,0   0:03.81 dbus-br+
    656 avahi     20   0    6224   4016   3760 S   0,0   0,0   0:00.17 avahi-d+
    657 root      20   0    9804   5196   4812 S   0,0   0,0   0:00.12 bluetoo+
    659 root      20   0  141580  50116  20228 S   0,0   0,3   0:01.00 firewal+
    660 root      20   0   15228   7840   6704 S   0,0   0,0   0:01.55 systemd+
    663 avahi     20   0    6224   1524   1264 S   0,0   0,0   0:00.00 avahi-d+
    688 root      20   0  562396  26548  21456 S   0,0   0,2   0:28.60 Network+
    726 root      20   0   16320  11084   9676 S   0,0   0,1   0:07.49 wpa_sup+
    735 root      20   0    6408   4140   4012 S   0,0   0,0   0:00.00 Outline+
    739 root      20   0  153416  18424  16376 S   0,0   0,1   0:00.02 sddm
    742 root      20   0 2388160  46552  34012 S   0,0   0,3   0:06.18 contain+
    779 polkitd   20   0  383276  11400   6908 S   0,0   0,1   0:05.86 polkitd
    789 root       0 -20       0      0      0 I   0,0   0,0   0:00.00 kworker+
    790 root       0 -20       0      0      0 I   0,0   0,0   0:00.00 kworker+
    791 root       0 -20       0      0      0 I   0,0   0,0   0:00.00 kworker+
    792 root       0 -20       0      0      0 I   0,0   0,0   0:00.00 kworker+
    793 root       0 -20       0      0      0 I   0,0   0,0   0:00.00 kworker+
    795 root     -51   0       0      0      0 S   0,0   0,0   0:00.00 card1-c+
    796 root     -51   0       0      0      0 S   0,0   0,0   0:00.00 card1-c+
    797 root     -51   0       0      0      0 S   0,0   0,0   0:00.00 card1-c+
    798 root     -51   0       0      0      0 S   0,0   0,0   0:00.00 card1-c+
    799 root      20   0 1163620  61652  29780 S   0,0   0,4   0:00.37 Xorg
    863 root      20   0 2665128  75276  48148 S   0,0   0,5   0:00.93 dockerd
   1040 root      20   0       0      0      0 I   0,0   0,0   0:00.06 kworker+
   1069 root      20   0       0      0      0 I   0,0   0,0   0:00.06 kworker+
   1118 root      20   0  307712   8644   8004 S   0,0   0,1   0:00.44 power-p+
   1124 root      20   0   77140  19308  17132 S   0,0   0,1   0:00.10 sddm-he+
   1144 anton     20   0   19944  11420   9116 S   0,0   0,1   0:01.51 systemd
   1146 anton     20   0   20448   3616   1912 S   0,0   0,0   0:00.00 (sd-pam)
   1159 anton     20   0 1439488  70172  52428 S   0,0   0,4   0:00.29 kwallet+
   1160 anton     20   0  217568  35408  30928 S   0,0   0,2   0:00.11 startpl+
   1169 anton     20   0    6944   3384   3128 S   0,0   0,0   0:00.04 dbus-br+
   1170 anton     20   0    5712   2988   2092 S   0,0   0,0   0:00.92 dbus-br+
   1177 anton     20   0  147308  15432  14024 S   0,0   0,1   0:00.02 kwin_wa+
   1181 anton     39  19  256,2g 132720 105144 S   0,0   0,8   0:09.49 baloo_f+
   1190 anton     20   0  619836  15668  13236 S   0,0   0,1   0:01.22 xdg-des+
   1191 root      20   0  467260  11912  10248 S   0,0   0,1   0:00.57 udisksd
   1200 anton     20   0  530856   6364   5852 S   0,0   0,0   0:00.12 xdg-doc+
   1205 anton     20   0  306052   5700   5316 S   0,0   0,0   0:00.15 xdg-per+
   1212 root      20   0    2560   1788   1788 S   0,0   0,0   0:00.00 fusermo+
   1219 root      20   0  316292  11052   9132 S   0,0   0,1   0:00.88 upowerd
   1221 rtkit     21   1   20516   3016   2888 S   0,0   0,0   0:00.13 rtkit-d+
   1244 anton      9 -11  170960  16844   9712 S   0,0   0,1   0:00.21 pipewire
   1245 anton      9 -11  480436  18584  14616 S   0,0   0,1   0:00.58 wireplu+
   1277 root      10 -10       0      0      0 S   0,0   0,0   0:00.00 krfcommd
   1313 anton     20   0    6812   3176   2920 S   0,0   0,0   0:00.00 dbus-br+
   1317 anton     20   0    4096   2240   2112 S   0,0   0,0   0:00.00 dbus-br+
   1325 anton     20   0 1159344  65032  48124 S   0,0   0,4   0:00.81 ksmserv+
   1327 anton     20   0 1846044 102128  75228 S   0,0   0,7   0:04.76 kded6
   1385 anton     20   0  229084   5460   5076 S   0,0   0,0   0:00.01 dconf-s+
   1402 anton     20   0 6269536 530716 171044 S   0,0   3,4   0:57.10 plasmas+
   1403 anton     20   0  232400   6348   5836 S   0,0   0,0   0:00.02 at-spi2+
   1414 anton      9 -11  184464  14800   8928 S   0,0   0,1   0:00.14 pipewir+
   1446 anton     20   0 1411652  58076  44912 S   0,0   0,4   0:01.16 kactivi+
   1449 anton     20   0 1079252  41060  29228 S   0,0   0,3   0:00.62 gmenudb+
   1450 anton     20   0 1159532  67172  50616 S   0,0   0,4   0:00.86 kaccess
   1451 anton     20   0 1433020  67280  52236 S   0,0   0,4   0:00.30 polkit-+
   1452 anton     20   0 1800516  71552  55672 S   0,0   0,5   0:02.80 org_kde+
   1454 anton     20   0 1832812  81060  57280 S   0,0   0,5   0:01.08 xdg-des+
   1455 anton     20   0 1078648  40144  28496 S   0,0   0,3   0:00.63 xembeds+
   1518 anton     20   0    7952   4480   4096 S   0,0   0,0   0:00.00 xsettin+
   1678 anton     20   0   36,8g 171468 111272 S   0,0   1,1   0:02.94 outline+
   1680 anton     20   0  661656  81984  50332 S   0,0   0,5   0:01.67 firewal+
   1682 anton     20   0 1632528  82980  64320 S   0,0   0,5   0:00.54 kdeconn+
   1687 anton     20   0 1774432  82412  56324 S   0,0   0,5   0:00.98 xwaylan+
   1695 anton     20   0   11588   1908   1600 S   0,0   0,0   0:02.44 Outline+
   1703 anton     20   0  309848   6376   5992 S   0,0   0,0   0:00.02 agent
   1862 anton     20   0 1883692 204684 176424 S   0,0   1,3   2:29.65 konsole
   1864 anton     20   0 1830620 168488 142176 S   0,0   1,1   0:34.46 konsole
   1867 anton     20   0 2862144   1,1g 397704 S   0,0   7,6   0:34.94 telegra+
   2033 anton     20   0   32,4g  56620  44716 S   0,0   0,4   0:00.13 outline+
   2039 anton     20   0   32,4g  56704  44672 S   0,0   0,4   0:00.13 outline+
   2109 anton     20   0   32,4g  14452   1928 S   0,0   0,1   0:00.00 outline+
   2172 anton     20   0    9096   7656   5736 S   0,0   0,0   0:00.04 bash
   2174 anton     20   0    9360   7816   5640 S   0,0   0,0   0:00.46 bash
   2321 anton     20   0   32,0g   2940   2684 S   0,0   0,0   0:00.00 chrome_+
   3170 anton     20   0   32,7g  96916  51996 S   0,0   0,6   0:00.85 outline+
   3234 anton     20   0   32,5g  77204  64024 S   0,0   0,5   0:00.68 outline+
   3266 anton     20   0   40,7g 164760 110548 S   0,0   1,0   0:01.89 outline+
   5984 root      20   0  155304   5308   5052 S   0,0   0,0   0:00.19 gpg-age+
   6727 root      20   0       0      0      0 I   0,0   0,0   0:00.45 kworker+
  15083 root      -2   0       0      0      0 S   0,0   0,0   0:00.00 psimon
  17172 anton     20   0   32,7g 138048 125888 S   0,0   0,9   0:00.09 code
  17173 anton     20   0   32,7g 137632 125472 S   0,0   0,9   0:00.08 code
  17175 anton     20   0   32,7g  15700   3484 S   0,0   0,1   0:00.04 code
  17189 anton     20   0   32,0g   3132   2876 S   0,0   0,0   0:00.00 chrome_+
  17210 anton     20   0   32,5g 160660 146252 S   0,0   1,0   0:09.44 code
  17301 anton     20   0 1132,1g 218536 158960 S   0,0   1,4   0:30.45 code
  17302 anton     20   0 1132,1g 185604 160364 S   0,0   1,2   0:15.48 code
  18011 root      20   0       0      0      0 I   0,0   0,0   0:00.00 kworker+
  21176 root      20   0       0      0      0 I   0,0   0,0   0:00.10 kworker+
  24654 root      20   0       0      0      0 I   0,0   0,0   0:05.21 kworker+
  26328 anton     20   0  254392 205048  21560 S   0,0   1,3   1:08.21 cpptools
  29328 anton     20   0  251436  36552  27848 S   0,0   0,2   0:00.06 Socket +
  29370 anton     20   0 2715872 198548 133004 S   0,0   1,3   0:07.62 Privile+
  29478 anton     20   0  509500  48952  38328 S   0,0   0,3   0:00.17 Utility+
  29681 anton     20   0 2664500 157192  98492 S   0,0   1,0   0:04.95 Isolate+
  33039 anton     20   0 1132,0g 184540 149332 S   0,0   1,2   0:01.19 code
  37049 anton     20   0 2660752 180064 109004 S   0,0   1,1   0:18.50 Isolate+
  40382 anton     20   0 1132,0g 165764 145320 S   0,0   1,1   0:00.84 code
  42178 anton     20   0  257,4g 162208 145036 S   0,0   1,0   0:00.16 balooru+
  42587 root      20   0       0      0      0 I   0,0   0,0   0:00.09 kworker+
  43016 root      20   0       0      0      0 I   0,0   0,0   0:00.16 kworker+
  43162 root      20   0       0      0      0 I   0,0   0,0   0:00.03 kworker+
  43321 anton     20   0  558164  52416  41324 S   0,0   0,3   0:00.20 RDD Pro+
  46992 root      20   0       0      0      0 I   0,0   0,0   0:00.00 kworker+
  57310 root      20   0       0      0      0 I   0,0   0,0   0:00.01 kworker+
  60768 root      20   0       0      0      0 I   0,0   0,0   0:00.00 kworker+
  61195 root      20   0       0      0      0 I   0,0   0,0   0:01.19 kworker+
  61511 root      20   0       0      0      0 I   0,0   0,0   0:00.08 kworker+
  63870 root      20   0       0      0      0 I   0,0   0,0   0:00.06 kworker+
  64970 root      20   0       0      0      0 I   0,0   0,0   0:00.00 kworker+
  64971 root       0 -20       0      0      0 I   0,0   0,0   0:00.10 kworker+
  66033 root      20   0       0      0      0 I   0,0   0,0   0:00.01 kworker+
  66077 root      20   0       0      0      0 I   0,0   0,0   0:00.00 kworker+
  66099 root      20   0       0      0      0 I   0,0   0,0   0:00.01 kworker+
  66118 root       0 -20       0      0      0 I   0,0   0,0   0:00.04 kworker+
  66126 root      20   0       0      0      0 I   0,0   0,0   0:00.01 kworker+
  67885 root      20   0       0      0      0 I   0,0   0,0   0:00.02 kworker+
  69394 root      20   0       0      0      0 I   0,0   0,0   0:01.17 kworker+
  69425 root       0 -20       0      0      0 I   0,0   0,0   0:00.04 kworker+
  69426 root      20   0       0      0      0 I   0,0   0,0   0:00.00 kworker+
  69444 root      20   0       0      0      0 I   0,0   0,0   0:00.00 kworker+
  69473 root      20   0       0      0      0 I   0,0   0,0   0:00.00 kworker+
  69495 root      20   0       0      0      0 I   0,0   0,0   0:00.00 kworker+
  69515 root      20   0       0      0      0 I   0,0   0,0   0:00.00 kworker+
  70127 root       0 -20       0      0      0 I   0,0   0,0   0:00.02 kworker+
  70128 root       0 -20       0      0      0 I   0,0   0,0   0:00.08 kworker+
  70129 root       0 -20       0      0      0 I   0,0   0,0   0:00.07 kworker+
  70138 root       0 -20       0      0      0 I   0,0   0,0   0:00.06 kworker+
  70139 root       0 -20       0      0      0 I   0,0   0,0   0:00.05 kworker+
  70140 root       0 -20       0      0      0 I   0,0   0,0   0:00.03 kworker+
  70141 root       0 -20       0      0      0 I   0,0   0,0   0:00.05 kworker+
  70145 root       0 -20       0      0      0 I   0,0   0,0   0:00.06 kworker+
  70146 root       0 -20       0      0      0 I   0,0   0,0   0:00.08 kworker+
  70147 root       0 -20       0      0      0 I   0,0   0,0   0:00.05 kworker+
  70669 anton     20   0    7456   5428   5172 S   0,0   0,0   0:00.00 bash
  72884 root       0 -20       0      0      0 I   0,0   0,0   0:00.04 kworker+
  72885 root       0 -20       0      0      0 I   0,0   0,0   0:00.02 kworker+
  72886 root       0 -20       0      0      0 I   0,0   0,0   0:00.04 kworker+
  72887 root       0 -20       0      0      0 I   0,0   0,0   0:00.00 kworker+
  73353 root      20   0       0      0      0 I   0,0   0,0   0:00.00 kworker+
  73497 anton     20   0 2450016  78100  64916 S   0,0   0,5   0:00.15 Web Con+
  73861 root      20   0       0      0      0 I   0,0   0,0   0:00.00 kworker+
  73955 anton     20   0 2450016  77764  64836 S   0,0   0,5   0:00.18 Web Con+
  74008 anton     20   0 2450016  77988  64932 S   0,0   0,5   0:00.15 Web Con+
  74182 root      20   0       0      0      0 I   0,0   0,0   0:00.00 kworker+
  74183 root      20   0       0      0      0 I   0,0   0,0   0:00.00 kworker+
  74220 root       0 -20       0      0      0 I   0,0   0,0   0:00.00 kworker+
  74315 root      20   0   14804   5308   4540 S   0,0   0,0   0:00.00 systemd+
  74316 root      20   0   14804   5496   4728 S   0,0   0,0   0:00.00 systemd+
  74318 root      20   0   14804   5592   4824 S   0,0   0,0   0:00.00 systemd+
  74938 anton     20   0    9652   7000   5080 R   0,0   0,0   0:00.03 top
