% time     seconds  usecs/call     calls    errors syscall
------ ----------- ----------- --------- --------- ----------------
 99,91    1,545304      772652         2           futex
  0,04    0,000664          27        24           mmap
  0,01    0,000149          18         8           mprotect
  0,01    0,000104          20         5           openat
  0,01    0,000080          40         2           clone3
  0,00    0,000064          12         5           close
  0,00    0,000056          14         4           read
  0,00    0,000054          10         5           fstat
  0,00    0,000037           7         5           rt_sigprocmask
  0,00    0,000032          16         2           pread64
  0,00    0,000024          24         1           munmap
  0,00    0,000024           8         3           brk
  0,00    0,000014          14         1           set_tid_address
  0,00    0,000014          14         1           rseq
  0,00    0,000013          13         1           arch_prctl
  0,00    0,000012          12         1           set_robust_list
  0,00    0,000007           7         1           rt_sigaction
  0,00    0,000007           7         1           prlimit64
  0,00    0,000007           7         1           getrandom
  0,00    0,000000           0         1         1 access
  0,00    0,000000           0         1           execve
------ ----------- ----------- --------- --------- ----------------
100,00    1,546666       20622        75         1 total
