% time     seconds  usecs/call     calls    errors syscall
------ ----------- ----------- --------- --------- ----------------
 99,90    1,574711      787355         2           futex
  0,04    0,000655          27        24           mmap
  0,02    0,000341         170         2           clone3
  0,01    0,000183          22         8           mprotect
  0,01    0,000136          27         5           openat
  0,00    0,000058          14         4           read
  0,00    0,000049           9         5           fstat
  0,00    0,000045           9         5           close
  0,00    0,000032          16         2           pread64
  0,00    0,000028           5         5           rt_sigprocmask
  0,00    0,000021          21         1           munmap
  0,00    0,000020           6         3           brk
  0,00    0,000015          15         1           arch_prctl
  0,00    0,000014          14         1           set_robust_list
  0,00    0,000013          13         1           set_tid_address
  0,00    0,000013          13         1           rseq
  0,00    0,000007           7         1           rt_sigaction
  0,00    0,000007           7         1           prlimit64
  0,00    0,000007           7         1           getrandom
  0,00    0,000000           0         1         1 access
  0,00    0,000000           0         1           execve
------ ----------- ----------- --------- --------- ----------------
100,00    1,576355       21018        75         1 total
