% time     seconds  usecs/call     calls    errors syscall
------ ----------- ----------- --------- --------- ----------------
 99,81    0,580870      290435         2           futex
  0,07    0,000382         382         1           execve
  0,05    0,000309          12        24           mmap
  0,02    0,000092          11         8           mprotect
  0,01    0,000071          35         2           clone3
  0,01    0,000070          14         5           openat
  0,00    0,000027           5         5           rt_sigprocmask
  0,00    0,000023          23         1           munmap
  0,00    0,000023           7         3           brk
  0,00    0,000022           4         5           fstat
  0,00    0,000021           5         4           read
  0,00    0,000019           3         5           close
  0,00    0,000010           5         2           pread64
  0,00    0,000006           6         1         1 access
  0,00    0,000006           6         1           prlimit64
  0,00    0,000006           6         1           getrandom
  0,00    0,000005           5         1           rt_sigaction
  0,00    0,000005           5         1           arch_prctl
  0,00    0,000004           4         1           set_tid_address
  0,00    0,000004           4         1           set_robust_list
  0,00    0,000004           4         1           rseq
------ ----------- ----------- --------- --------- ----------------
100,00    0,581979        7759        75         1 total
