% time     seconds  usecs/call     calls    errors syscall
------ ----------- ----------- --------- --------- ----------------
 99,92    1,510947      755473         2           futex
  0,03    0,000523          21        24           mmap
  0,01    0,000175          21         8           mprotect
  0,01    0,000136          68         2           clone3
  0,00    0,000068          13         5           openat
  0,00    0,000048           9         5           close
  0,00    0,000047          47         1           munmap
  0,00    0,000045           9         5           rt_sigprocmask
  0,00    0,000039           9         4           read
  0,00    0,000036           7         5           fstat
  0,00    0,000029           9         3           brk
  0,00    0,000023          11         2           pread64
  0,00    0,000011          11         1           arch_prctl
  0,00    0,000011          11         1           getrandom
  0,00    0,000010          10         1           prlimit64
  0,00    0,000010          10         1           rseq
  0,00    0,000009           9         1           rt_sigaction
  0,00    0,000009           9         1           set_tid_address
  0,00    0,000009           9         1           set_robust_list
  0,00    0,000000           0         1         1 access
  0,00    0,000000           0         1           execve
------ ----------- ----------- --------- --------- ----------------
100,00    1,512185       20162        75         1 total
