% time     seconds  usecs/call     calls    errors syscall
------ ----------- ----------- --------- --------- ----------------
 37,26    0,625043           7     88505           getdents64
 20,77    0,348376           3     88490           fcntl
 17,61    0,295412           6     44250           openat
 13,12    0,220030           4     44250           close
 10,74    0,180120           4     44250           fstat
  0,40    0,006659           7       835           newfstatat
  0,11    0,001916           8       214           brk
  0,00    0,000000           0         4           read
  0,00    0,000000           0        22           mmap
  0,00    0,000000           0         6           mprotect
  0,00    0,000000           0         1           munmap
  0,00    0,000000           0         2           pread64
  0,00    0,000000           0         1         1 access
  0,00    0,000000           0         1           execve
  0,00    0,000000           0         1           arch_prctl
  0,00    0,000000           0         1           futex
  0,00    0,000000           0         1           set_tid_address
  0,00    0,000000           0         1           set_robust_list
  0,00    0,000000           0         1           prlimit64
  0,00    0,000000           0         1           getrandom
  0,00    0,000000           0         1           rseq
------ ----------- ----------- --------- --------- ----------------
100,00    1,677556           5    310838         1 total
