% time     seconds  usecs/call     calls    errors syscall
------ ----------- ----------- --------- --------- ----------------
 37,25    0,628441           7     88505           getdents64
 20,81    0,351122           3     88490           fcntl
 17,48    0,294907           6     44250           openat
 13,20    0,222621           5     44250           close
 10,69    0,180306           4     44250           fstat
  0,43    0,007322           8       835           newfstatat
  0,13    0,002187          10       214           brk
  0,00    0,000000           0         4           read
  0,00    0,000000           0        22           mmap
  0,00    0,000000           0         6           mprotect
  0,00    0,000000           0         1           munmap
  0,00    0,000000           0         2           pread64
  0,00    0,000000           0         1         1 access
  0,00    0,000000           0         1           execve
  0,00    0,000000           0         1           arch_prctl
  0,00    0,000000           0         1           futex
  0,00    0,000000           0         1           set_tid_address
  0,00    0,000000           0         1           set_robust_list
  0,00    0,000000           0         1           prlimit64
  0,00    0,000000           0         1           getrandom
  0,00    0,000000           0         1           rseq
------ ----------- ----------- --------- --------- ----------------
100,00    1,686906           5    310838         1 total
