% time     seconds  usecs/call     calls    errors syscall
------ ----------- ----------- --------- --------- ----------------
 99,94    1,548265      774132         2           futex
  0,02    0,000268          11        24           mmap
  0,01    0,000178          22         8           mprotect
  0,01    0,000132          66         2           clone3
  0,00    0,000064          64         1           munmap
  0,00    0,000049           9         5           rt_sigprocmask
  0,00    0,000031          10         3           brk
  0,00    0,000025           5         5           openat
  0,00    0,000022          11         2           pread64
  0,00    0,000018           3         5           close
  0,00    0,000018          18         1           prlimit64
  0,00    0,000012           3         4           read
  0,00    0,000011           2         5           fstat
  0,00    0,000011          11         1           getrandom
  0,00    0,000010          10         1           rt_sigaction
  0,00    0,000010          10         1           set_tid_address
  0,00    0,000009           9         1           arch_prctl
  0,00    0,000009           9         1           rseq
  0,00    0,000008           8         1           set_robust_list
  0,00    0,000000           0         1         1 access
  0,00    0,000000           0         1           execve
------ ----------- ----------- --------- --------- ----------------
100,00    1,549150       20655        75         1 total
