
 Performance counter stats for './search README.md /home/anton/itmo 5':

          1 239,38 msec task-clock:u                     #    0,429 CPUs utilized             
                 0      context-switches:u               #    0,000 /sec                      
                 0      cpu-migrations:u                 #    0,000 /sec                      
               215      page-faults:u                    #  173,474 /sec                      
     1 874 565 762      cycles:u                         #    1,513 GHz                         (43,14%)
       361 857 984      stalled-cycles-frontend:u        #   19,30% frontend cycles idle        (42,64%)
     2 601 007 035      instructions:u                   #    1,39  insn per cycle            
                                                  #    0,14  stalled cycles per insn     (42,08%)
       545 011 798      branches:u                       #  439,747 M/sec                       (42,83%)
         4 154 472      branch-misses:u                  #    0,76% of all branches             (42,70%)
     1 088 503 546      L1-dcache-loads:u                #  878,267 M/sec                       (42,94%)
        21 532 762      L1-dcache-load-misses:u          #    1,98% of all L1-dcache accesses   (42,73%)
   <not supported>      LLC-loads:u                                                           
   <not supported>      LLC-load-misses:u                                                     
       173 917 393      L1-icache-loads:u                #  140,326 M/sec                       (43,42%)
         1 584 039      L1-icache-load-misses:u          #    0,91% of all L1-icache accesses   (42,87%)
         4 030 258      dTLB-loads:u                     #    3,252 M/sec                       (43,05%)
           222 393      dTLB-load-misses:u               #    5,52% of all dTLB cache accesses  (43,64%)
         1 518 046      iTLB-loads:u                     #    1,225 M/sec                       (41,99%)
           378 556      iTLB-load-misses:u               #   24,94% of all iTLB cache accesses  (42,83%)
         9 103 418      L1-dcache-prefetches:u           #    7,345 M/sec                       (43,12%)
   <not supported>      L1-dcache-prefetch-misses:u                                           

       2,885790382 seconds time elapsed

       0,615097000 seconds user
       0,602465000 seconds sys


