% time     seconds  usecs/call     calls    errors syscall
------ ----------- ----------- --------- --------- ----------------
 37,22    0,631297           7     88505           getdents64
 20,63    0,349897           3     88490           fcntl
 17,76    0,301192           6     44250           openat
 13,13    0,222646           5     44250           close
 10,77    0,182616           4     44250           fstat
  0,38    0,006386           7       835           newfstatat
  0,13    0,002225          10       214           brk
  0,00    0,000026           4         6           mprotect
  0,00    0,000022          22         1           munmap
  0,00    0,000006           6         1           prlimit64
  0,00    0,000006           6         1           getrandom
  0,00    0,000005           5         1           futex
  0,00    0,000000           0         4           read
  0,00    0,000000           0        22           mmap
  0,00    0,000000           0         2           pread64
  0,00    0,000000           0         1         1 access
  0,00    0,000000           0         1           execve
  0,00    0,000000           0         1           arch_prctl
  0,00    0,000000           0         1           set_tid_address
  0,00    0,000000           0         1           set_robust_list
  0,00    0,000000           0         1           rseq
------ ----------- ----------- --------- --------- ----------------
100,00    1,696324           5    310838         1 total
