% time     seconds  usecs/call     calls    errors syscall
------ ----------- ----------- --------- --------- ----------------
 99,95    1,588675      794337         2           futex
  0,02    0,000346          14        24           mmap
  0,01    0,000162          20         8           mprotect
  0,00    0,000050          10         5           openat
  0,00    0,000039           7         5           close
  0,00    0,000032           8         4           read
  0,00    0,000032          16         2           clone3
  0,00    0,000028          14         2           pread64
  0,00    0,000026           5         5           fstat
  0,00    0,000024          24         1           munmap
  0,00    0,000023           7         3           brk
  0,00    0,000014          14         1           arch_prctl
  0,00    0,000014          14         1           set_tid_address
  0,00    0,000014          14         1           set_robust_list
  0,00    0,000013           2         5           rt_sigprocmask
  0,00    0,000013          13         1           rseq
  0,00    0,000010          10         1           getrandom
  0,00    0,000008           8         1           prlimit64
  0,00    0,000006           6         1           rt_sigaction
  0,00    0,000000           0         1         1 access
  0,00    0,000000           0         1           execve
------ ----------- ----------- --------- --------- ----------------
100,00    1,589529       21193        75         1 total
