% time     seconds  usecs/call     calls    errors syscall
------ ----------- ----------- --------- --------- ----------------
 99,91    1,018544      509271         2           futex
  0,03    0,000355          14        24           mmap
  0,02    0,000162          20         8           mprotect
  0,01    0,000075          37         2           clone3
  0,00    0,000039          39         1           munmap
  0,00    0,000038           7         5           rt_sigprocmask
  0,00    0,000033           8         4           read
  0,00    0,000031           6         5           openat
  0,00    0,000026           8         3           brk
  0,00    0,000025           5         5           fstat
  0,00    0,000024           4         5           close
  0,00    0,000018           9         2           pread64
  0,00    0,000009           9         1           getrandom
  0,00    0,000008           8         1           rt_sigaction
  0,00    0,000008           8         1           arch_prctl
  0,00    0,000008           8         1           set_robust_list
  0,00    0,000008           8         1           prlimit64
  0,00    0,000007           7         1           set_tid_address
  0,00    0,000007           7         1           rseq
  0,00    0,000000           0         1         1 access
  0,00    0,000000           0         1           execve
------ ----------- ----------- --------- --------- ----------------
100,00    1,019425       13592        75         1 total
