top - 15:14:36 up  4:03,  2 users,  load average: 1,34, 1,52, 1,49
Tasks: 403 total,   1 running, 402 sleeping,   0 stopped,   0 zombie
%Cpu(s):  5,0 us,  6,0 sy,  0,5 ni, 87,9 id,  0,0 wa,  0,5 hi,  0,0 si,  0,0 st 
MiB Mem :  15337,5 total,   1234,9 free,  10838,5 used,   4325,0 buff/cache     
MiB Swap:      0,0 total,      0,0 free,      0,0 used.   4499,0 avail Mem 

    PID USER      PR  NI    VIRT    RES    SHR S  %CPU  %MEM     TIME+ COMMAND
 106904 anton     20   0  153744   4004   3748 S  91,7   0,0   0:00.26 combined
 106905 anton     20   0    9652   6896   4848 R  16,7   0,0   0:00.04 top
      1 root      20   0   21720  13140   9032 S   0,0   0,1   0:06.25 systemd
      2 root      20   0       0      0      0 S   0,0   0,0   0:00.02 kthreadd
      3 root      20   0       0      0      0 S   0,0   0,0   0:00.00 pool_wo+
      4 root       0 -20       0      0      0 I   0,0   0,0   0:00.00 kworker+
      5 root       0 -20       0      0      0 I   0,0   0,0   0:00.00 kworker+
      6 root       0 -20       0      0      0 I   0,0   0,0   0:00.00 kworker+
      7 root       0 -20       0      0      0 I   0,0   0,0   0:00.00 kworker+
     10 root       0 -20       0      0      0 I   0,0   0,0   0:00.00 kworker+
     13 root       0 -20       0      0      0 I   0,0   0,0   0:00.00 kworker+
     14 root      20   0       0      0      0 I   0,0   0,0   0:00.00 rcu_tas+
     15 root      20   0       0      0      0 I   0,0   0,0   0:00.00 rcu_tas+
     16 root      20   0       0      0      0 I   0,0   0,0   0:00.00 rcu_tas+
     17 root      20   0       0      0      0 S   0,0   0,0   0:00.35 ksoftir+
     18 root      -2   0       0      0      0 I   0,0   0,0   0:08.37 rcu_pre+
     19 root      -2   0       0      0      0 S   0,0   0,0   0:00.00 rcub/0
     20 root      20   0       0      0      0 S   0,0   0,0   0:00.00 rcu_exp+
     21 root      20   0       0      0      0 S   0,0   0,0   0:00.03 rcu_exp+
     22 root      rt   0       0      0      0 S   0,0   0,0   0:02.90 migrati+
     23 root     -51   0       0      0      0 S   0,0   0,0   0:00.00 idle_in+
     24 root      20   0       0      0      0 S   0,0   0,0   0:00.00 cpuhp/0
     25 root      20   0       0      0      0 S   0,0   0,0   0:00.00 cpuhp/2
     26 root     -51   0       0      0      0 S   0,0   0,0   0:00.00 idle_in+
     27 root      rt   0       0      0      0 S   0,0   0,0   0:02.12 migrati+
     28 root      20   0       0      0      0 S   0,0   0,0   0:00.15 ksoftir+
     30 root       0 -20       0      0      0 I   0,0   0,0   0:00.00 kworker+
     31 root      20   0       0      0      0 S   0,0   0,0   0:00.00 cpuhp/4
     32 root     -51   0       0      0      0 S   0,0   0,0   0:00.00 idle_in+
     33 root      rt   0       0      0      0 S   0,0   0,0   0:11.82 migrati+
     34 root      20   0       0      0      0 S   0,0   0,0   0:00.10 ksoftir+
     36 root       0 -20       0      0      0 I   0,0   0,0   0:00.00 kworker+
     37 root      20   0       0      0      0 S   0,0   0,0   0:00.00 cpuhp/6
     38 root     -51   0       0      0      0 S   0,0   0,0   0:00.00 idle_in+
     39 root      rt   0       0      0      0 S   0,0   0,0   0:04.02 migrati+
     40 root      20   0       0      0      0 S   0,0   0,0   0:00.38 ksoftir+
     42 root       0 -20       0      0      0 I   0,0   0,0   0:00.00 kworker+
     43 root      20   0       0      0      0 S   0,0   0,0   0:00.00 cpuhp/8
     44 root     -51   0       0      0      0 S   0,0   0,0   0:00.00 idle_in+
     45 root      rt   0       0      0      0 S   0,0   0,0   0:04.09 migrati+
     46 root      20   0       0      0      0 S   0,0   0,0   0:00.06 ksoftir+
     48 root       0 -20       0      0      0 I   0,0   0,0   0:00.00 kworker+
     49 root      20   0       0      0      0 S   0,0   0,0   0:00.00 cpuhp/10
     50 root     -51   0       0      0      0 S   0,0   0,0   0:00.00 idle_in+
     51 root      rt   0       0      0      0 S   0,0   0,0   0:07.35 migrati+
     52 root      20   0       0      0      0 S   0,0   0,0   0:00.04 ksoftir+
     54 root       0 -20       0      0      0 I   0,0   0,0   0:00.00 kworker+
     55 root      20   0       0      0      0 S   0,0   0,0   0:00.00 cpuhp/12
     56 root     -51   0       0      0      0 S   0,0   0,0   0:00.00 idle_in+
     57 root      rt   0       0      0      0 S   0,0   0,0   0:04.67 migrati+
     58 root      20   0       0      0      0 S   0,0   0,0   0:00.03 ksoftir+
     60 root       0 -20       0      0      0 I   0,0   0,0   0:00.00 kworker+
     61 root      20   0       0      0      0 S   0,0   0,0   0:00.00 cpuhp/14
     62 root     -51   0       0      0      0 S   0,0   0,0   0:00.00 idle_in+
     63 root      rt   0       0      0      0 S   0,0   0,0   0:06.88 migrati+
     64 root      20   0       0      0      0 S   0,0   0,0   0:00.03 ksoftir+
     66 root       0 -20       0      0      0 I   0,0   0,0   0:00.00 kworker+
     67 root      20   0       0      0      0 S   0,0   0,0   0:00.00 cpuhp/1
     68 root     -51   0       0      0      0 S   0,0   0,0   0:00.00 idle_in+
     69 root      rt   0       0      0      0 S   0,0   0,0   0:00.48 migrati+
     70 root      20   0       0      0      0 S   0,0   0,0   0:00.37 ksoftir+
     72 root       0 -20       0      0      0 I   0,0   0,0   0:00.00 kworker+
     73 root      20   0       0      0      0 S   0,0   0,0   0:00.00 cpuhp/3
     74 root     -51   0       0      0      0 S   0,0   0,0   0:00.00 idle_in+
     75 root      rt   0       0      0      0 S   0,0   0,0   0:00.60 migrati+
     76 root      20   0       0      0      0 S   0,0   0,0   0:00.12 ksoftir+
     78 root       0 -20       0      0      0 I   0,0   0,0   0:00.00 kworker+
     79 root      20   0       0      0      0 S   0,0   0,0   0:00.00 cpuhp/5
     80 root     -51   0       0      0      0 S   0,0   0,0   0:00.00 idle_in+
     81 root      rt   0       0      0      0 S   0,0   0,0   0:00.93 migrati+
     82 root      20   0       0      0      0 S   0,0   0,0   0:00.04 ksoftir+
     84 root       0 -20       0      0      0 I   0,0   0,0   0:00.00 kworker+
     85 root      20   0       0      0      0 S   0,0   0,0   0:00.00 cpuhp/7
     86 root     -51   0       0      0      0 S   0,0   0,0   0:00.00 idle_in+
     87 root      rt   0       0      0      0 S   0,0   0,0   0:01.99 migrati+
     88 root      20   0       0      0      0 S   0,0   0,0   0:00.03 ksoftir+
     90 root       0 -20       0      0      0 I   0,0   0,0   0:00.00 kworker+
     91 root      20   0       0      0      0 S   0,0   0,0   0:00.00 cpuhp/9
     92 root     -51   0       0      0      0 S   0,0   0,0   0:00.00 idle_in+
     93 root      rt   0       0      0      0 S   0,0   0,0   0:01.21 migrati+
     94 root      20   0       0      0      0 S   0,0   0,0   0:00.04 ksoftir+
     96 root       0 -20       0      0      0 I   0,0   0,0   0:00.00 kworker+
     97 root      20   0       0      0      0 S   0,0   0,0   0:00.00 cpuhp/11
     98 root     -51   0       0      0      0 S   0,0   0,0   0:00.00 idle_in+
     99 root      rt   0       0      0      0 S   0,0   0,0   0:02.65 migrati+
    100 root      20   0       0      0      0 S   0,0   0,0   0:00.01 ksoftir+
    102 root       0 -20       0      0      0 I   0,0   0,0   0:00.00 kworker+
    103 root      20   0       0      0      0 S   0,0   0,0   0:00.00 cpuhp/13
    104 root     -51   0       0      0      0 S   0,0   0,0   0:00.00 idle_in+
    105 root      rt   0       0      0      0 S   0,0   0,0   0:01.89 migrati+
    106 root      20   0       0      0      0 S   0,0   0,0   0:00.02 ksoftir+
    108 root       0 -20       0      0      0 I   0,0   0,0   0:00.00 kworker+
    109 root      20   0       0      0      0 S   0,0   0,0   0:00.00 cpuhp/15
    110 root     -51   0       0      0      0 S   0,0   0,0   0:00.00 idle_in+
    111 root      rt   0       0      0      0 S   0,0   0,0   0:04.12 migrati+
    112 root      20   0       0      0      0 S   0,0   0,0   0:00.02 ksoftir+
    114 root       0 -20       0      0      0 I   0,0   0,0   0:00.00 kworker+
    115 root      20   0       0      0      0 S   0,0   0,0   0:00.00 kdevtmp+
    116 root       0 -20       0      0      0 I   0,0   0,0   0:00.00 kworker+
    117 root      20   0       0      0      0 S   0,0   0,0   0:00.00 kauditd
    118 root      20   0       0      0      0 S   0,0   0,0   0:00.03 khungta+
    120 root      20   0       0      0      0 S   0,0   0,0   0:00.00 oom_rea+
    121 root       0 -20       0      0      0 I   0,0   0,0   0:00.00 kworker+
    122 root      20   0       0      0      0 S   0,0   0,0   0:06.61 kcompac+
    123 root      25   5       0      0      0 S   0,0   0,0   0:00.00 ksmd
    124 root      39  19       0      0      0 S   0,0   0,0   0:01.51 khugepa+
    125 root       0 -20       0      0      0 I   0,0   0,0   0:00.00 kworker+
    126 root       0 -20       0      0      0 I   0,0   0,0   0:00.00 kworker+
    127 root       0 -20       0      0      0 I   0,0   0,0   0:00.00 kworker+
    129 root     -51   0       0      0      0 S   0,0   0,0   0:00.00 irq/9-a+
    131 root       0 -20       0      0      0 I   0,0   0,0   0:00.00 kworker+
    132 root       0 -20       0      0      0 I   0,0   0,0   0:00.00 kworker+
    133 root       0 -20       0      0      0 I   0,0   0,0   0:00.00 kworker+
    134 root       0 -20       0      0      0 I   0,0   0,0   0:00.00 kworker+
    135 root     -51   0       0      0      0 S   0,0   0,0   0:00.00 watchdo+
    136 root       0 -20       0      0      0 I   0,0   0,0   0:00.04 kworker+
    137 root     -51   0       0      0      0 S   0,0   0,0   0:00.00 irq/25-+
    138 root     -51   0       0      0      0 S   0,0   0,0   0:00.00 irq/26-+
    139 root     -51   0       0      0      0 S   0,0   0,0   0:00.00 irq/27-+
    141 root      20   0       0      0      0 S   0,0   0,0   0:03.65 kswapd0
    142 root       0 -20       0      0      0 I   0,0   0,0   0:00.00 kworker+
    143 root       0 -20       0      0      0 I   0,0   0,0   0:00.00 kworker+
    144 root      20   0       0      0      0 S   0,0   0,0   0:00.00 scsi_eh+
    145 root       0 -20       0      0      0 I   0,0   0,0   0:00.00 kworker+
    146 root      20   0       0      0      0 S   0,0   0,0   0:00.00 scsi_eh+
    147 root       0 -20       0      0      0 I   0,0   0,0   0:00.00 kworker+
    149 root       0 -20       0      0      0 I   0,0   0,0   0:00.00 kworker+
    151 root       0 -20       0      0      0 I   0,0   0,0   0:00.00 kworker+
    154 root       0 -20       0      0      0 I   0,0   0,0   0:00.01 kworker+
    159 root       0 -20       0      0      0 I   0,0   0,0   0:00.00 kworker+
    161 root      20   0       0      0      0 I   0,0   0,0   0:00.16 kworker+
    162 root      20   0       0      0      0 I   0,0   0,0   0:00.03 kworker+
    166 root       0 -20       0      0      0 I   0,0   0,0   0:00.00 kworker+
    172 root     -51   0       0      0      0 S   0,0   0,0   0:00.00 irq/28-+
    173 root     -51   0       0      0      0 S   0,0   0,0   0:00.00 irq/29-+
    174 root     -51   0       0      0      0 S   0,0   0,0   0:00.00 irq/30-+
    175 root     -51   0       0      0      0 S   0,0   0,0   0:00.00 irq/31-+
    176 root     -51   0       0      0      0 S   0,0   0,0   0:00.00 irq/32-+
    177 root     -51   0       0      0      0 S   0,0   0,0   0:00.00 irq/33-+
    178 root     -51   0       0      0      0 S   0,0   0,0   0:00.00 irq/34-+
    179 root     -51   0       0      0      0 S   0,0   0,0   0:00.00 irq/35-+
    180 root     -51   0       0      0      0 S   0,0   0,0   0:00.00 irq/36-+
    181 root     -51   0       0      0      0 S   0,0   0,0  58:03.78 irq/37-+
    182 root     -51   0       0      0      0 S   0,0   0,0   0:00.01 irq/38-+
    183 root       0 -20       0      0      0 I   0,0   0,0   0:00.04 kworker+
    185 root       0 -20       0      0      0 I   0,0   0,0   0:00.04 kworker+
    187 root       0 -20       0      0      0 I   0,0   0,0   0:00.04 kworker+
    188 root       0 -20       0      0      0 I   0,0   0,0   0:00.03 kworker+
    225 root       0 -20       0      0      0 I   0,0   0,0   0:00.03 kworker+
    230 root       0 -20       0      0      0 I   0,0   0,0   0:00.01 kworker+
    237 root       0 -20       0      0      0 I   0,0   0,0   0:00.02 kworker+
    256 root      20   0       0      0      0 I   0,0   0,0   0:00.02 kworker+
    261 root       0 -20       0      0      0 I   0,0   0,0   0:00.01 kworker+
    329 root       0 -20       0      0      0 I   0,0   0,0   0:00.01 kworker+
    331 root       0 -20       0      0      0 I   0,0   0,0   0:00.00 kworker+
    333 root       0 -20       0      0      0 I   0,0   0,0   0:00.02 kworker+
    336 root       0 -20       0      0      0 I   0,0   0,0   0:00.00 kworker+
    338 root       0 -20       0      0      0 I   0,0   0,0   0:00.00 kworker+
    339 root       0 -20       0      0      0 I   0,0   0,0   0:00.01 kworker+
    364 root     -51   0       0      0      0 S   0,0   0,0   0:12.62 irq/47-+
    366 root       0 -20       0      0      0 I   0,0   0,0   0:00.00 kworker+
    380 root       0 -20       0      0      0 I   0,0   0,0   0:00.00 kworker+
    381 root       0 -20       0      0      0 I   0,0   0,0   0:00.00 kworker+
    382 root       0 -20       0      0      0 I   0,0   0,0   0:00.00 kworker+
    383 root       0 -20       0      0      0 I   0,0   0,0   0:00.00 kworker+
    384 root      20   0       0      0      0 I   0,0   0,0   0:00.26 kworker+
    390 root      20   0       0      0      0 I   0,0   0,0   0:00.19 kworker+
    391 root      20   0       0      0      0 I   0,0   0,0   0:00.16 kworker+
    420 root      20   0       0      0      0 S   0,0   0,0   0:01.49 jbd2/nv+
    421 root       0 -20       0      0      0 I   0,0   0,0   0:00.00 kworker+
    469 root      20   0   57416  24064  22868 S   0,0   0,2   0:02.03 systemd+
    500 root      20   0   14288   5788   5020 S   0,0   0,0   0:00.18 systemd+
    505 root      -2   0       0      0      0 S   0,0   0,0   0:00.00 psimon
    515 root      20   0   31268  11920   9232 S   0,0   0,1   0:00.49 systemd+
    516 root      -2   0       0      0      0 S   0,0   0,0   0:00.00 psimon
    585 root       0 -20       0      0      0 I   0,0   0,0   0:00.00 kworker+
    614 root     -51   0       0      0      0 S   0,0   0,0   2:40.93 irq/92-+
    632 root       0 -20       0      0      0 I   0,0   0,0   0:00.00 kworker+
    639 root       0 -20       0      0      0 I   0,0   0,0   0:00.00 kworker+
    648 systemd+  20   0   89056   7076   6308 S   0,0   0,0   0:00.11 systemd+
    653 dbus      20   0    9376   5088   2832 S   0,0   0,0   0:00.45 dbus-br+
    654 dbus      20   0   11528   6844   2172 S   0,0   0,0   0:05.08 dbus-br+
    656 avahi     20   0    6224   4016   3760 S   0,0   0,0   0:00.20 avahi-d+
    657 root      20   0    9804   5196   4812 S   0,0   0,0   0:00.12 bluetoo+
    659 root      20   0  141580  50116  20228 S   0,0   0,3   0:01.05 firewal+
    660 root      20   0   15228   7840   6704 S   0,0   0,0   0:01.90 systemd+
    663 avahi     20   0    6224   1524   1264 S   0,0   0,0   0:00.00 avahi-d+
    688 root      20   0  562396  26548  21456 S   0,0   0,2   0:41.48 Network+
    726 root      20   0   16320  11084   9676 S   0,0   0,1   0:10.64 wpa_sup+
    735 root      20   0    6408   4140   4012 S   0,0   0,0   0:00.00 Outline+
    739 root      20   0  153416  18424  16376 S   0,0   0,1   0:00.02 sddm
    742 root      20   0 2388160  46552  34012 S   0,0   0,3   0:09.57 contain+
    779 polkitd   20   0  383408  11656   6908 S   0,0   0,1   0:06.48 polkitd
    789 root       0 -20       0      0      0 I   0,0   0,0   0:00.00 kworker+
    790 root       0 -20       0      0      0 I   0,0   0,0   0:00.00 kworker+
    791 root       0 -20       0      0      0 I   0,0   0,0   0:00.00 kworker+
    792 root       0 -20       0      0      0 I   0,0   0,0   0:00.00 kworker+
    793 root       0 -20       0      0      0 I   0,0   0,0   0:00.00 kworker+
    795 root     -51   0       0      0      0 S   0,0   0,0   0:00.00 card1-c+
    796 root     -51   0       0      0      0 S   0,0   0,0   0:00.00 card1-c+
    797 root     -51   0       0      0      0 S   0,0   0,0   0:00.00 card1-c+
    798 root     -51   0       0      0      0 S   0,0   0,0   0:00.00 card1-c+
    799 root      20   0 1163620  61652  29780 S   0,0   0,4   0:00.37 Xorg
    863 root      20   0 2665128  75112  48148 S   0,0   0,5   0:01.35 dockerd
   1040 root      20   0       0      0      0 I   0,0   0,0   0:00.17 kworker+
   1069 root      20   0       0      0      0 I   0,0   0,0   0:00.06 kworker+
   1118 root      20   0  307712   8644   8004 S   0,0   0,1   0:00.46 power-p+
   1124 root      20   0   77140  19308  17132 S   0,0   0,1   0:00.10 sddm-he+
   1144 anton     20   0   19944  11420   9116 S   0,0   0,1   0:01.66 systemd
   1146 anton     20   0   20448   3616   1912 S   0,0   0,0   0:00.00 (sd-pam)
   1159 anton     20   0 1439488  69276  51532 S   0,0   0,4   0:00.30 kwallet+
   1160 anton     20   0  217568  34640  30160 S   0,0   0,2   0:00.11 startpl+
   1169 anton     20   0    6944   3384   3128 S   0,0   0,0   0:00.04 dbus-br+
   1170 anton     20   0    5712   2988   2092 S   0,0   0,0   0:01.30 dbus-br+
   1177 anton     20   0  147308  15432  14024 S   0,0   0,1   0:00.02 kwin_wa+
   1181 anton     39  19  256,2g 133296 105144 S   0,0   0,8   0:09.72 baloo_f+
   1182 anton     -2   0 3453868 593852 488868 S   0,0   3,8   8:23.98 kwin_wa+
   1190 anton     20   0  619836  15668  13236 S   0,0   0,1   0:01.78 xdg-des+
   1191 root      20   0  467260  11912  10248 S   0,0   0,1   0:00.79 udisksd
   1200 anton     20   0  530856   6364   5852 S   0,0   0,0   0:00.14 xdg-doc+
   1205 anton     20   0  306052   5700   5316 S   0,0   0,0   0:00.23 xdg-per+
   1212 root      20   0    2560   1788   1788 S   0,0   0,0   0:00.00 fusermo+
   1219 root      20   0  316392  11052   9132 S   0,0   0,1   0:01.17 upowerd
   1221 rtkit     21   1   20516   3016   2888 S   0,0   0,0   0:00.17 rtkit-d+
   1244 anton      9 -11  170936  15164   9848 S   0,0   0,1   0:00.26 pipewire
   1245 anton      9 -11  480436  18584  14616 S   0,0   0,1   0:00.66 wireplu+
   1277 root      10 -10       0      0      0 S   0,0   0,0   0:00.00 krfcommd
   1285 anton     20   0  940560  76664  40232 S   0,0   0,5   0:23.67 Xwayland
   1302 anton     20   0  379160   6412   5900 S   0,0   0,0   0:00.10 at-spi-+
   1313 anton     20   0    6812   3176   2920 S   0,0   0,0   0:00.00 dbus-br+
   1317 anton     20   0    4096   2240   2112 S   0,0   0,0   0:00.00 dbus-br+
   1325 anton     20   0 1159344  63624  46716 S   0,0   0,4   0:00.94 ksmserv+
   1327 anton     20   0 1846044 100848  73948 S   0,0   0,6   0:06.62 kded6
   1385 anton     20   0  229084   5460   5076 S   0,0   0,0   0:00.01 dconf-s+
   1402 anton     20   0 6305456 473752 168464 S   0,0   3,0   1:09.11 plasmas+
   1403 anton     20   0  232400   6348   5836 S   0,0   0,0   0:00.02 at-spi2+
   1414 anton      9 -11  184464  19136   9080 S   0,0   0,1   0:00.17 pipewir+
   1446 anton     20   0 1411652  57948  44784 S   0,0   0,4   0:01.49 kactivi+
   1449 anton     20   0 1079252  40548  28716 S   0,0   0,3   0:00.73 gmenudb+
   1450 anton     20   0 1159532  65764  49208 S   0,0   0,4   0:01.01 kaccess
   1451 anton     20   0 1433020  66256  51212 S   0,0   0,4   0:00.31 polkit-+
   1452 anton     20   0 1800516  70784  54904 S   0,0   0,5   0:03.79 org_kde+
   1454 anton     20   0 1832812  79012  55232 S   0,0   0,5   0:01.46 xdg-des+
   1455 anton     20   0 1078648  39632  27984 S   0,0   0,3   0:00.74 xembeds+
   1518 anton     20   0    7952   4480   4096 S   0,0   0,0   0:00.00 xsettin+
   1678 anton     20   0   36,8g 171340 111144 S   0,0   1,1   0:03.45 outline+
   1680 anton     20   0  661656  81984  50332 S   0,0   0,5   0:01.82 firewal+
   1682 anton     20   0 1632528  80932  62272 S   0,0   0,5   0:00.56 kdeconn+
   1687 anton     20   0 1774432  80364  54276 S   0,0   0,5   0:01.14 xwaylan+
   1695 anton     20   0   11588   1908   1600 S   0,0   0,0   0:02.44 Outline+
   1703 anton     20   0  309848   6376   5992 S   0,0   0,0   0:00.02 agent
   1862 anton     20   0 1883692 203148 174760 S   0,0   1,3   2:44.40 konsole
   1864 anton     20   0 1830620 166696 140384 S   0,0   1,1   0:34.63 konsole
   1867 anton     20   0 3162040   1,4g 436004 S   0,0   9,3   3:05.33 telegra+
   2033 anton     20   0   32,4g  56620  44716 S   0,0   0,4   0:00.13 outline+
   2039 anton     20   0   32,4g  56704  44672 S   0,0   0,4   0:00.13 outline+
   2109 anton     20   0   32,4g  14452   1928 S   0,0   0,1   0:00.00 outline+
   2172 anton     20   0    9096   7656   5736 S   0,0   0,0   0:00.04 bash
   2174 anton     20   0    9360   7816   5640 S   0,0   0,0   0:00.48 bash
   2321 anton     20   0   32,0g   2940   2684 S   0,0   0,0   0:00.00 chrome_+
   3170 anton     20   0   32,7g  96788  51868 S   0,0   0,6   0:01.13 outline+
   3234 anton     20   0   32,5g  77204  64024 S   0,0   0,5   0:00.89 outline+
   3266 anton     20   0   40,7g 164760 110548 S   0,0   1,0   0:01.93 outline+
   5984 root      20   0  155304   5308   5052 S   0,0   0,0   0:00.29 gpg-age+
  15083 root      -2   0       0      0      0 S   0,0   0,0   0:00.00 psimon
  17169 anton     20   0 1132,3g 617544 222748 S   0,0   3,9   0:49.87 code
  17172 anton     20   0   32,7g 137792 125632 S   0,0   0,9   0:00.09 code
  17173 anton     20   0   32,7g 137376 125216 S   0,0   0,9   0:00.09 code
  17175 anton     20   0   32,7g  15700   3484 S   0,0   0,1   0:00.04 code
  17189 anton     20   0   32,0g   3132   2876 S   0,0   0,0   0:00.00 chrome_+
  17206 anton     20   0   33,0g 276988 182220 S   0,0   1,8   1:36.22 code
  17210 anton     20   0   32,5g 159896 145888 S   0,0   1,0   0:10.64 code
  17263 anton     20   0 1136,7g 490304 129208 S   0,0   3,1   6:05.62 code
  17301 anton     20   0 1132,1g 218512 158900 S   0,0   1,4   0:33.29 code
  17302 anton     20   0 1132,1g 185504 160236 S   0,0   1,2   0:16.63 code
  17321 anton     20   0 1132,1g 317268 165140 S   0,0   2,0   1:28.90 code
  21176 root      20   0       0      0      0 I   0,0   0,0   0:00.17 kworker+
  24654 root      20   0       0      0      0 I   0,0   0,0   0:05.45 kworker+
  26328 anton     20   0  124088  75080  21560 S   0,0   0,5   1:08.97 cpptools
  29228 anton     20   0   12,2g 907952 535952 S   0,0   5,8  14:16.33 firefox
  29328 anton     20   0  251436  36552  27848 S   0,0   0,2   0:00.08 Socket +
  29340 anton     20   0   19,2g 442628 137632 S   0,0   2,8   6:37.63 WebExte+
  29370 anton     20   0 2738472 195600 132792 S   0,0   1,2   0:13.70 Privile+
  29478 anton     20   0  509500  48952  38328 S   0,0   0,3   0:00.21 Utility+
  29527 anton     20   0 2772976 291404 129568 S   0,0   1,9   0:26.19 Isolate+
  29612 anton     20   0 7254532 392216 119220 S   0,0   2,5   2:06.38 Isolate+
  29681 anton     20   0 2664500 156872  98492 S   0,0   1,0   0:08.13 Isolate+
  33039 anton     20   0 1132,0g 184268 149076 S   0,0   1,2   0:01.72 code
  37049 anton     20   0 2661708 170932 108864 S   0,0   1,1   0:26.26 Isolate+
  40382 anton     20   0 1132,0g 166020 145192 S   0,0   1,1   0:01.40 code
  42178 anton     20   0  257,4g 161184 144012 S   0,0   1,0   0:00.16 balooru+
  42587 root      20   0       0      0      0 I   0,0   0,0   0:00.13 kworker+
  43321 anton     20   0  558164  52416  41324 S   0,0   0,3   0:00.25 RDD Pro+
  43643 anton     20   0 2919680 341276 124944 S   0,0   2,2   1:04.75 Isolate+
  57310 root      20   0       0      0      0 I   0,0   0,0   0:00.07 kworker+
  61511 root      20   0       0      0      0 I   0,0   0,0   0:00.23 kworker+
  66033 root      20   0       0      0      0 I   0,0   0,0   0:00.07 kworker+
  66077 root      20   0       0      0      0 I   0,0   0,0   0:00.00 kworker+
  66099 root      20   0       0      0      0 I   0,0   0,0   0:00.10 kworker+
  66126 root      20   0       0      0      0 I   0,0   0,0   0:00.06 kworker+
  69388 root      20   0       0      0      0 I   0,0   0,0   0:12.21 kworker+
  69495 root      20   0       0      0      0 I   0,0   0,0   0:00.00 kworker+
  72885 root       0 -20       0      0      0 I   0,0   0,0   0:00.52 kworker+
  73497 anton     20   0 2934628 290744 154996 S   0,0   1,9   0:39.00 Isolate+
  74183 root      20   0       0      0      0 I   0,0   0,0   0:00.21 kworker+
  81728 anton     20   0 3175648 549120 158804 S   0,0   3,5   0:33.45 Isolate+
  82223 root      20   0       0      0      0 I   0,0   0,0   0:00.00 kworker+
  84143 anton     20   0 3312396 584824 158816 S   0,0   3,7   0:33.09 Isolate+
  85219 root      20   0       0      0      0 I   0,0   0,0   0:00.00 kworker+
  85778 root      20   0       0      0      0 I   0,0   0,0   0:00.00 kworker+
  85823 root       0 -20       0      0      0 I   0,0   0,0   0:00.26 kworker+
  85824 root       0 -20       0      0      0 I   0,0   0,0   0:00.24 kworker+
  85826 root       0 -20       0      0      0 I   0,0   0,0   0:00.32 kworker+
  87155 root      20   0       0      0      0 I   0,0   0,0   0:00.19 kworker+
  87744 anton     20   0 3664168 679332 214540 S   0,0   4,3   2:55.52 Isolate+
  87843 root      20   0       0      0      0 I   0,0   0,0   0:00.07 kworker+
  88531 root      20   0       0      0      0 I   0,0   0,0   0:10.40 kworker+
  91707 anton     20   0 2872448 303032 153688 S   0,0   1,9   0:19.40 Isolate+
  91793 root      20   0       0      0      0 I   0,0   0,0   0:00.00 kworker+
  93331 root      20   0       0      0      0 I   0,0   0,0   0:00.00 kworker+
  94441 root       0 -20       0      0      0 I   0,0   0,0   0:00.16 kworker+
  94442 root       0 -20       0      0      0 I   0,0   0,0   0:00.15 kworker+
  94505 root      20   0       0      0      0 I   0,0   0,0   0:00.00 kworker+
  96344 root      20   0       0      0      0 I   0,0   0,0   0:00.00 kworker+
  97721 root       0 -20       0      0      0 I   0,0   0,0   0:00.14 kworker+
  97722 root       0 -20       0      0      0 I   0,0   0,0   0:00.10 kworker+
  97723 root       0 -20       0      0      0 I   0,0   0,0   0:00.17 kworker+
  97724 root       0 -20       0      0      0 I   0,0   0,0   0:00.20 kworker+
  97725 root       0 -20       0      0      0 I   0,0   0,0   0:00.08 kworker+
  97726 root       0 -20       0      0      0 I   0,0   0,0   0:00.08 kworker+
  97727 root       0 -20       0      0      0 I   0,0   0,0   0:00.09 kworker+
  97728 root       0 -20       0      0      0 I   0,0   0,0   0:00.16 kworker+
  97729 root       0 -20       0      0      0 I   0,0   0,0   0:00.08 kworker+
  97730 root       0 -20       0      0      0 I   0,0   0,0   0:00.12 kworker+
 100818 anton     20   0 2466464  79044  65860 S   0,0   0,5   0:00.39 Web Con+
 101016 anton     20   0 2466480  79264  66080 S   0,0   0,5   0:00.38 Web Con+
 101236 root      20   0       0      0      0 I   0,0   0,0   0:00.02 kworker+
 101251 root      20   0       0      0      0 I   0,0   0,0   0:01.15 kworker+
 101466 anton     20   0 2466480  78872  65560 S   0,0   0,5   0:00.37 Web Con+
 101566 anton     20   0    7456   5420   5164 S   0,0   0,0   0:00.00 bash
 101583 anton     20   0    7456   5236   5108 S   0,0   0,0   0:00.00 bash
 102364 root      20   0       0      0      0 I   0,0   0,0   0:00.00 kworker+
 102892 root      20   0       0      0      0 I   0,0   0,0   0:00.00 kworker+
 104265 root      20   0       0      0      0 I   0,0   0,0   0:00.00 kworker+
 105057 root       0 -20       0      0      0 I   0,0   0,0   0:00.00 kworker+
 105129 root      20   0       0      0      0 I   0,0   0,0   0:00.00 kworker+
 105165 root      20   0       0      0      0 I   0,0   0,0   0:00.36 kworker+
 105691 anton     20   0 2235124 295296 208968 S   0,0   1,9   0:02.01 kscreen+
 105769 root      20   0       0      0      0 I   0,0   0,0   0:00.00 kworker+
 105770 root      20   0       0      0      0 I   0,0   0,0   0:00.17 kworker+
 105771 root      20   0       0      0      0 I   0,0   0,0   0:00.00 kworker+
 105772 root      20   0       0      0      0 I   0,0   0,0   0:00.00 kworker+
 105773 root      20   0       0      0      0 I   0,0   0,0   0:00.00 kworker+
 105774 root      20   0       0      0      0 I   0,0   0,0   0:00.00 kworker+
 105775 root      20   0       0      0      0 I   0,0   0,0   0:00.00 kworker+
 105776 root      20   0       0      0      0 I   0,0   0,0   0:00.00 kworker+
 105777 root      20   0       0      0      0 I   0,0   0,0   0:00.23 kworker+
 105778 root      20   0       0      0      0 I   0,0   0,0   0:00.00 kworker+
 105779 root      20   0       0      0      0 I   0,0   0,0   0:00.00 kworker+
 105780 root      20   0       0      0      0 I   0,0   0,0   0:00.00 kworker+
 105781 root      20   0       0      0      0 I   0,0   0,0   0:00.00 kworker+
 105782 root      20   0       0      0      0 I   0,0   0,0   0:00.00 kworker+
 105783 root      20   0       0      0      0 I   0,0   0,0   0:00.01 kworker+
 105784 root      20   0       0      0      0 I   0,0   0,0   0:00.05 kworker+
 105785 root      20   0       0      0      0 I   0,0   0,0   0:00.01 kworker+
 105786 root      20   0       0      0      0 I   0,0   0,0   0:00.00 kworker+
 105787 root      20   0       0      0      0 I   0,0   0,0   0:00.06 kworker+
 105788 root      20   0       0      0      0 I   0,0   0,0   0:00.00 kworker+
 105789 root      20   0       0      0      0 I   0,0   0,0   0:00.00 kworker+
 105790 root      20   0       0      0      0 I   0,0   0,0   0:00.00 kworker+
 105791 root      20   0       0      0      0 I   0,0   0,0   0:00.00 kworker+
 105792 root      20   0       0      0      0 I   0,0   0,0   0:00.18 kworker+
 105793 root      20   0       0      0      0 I   0,0   0,0   0:00.00 kworker+
 105794 root      20   0       0      0      0 I   0,0   0,0   0:00.00 kworker+
 105795 root      20   0       0      0      0 I   0,0   0,0   0:00.00 kworker+
 105796 root      20   0       0      0      0 I   0,0   0,0   0:00.00 kworker+
 105797 root      20   0       0      0      0 I   0,0   0,0   0:00.00 kworker+
 105798 root      20   0       0      0      0 I   0,0   0,0   0:00.00 kworker+
 105799 root      20   0       0      0      0 I   0,0   0,0   0:00.00 kworker+
 105800 root      20   0       0      0      0 I   0,0   0,0   0:00.23 kworker+
 105801 root      20   0       0      0      0 I   0,0   0,0   0:00.06 kworker+
 105802 root      20   0       0      0      0 I   0,0   0,0   0:00.00 kworker+
 105803 root      20   0       0      0      0 I   0,0   0,0   0:00.00 kworker+
 105804 root      20   0       0      0      0 I   0,0   0,0   0:00.00 kworker+
 105805 root      20   0       0      0      0 I   0,0   0,0   0:00.00 kworker+
 105806 root      20   0       0      0      0 I   0,0   0,0   0:00.00 kworker+
 105807 root      20   0       0      0      0 I   0,0   0,0   0:00.00 kworker+
 105808 root      20   0       0      0      0 I   0,0   0,0   0:00.00 kworker+
 105809 root      20   0       0      0      0 I   0,0   0,0   0:00.00 kworker+
 105810 root      20   0       0      0      0 I   0,0   0,0   0:00.00 kworker+
 105811 root      20   0       0      0      0 I   0,0   0,0   0:00.00 kworker+
 105812 root      20   0       0      0      0 I   0,0   0,0   0:00.00 kworker+
 105833 root      20   0       0      0      0 I   0,0   0,0   0:00.00 kworker+
 105834 root      20   0       0      0      0 I   0,0   0,0   0:00.00 kworker+
 105835 root      20   0       0      0      0 I   0,0   0,0   0:00.00 kworker+
 105836 root      20   0       0      0      0 I   0,0   0,0   0:00.00 kworker+
 105846 root      20   0       0      0      0 I   0,0   0,0   0:00.00 kworker+
 105882 root      20   0   14944   6116   5348 S   0,0   0,0   0:00.02 systemd+
 105883 root      20   0   14944   6108   5340 S   0,0   0,0   0:00.01 systemd+
 105884 root      20   0   14944   5944   5304 S   0,0   0,0   0:00.02 systemd+
 105904 root      20   0       0      0      0 I   0,0   0,0   0:00.00 kworker+
 106038 root      20   0       0      0      0 I   0,0   0,0   0:00.00 kworker+
 106870 root      20   0  306472   6620   6108 S   0,0   0,0   0:00.01 nm-disp+

top - 15:14:39 up  4:03,  2 users,  load average: 1,23, 1,50, 1,48
Tasks: 402 total,   1 running, 401 sleeping,   0 stopped,   0 zombie
%Cpu(s):  1,9 us,  2,2 sy,  0,0 ni, 95,7 id,  0,0 wa,  0,1 hi,  0,1 si,  0,0 st 
MiB Mem :  15337,5 total,   1229,9 free,  10843,4 used,   4325,0 buff/cache     
MiB Swap:      0,0 total,      0,0 free,      0,0 used.   4494,1 avail Mem 

    PID USER      PR  NI    VIRT    RES    SHR S  %CPU  %MEM     TIME+ COMMAND
  29228 anton     20   0   12,2g 909288 535840 S   4,3   5,8  14:16.46 firefox
  29340 anton     20   0   19,2g 445060 137632 S   2,3   2,8   6:37.70 WebExte+
  17206 anton     20   0   33,0g 276988 182220 S   1,3   1,8   1:36.26 code
  17263 anton     20   0 1136,6g 490432 129208 S   1,3   3,1   6:05.66 code
   1402 anton     20   0 6305456 473752 168464 S   1,0   3,0   1:09.14 plasmas+
  81728 anton     20   0 3175648 547820 158804 S   1,0   3,5   0:33.48 Isolate+
  87744 anton     20   0 3664152 679460 214540 S   1,0   4,3   2:55.55 Isolate+
 106905 anton     20   0    9652   7152   5104 R   0,7   0,0   0:00.06 top
    614 root     -51   0       0      0      0 S   0,3   0,0   2:40.94 irq/92-+
   1867 anton     20   0 3162040   1,4g 436004 S   0,3   9,3   3:05.34 telegra+
  17169 anton     20   0 1132,3g 617544 222748 S   0,3   3,9   0:49.88 code
  17321 anton     20   0 1132,1g 317268 165140 S   0,3   2,0   1:28.91 code
  29527 anton     20   0 2772976 291404 129568 S   0,3   1,9   0:26.20 Isolate+
  29612 anton     20   0 7254532 392344 119220 S   0,3   2,5   2:06.39 Isolate+
  43643 anton     20   0 2919680 341276 124944 S   0,3   2,2   1:04.76 Isolate+
 105784 root      20   0       0      0      0 I   0,3   0,0   0:00.06 kworker+
      1 root      20   0   21720  13140   9032 S   0,0   0,1   0:06.25 systemd
      2 root      20   0       0      0      0 S   0,0   0,0   0:00.02 kthreadd
      3 root      20   0       0      0      0 S   0,0   0,0   0:00.00 pool_wo+
      4 root       0 -20       0      0      0 I   0,0   0,0   0:00.00 kworker+
      5 root       0 -20       0      0      0 I   0,0   0,0   0:00.00 kworker+
      6 root       0 -20       0      0      0 I   0,0   0,0   0:00.00 kworker+
      7 root       0 -20       0      0      0 I   0,0   0,0   0:00.00 kworker+
     10 root       0 -20       0      0      0 I   0,0   0,0   0:00.00 kworker+
     13 root       0 -20       0      0      0 I   0,0   0,0   0:00.00 kworker+
     14 root      20   0       0      0      0 I   0,0   0,0   0:00.00 rcu_tas+
     15 root      20   0       0      0      0 I   0,0   0,0   0:00.00 rcu_tas+
     16 root      20   0       0      0      0 I   0,0   0,0   0:00.00 rcu_tas+
     17 root      20   0       0      0      0 S   0,0   0,0   0:00.35 ksoftir+
     18 root      -2   0       0      0      0 I   0,0   0,0   0:08.37 rcu_pre+
     19 root      -2   0       0      0      0 S   0,0   0,0   0:00.00 rcub/0
     20 root      20   0       0      0      0 S   0,0   0,0   0:00.00 rcu_exp+
     21 root      20   0       0      0      0 S   0,0   0,0   0:00.03 rcu_exp+
     22 root      rt   0       0      0      0 S   0,0   0,0   0:02.90 migrati+
     23 root     -51   0       0      0      0 S   0,0   0,0   0:00.00 idle_in+
     24 root      20   0       0      0      0 S   0,0   0,0   0:00.00 cpuhp/0
     25 root      20   0       0      0      0 S   0,0   0,0   0:00.00 cpuhp/2
     26 root     -51   0       0      0      0 S   0,0   0,0   0:00.00 idle_in+
     27 root      rt   0       0      0      0 S   0,0   0,0   0:02.12 migrati+
     28 root      20   0       0      0      0 S   0,0   0,0   0:00.15 ksoftir+
     30 root       0 -20       0      0      0 I   0,0   0,0   0:00.00 kworker+
     31 root      20   0       0      0      0 S   0,0   0,0   0:00.00 cpuhp/4
     32 root     -51   0       0      0      0 S   0,0   0,0   0:00.00 idle_in+
     33 root      rt   0       0      0      0 S   0,0   0,0   0:11.82 migrati+
     34 root      20   0       0      0      0 S   0,0   0,0   0:00.10 ksoftir+
     36 root       0 -20       0      0      0 I   0,0   0,0   0:00.00 kworker+
     37 root      20   0       0      0      0 S   0,0   0,0   0:00.00 cpuhp/6
     38 root     -51   0       0      0      0 S   0,0   0,0   0:00.00 idle_in+
     39 root      rt   0       0      0      0 S   0,0   0,0   0:04.02 migrati+
     40 root      20   0       0      0      0 S   0,0   0,0   0:00.38 ksoftir+
     42 root       0 -20       0      0      0 I   0,0   0,0   0:00.00 kworker+
     43 root      20   0       0      0      0 S   0,0   0,0   0:00.00 cpuhp/8
     44 root     -51   0       0      0      0 S   0,0   0,0   0:00.00 idle_in+
     45 root      rt   0       0      0      0 S   0,0   0,0   0:04.09 migrati+
     46 root      20   0       0      0      0 S   0,0   0,0   0:00.06 ksoftir+
     48 root       0 -20       0      0      0 I   0,0   0,0   0:00.00 kworker+
     49 root      20   0       0      0      0 S   0,0   0,0   0:00.00 cpuhp/10
     50 root     -51   0       0      0      0 S   0,0   0,0   0:00.00 idle_in+
     51 root      rt   0       0      0      0 S   0,0   0,0   0:07.35 migrati+
     52 root      20   0       0      0      0 S   0,0   0,0   0:00.04 ksoftir+
     54 root       0 -20       0      0      0 I   0,0   0,0   0:00.00 kworker+
     55 root      20   0       0      0      0 S   0,0   0,0   0:00.00 cpuhp/12
     56 root     -51   0       0      0      0 S   0,0   0,0   0:00.00 idle_in+
     57 root      rt   0       0      0      0 S   0,0   0,0   0:04.67 migrati+
     58 root      20   0       0      0      0 S   0,0   0,0   0:00.03 ksoftir+
     60 root       0 -20       0      0      0 I   0,0   0,0   0:00.00 kworker+
     61 root      20   0       0      0      0 S   0,0   0,0   0:00.00 cpuhp/14
     62 root     -51   0       0      0      0 S   0,0   0,0   0:00.00 idle_in+
     63 root      rt   0       0      0      0 S   0,0   0,0   0:06.88 migrati+
     64 root      20   0       0      0      0 S   0,0   0,0   0:00.03 ksoftir+
     66 root       0 -20       0      0      0 I   0,0   0,0   0:00.00 kworker+
     67 root      20   0       0      0      0 S   0,0   0,0   0:00.00 cpuhp/1
     68 root     -51   0       0      0      0 S   0,0   0,0   0:00.00 idle_in+
     69 root      rt   0       0      0      0 S   0,0   0,0   0:00.48 migrati+
     70 root      20   0       0      0      0 S   0,0   0,0   0:00.37 ksoftir+
     72 root       0 -20       0      0      0 I   0,0   0,0   0:00.00 kworker+
     73 root      20   0       0      0      0 S   0,0   0,0   0:00.00 cpuhp/3
     74 root     -51   0       0      0      0 S   0,0   0,0   0:00.00 idle_in+
     75 root      rt   0       0      0      0 S   0,0   0,0   0:00.60 migrati+
     76 root      20   0       0      0      0 S   0,0   0,0   0:00.12 ksoftir+
     78 root       0 -20       0      0      0 I   0,0   0,0   0:00.00 kworker+
     79 root      20   0       0      0      0 S   0,0   0,0   0:00.00 cpuhp/5
     80 root     -51   0       0      0      0 S   0,0   0,0   0:00.00 idle_in+
     81 root      rt   0       0      0      0 S   0,0   0,0   0:00.93 migrati+
     82 root      20   0       0      0      0 S   0,0   0,0   0:00.04 ksoftir+
     84 root       0 -20       0      0      0 I   0,0   0,0   0:00.00 kworker+
     85 root      20   0       0      0      0 S   0,0   0,0   0:00.00 cpuhp/7
     86 root     -51   0       0      0      0 S   0,0   0,0   0:00.00 idle_in+
     87 root      rt   0       0      0      0 S   0,0   0,0   0:01.99 migrati+
     88 root      20   0       0      0      0 S   0,0   0,0   0:00.03 ksoftir+
     90 root       0 -20       0      0      0 I   0,0   0,0   0:00.00 kworker+
     91 root      20   0       0      0      0 S   0,0   0,0   0:00.00 cpuhp/9
     92 root     -51   0       0      0      0 S   0,0   0,0   0:00.00 idle_in+
     93 root      rt   0       0      0      0 S   0,0   0,0   0:01.21 migrati+
     94 root      20   0       0      0      0 S   0,0   0,0   0:00.04 ksoftir+
     96 root       0 -20       0      0      0 I   0,0   0,0   0:00.00 kworker+
     97 root      20   0       0      0      0 S   0,0   0,0   0:00.00 cpuhp/11
     98 root     -51   0       0      0      0 S   0,0   0,0   0:00.00 idle_in+
     99 root      rt   0       0      0      0 S   0,0   0,0   0:02.65 migrati+
    100 root      20   0       0      0      0 S   0,0   0,0   0:00.01 ksoftir+
    102 root       0 -20       0      0      0 I   0,0   0,0   0:00.00 kworker+
    103 root      20   0       0      0      0 S   0,0   0,0   0:00.00 cpuhp/13
    104 root     -51   0       0      0      0 S   0,0   0,0   0:00.00 idle_in+
    105 root      rt   0       0      0      0 S   0,0   0,0   0:01.89 migrati+
    106 root      20   0       0      0      0 S   0,0   0,0   0:00.02 ksoftir+
    108 root       0 -20       0      0      0 I   0,0   0,0   0:00.00 kworker+
    109 root      20   0       0      0      0 S   0,0   0,0   0:00.00 cpuhp/15
    110 root     -51   0       0      0      0 S   0,0   0,0   0:00.00 idle_in+
    111 root      rt   0       0      0      0 S   0,0   0,0   0:04.12 migrati+
    112 root      20   0       0      0      0 S   0,0   0,0   0:00.02 ksoftir+
    114 root       0 -20       0      0      0 I   0,0   0,0   0:00.00 kworker+
    115 root      20   0       0      0      0 S   0,0   0,0   0:00.00 kdevtmp+
    116 root       0 -20       0      0      0 I   0,0   0,0   0:00.00 kworker+
    117 root      20   0       0      0      0 S   0,0   0,0   0:00.00 kauditd
    118 root      20   0       0      0      0 S   0,0   0,0   0:00.03 khungta+
    120 root      20   0       0      0      0 S   0,0   0,0   0:00.00 oom_rea+
    121 root       0 -20       0      0      0 I   0,0   0,0   0:00.00 kworker+
    122 root      20   0       0      0      0 S   0,0   0,0   0:06.61 kcompac+
    123 root      25   5       0      0      0 S   0,0   0,0   0:00.00 ksmd
    124 root      39  19       0      0      0 S   0,0   0,0   0:01.51 khugepa+
    125 root       0 -20       0      0      0 I   0,0   0,0   0:00.00 kworker+
    126 root       0 -20       0      0      0 I   0,0   0,0   0:00.00 kworker+
    127 root       0 -20       0      0      0 I   0,0   0,0   0:00.00 kworker+
    129 root     -51   0       0      0      0 S   0,0   0,0   0:00.00 irq/9-a+
    131 root       0 -20       0      0      0 I   0,0   0,0   0:00.00 kworker+
    132 root       0 -20       0      0      0 I   0,0   0,0   0:00.00 kworker+
    133 root       0 -20       0      0      0 I   0,0   0,0   0:00.00 kworker+
    134 root       0 -20       0      0      0 I   0,0   0,0   0:00.00 kworker+
    135 root     -51   0       0      0      0 S   0,0   0,0   0:00.00 watchdo+
    136 root       0 -20       0      0      0 I   0,0   0,0   0:00.04 kworker+
    137 root     -51   0       0      0      0 S   0,0   0,0   0:00.00 irq/25-+
    138 root     -51   0       0      0      0 S   0,0   0,0   0:00.00 irq/26-+
    139 root     -51   0       0      0      0 S   0,0   0,0   0:00.00 irq/27-+
    141 root      20   0       0      0      0 S   0,0   0,0   0:03.65 kswapd0
    142 root       0 -20       0      0      0 I   0,0   0,0   0:00.00 kworker+
    143 root       0 -20       0      0      0 I   0,0   0,0   0:00.00 kworker+
    144 root      20   0       0      0      0 S   0,0   0,0   0:00.00 scsi_eh+
    145 root       0 -20       0      0      0 I   0,0   0,0   0:00.00 kworker+
    146 root      20   0       0      0      0 S   0,0   0,0   0:00.00 scsi_eh+
    147 root       0 -20       0      0      0 I   0,0   0,0   0:00.00 kworker+
    149 root       0 -20       0      0      0 I   0,0   0,0   0:00.00 kworker+
    151 root       0 -20       0      0      0 I   0,0   0,0   0:00.00 kworker+
    154 root       0 -20       0      0      0 I   0,0   0,0   0:00.01 kworker+
    159 root       0 -20       0      0      0 I   0,0   0,0   0:00.00 kworker+
    161 root      20   0       0      0      0 I   0,0   0,0   0:00.16 kworker+
    162 root      20   0       0      0      0 I   0,0   0,0   0:00.03 kworker+
    166 root       0 -20       0      0      0 I   0,0   0,0   0:00.00 kworker+
    172 root     -51   0       0      0      0 S   0,0   0,0   0:00.00 irq/28-+
    173 root     -51   0       0      0      0 S   0,0   0,0   0:00.00 irq/29-+
    174 root     -51   0       0      0      0 S   0,0   0,0   0:00.00 irq/30-+
    175 root     -51   0       0      0      0 S   0,0   0,0   0:00.00 irq/31-+
    176 root     -51   0       0      0      0 S   0,0   0,0   0:00.00 irq/32-+
    177 root     -51   0       0      0      0 S   0,0   0,0   0:00.00 irq/33-+
    178 root     -51   0       0      0      0 S   0,0   0,0   0:00.00 irq/34-+
    179 root     -51   0       0      0      0 S   0,0   0,0   0:00.00 irq/35-+
    180 root     -51   0       0      0      0 S   0,0   0,0   0:00.00 irq/36-+
    181 root     -51   0       0      0      0 S   0,0   0,0  58:03.78 irq/37-+
    182 root     -51   0       0      0      0 S   0,0   0,0   0:00.01 irq/38-+
    183 root       0 -20       0      0      0 I   0,0   0,0   0:00.04 kworker+
    185 root       0 -20       0      0      0 I   0,0   0,0   0:00.04 kworker+
    187 root       0 -20       0      0      0 I   0,0   0,0   0:00.04 kworker+
    188 root       0 -20       0      0      0 I   0,0   0,0   0:00.03 kworker+
    225 root       0 -20       0      0      0 I   0,0   0,0   0:00.03 kworker+
    230 root       0 -20       0      0      0 I   0,0   0,0   0:00.01 kworker+
    237 root       0 -20       0      0      0 I   0,0   0,0   0:00.02 kworker+
    256 root      20   0       0      0      0 I   0,0   0,0   0:00.02 kworker+
    261 root       0 -20       0      0      0 I   0,0   0,0   0:00.01 kworker+
    329 root       0 -20       0      0      0 I   0,0   0,0   0:00.01 kworker+
    331 root       0 -20       0      0      0 I   0,0   0,0   0:00.00 kworker+
    333 root       0 -20       0      0      0 I   0,0   0,0   0:00.02 kworker+
    336 root       0 -20       0      0      0 I   0,0   0,0   0:00.00 kworker+
    338 root       0 -20       0      0      0 I   0,0   0,0   0:00.00 kworker+
    339 root       0 -20       0      0      0 I   0,0   0,0   0:00.01 kworker+
    364 root     -51   0       0      0      0 S   0,0   0,0   0:12.62 irq/47-+
    366 root       0 -20       0      0      0 I   0,0   0,0   0:00.00 kworker+
    380 root       0 -20       0      0      0 I   0,0   0,0   0:00.00 kworker+
    381 root       0 -20       0      0      0 I   0,0   0,0   0:00.00 kworker+
    382 root       0 -20       0      0      0 I   0,0   0,0   0:00.00 kworker+
    383 root       0 -20       0      0      0 I   0,0   0,0   0:00.00 kworker+
    384 root      20   0       0      0      0 I   0,0   0,0   0:00.26 kworker+
    390 root      20   0       0      0      0 I   0,0   0,0   0:00.19 kworker+
    391 root      20   0       0      0      0 I   0,0   0,0   0:00.16 kworker+
    420 root      20   0       0      0      0 S   0,0   0,0   0:01.49 jbd2/nv+
    421 root       0 -20       0      0      0 I   0,0   0,0   0:00.00 kworker+
    469 root      20   0   57416  24064  22868 S   0,0   0,2   0:02.03 systemd+
    500 root      20   0   14288   5788   5020 S   0,0   0,0   0:00.18 systemd+
    505 root      -2   0       0      0      0 S   0,0   0,0   0:00.00 psimon
    515 root      20   0   31268  11920   9232 S   0,0   0,1   0:00.49 systemd+
    516 root      -2   0       0      0      0 S   0,0   0,0   0:00.00 psimon
    585 root       0 -20       0      0      0 I   0,0   0,0   0:00.00 kworker+
    632 root       0 -20       0      0      0 I   0,0   0,0   0:00.00 kworker+
    639 root       0 -20       0      0      0 I   0,0   0,0   0:00.00 kworker+
    648 systemd+  20   0   89056   7076   6308 S   0,0   0,0   0:00.11 systemd+
    653 dbus      20   0    9376   5088   2832 S   0,0   0,0   0:00.45 dbus-br+
    654 dbus      20   0   11528   6844   2172 S   0,0   0,0   0:05.08 dbus-br+
    656 avahi     20   0    6224   4016   3760 S   0,0   0,0   0:00.20 avahi-d+
    657 root      20   0    9804   5196   4812 S   0,0   0,0   0:00.12 bluetoo+
    659 root      20   0  141580  50116  20228 S   0,0   0,3   0:01.05 firewal+
    660 root      20   0   15228   7840   6704 S   0,0   0,0   0:01.90 systemd+
    663 avahi     20   0    6224   1524   1264 S   0,0   0,0   0:00.00 avahi-d+
    688 root      20   0  562396  26548  21456 S   0,0   0,2   0:41.48 Network+
    726 root      20   0   16320  11084   9676 S   0,0   0,1   0:10.64 wpa_sup+
    735 root      20   0    6408   4140   4012 S   0,0   0,0   0:00.00 Outline+
    739 root      20   0  153416  18424  16376 S   0,0   0,1   0:00.02 sddm
    742 root      20   0 2388160  46552  34012 S   0,0   0,3   0:09.57 contain+
    779 polkitd   20   0  383408  11656   6908 S   0,0   0,1   0:06.48 polkitd
    789 root       0 -20       0      0      0 I   0,0   0,0   0:00.00 kworker+
    790 root       0 -20       0      0      0 I   0,0   0,0   0:00.00 kworker+
    791 root       0 -20       0      0      0 I   0,0   0,0   0:00.00 kworker+
    792 root       0 -20       0      0      0 I   0,0   0,0   0:00.00 kworker+
    793 root       0 -20       0      0      0 I   0,0   0,0   0:00.00 kworker+
    795 root     -51   0       0      0      0 S   0,0   0,0   0:00.00 card1-c+
    796 root     -51   0       0      0      0 S   0,0   0,0   0:00.00 card1-c+
    797 root     -51   0       0      0      0 S   0,0   0,0   0:00.00 card1-c+
    798 root     -51   0       0      0      0 S   0,0   0,0   0:00.00 card1-c+
    799 root      20   0 1163620  61652  29780 S   0,0   0,4   0:00.37 Xorg
    863 root      20   0 2665128  75112  48148 S   0,0   0,5   0:01.35 dockerd
   1040 root      20   0       0      0      0 I   0,0   0,0   0:00.17 kworker+
   1069 root      20   0       0      0      0 I   0,0   0,0   0:00.06 kworker+
   1118 root      20   0  307712   8644   8004 S   0,0   0,1   0:00.46 power-p+
   1124 root      20   0   77140  19308  17132 S   0,0   0,1   0:00.10 sddm-he+
   1144 anton     20   0   19944  11420   9116 S   0,0   0,1   0:01.66 systemd
   1146 anton     20   0   20448   3616   1912 S   0,0   0,0   0:00.00 (sd-pam)
   1159 anton     20   0 1439488  69276  51532 S   0,0   0,4   0:00.30 kwallet+
   1160 anton     20   0  217568  34640  30160 S   0,0   0,2   0:00.11 startpl+
   1169 anton     20   0    6944   3384   3128 S   0,0   0,0   0:00.04 dbus-br+
   1170 anton     20   0    5712   2988   2092 S   0,0   0,0   0:01.30 dbus-br+
   1177 anton     20   0  147308  15432  14024 S   0,0   0,1   0:00.02 kwin_wa+
   1181 anton     39  19  256,2g 133296 105144 S   0,0   0,8   0:09.72 baloo_f+
   1182 anton     -2   0 3453868 593852 488868 S   0,0   3,8   8:23.98 kwin_wa+
   1190 anton     20   0  619836  15668  13236 S   0,0   0,1   0:01.78 xdg-des+
   1191 root      20   0  467260  11912  10248 S   0,0   0,1   0:00.79 udisksd
   1200 anton     20   0  530856   6364   5852 S   0,0   0,0   0:00.14 xdg-doc+
   1205 anton     20   0  306052   5700   5316 S   0,0   0,0   0:00.23 xdg-per+
   1212 root      20   0    2560   1788   1788 S   0,0   0,0   0:00.00 fusermo+
   1219 root      20   0  316392  11052   9132 S   0,0   0,1   0:01.17 upowerd
   1221 rtkit     21   1   20516   3016   2888 S   0,0   0,0   0:00.17 rtkit-d+
   1244 anton      9 -11  170936  15164   9848 S   0,0   0,1   0:00.26 pipewire
   1245 anton      9 -11  480436  18584  14616 S   0,0   0,1   0:00.66 wireplu+
   1277 root      10 -10       0      0      0 S   0,0   0,0   0:00.00 krfcommd
   1285 anton     20   0  940560  76664  40232 S   0,0   0,5   0:23.67 Xwayland
   1302 anton     20   0  379160   6412   5900 S   0,0   0,0   0:00.10 at-spi-+
   1313 anton     20   0    6812   3176   2920 S   0,0   0,0   0:00.00 dbus-br+
   1317 anton     20   0    4096   2240   2112 S   0,0   0,0   0:00.00 dbus-br+
   1325 anton     20   0 1159344  63624  46716 S   0,0   0,4   0:00.94 ksmserv+
   1327 anton     20   0 1846044 100848  73948 S   0,0   0,6   0:06.62 kded6
   1385 anton     20   0  229084   5460   5076 S   0,0   0,0   0:00.01 dconf-s+
   1403 anton     20   0  232400   6348   5836 S   0,0   0,0   0:00.02 at-spi2+
   1414 anton      9 -11  184464  19136   9080 S   0,0   0,1   0:00.17 pipewir+
   1446 anton     20   0 1411652  57948  44784 S   0,0   0,4   0:01.49 kactivi+
   1449 anton     20   0 1079252  40548  28716 S   0,0   0,3   0:00.73 gmenudb+
   1450 anton     20   0 1159532  65764  49208 S   0,0   0,4   0:01.01 kaccess
   1451 anton     20   0 1433020  66256  51212 S   0,0   0,4   0:00.31 polkit-+
   1452 anton     20   0 1800516  70784  54904 S   0,0   0,5   0:03.79 org_kde+
   1454 anton     20   0 1832812  79012  55232 S   0,0   0,5   0:01.46 xdg-des+
   1455 anton     20   0 1078648  39632  27984 S   0,0   0,3   0:00.74 xembeds+
   1518 anton     20   0    7952   4480   4096 S   0,0   0,0   0:00.00 xsettin+
   1678 anton     20   0   36,8g 171340 111144 S   0,0   1,1   0:03.45 outline+
   1680 anton     20   0  661656  81984  50332 S   0,0   0,5   0:01.82 firewal+
   1682 anton     20   0 1632528  80932  62272 S   0,0   0,5   0:00.56 kdeconn+
   1687 anton     20   0 1774432  80364  54276 S   0,0   0,5   0:01.14 xwaylan+
   1695 anton     20   0   11588   1908   1600 S   0,0   0,0   0:02.44 Outline+
   1703 anton     20   0  309848   6376   5992 S   0,0   0,0   0:00.02 agent
   1862 anton     20   0 1883692 203148 174760 S   0,0   1,3   2:44.40 konsole
   1864 anton     20   0 1830620 166696 140384 S   0,0   1,1   0:34.63 konsole
   2033 anton     20   0   32,4g  56620  44716 S   0,0   0,4   0:00.13 outline+
   2039 anton     20   0   32,4g  56704  44672 S   0,0   0,4   0:00.13 outline+
   2109 anton     20   0   32,4g  14452   1928 S   0,0   0,1   0:00.00 outline+
   2172 anton     20   0    9096   7656   5736 S   0,0   0,0   0:00.04 bash
   2174 anton     20   0    9360   7816   5640 S   0,0   0,0   0:00.48 bash
   2321 anton     20   0   32,0g   2940   2684 S   0,0   0,0   0:00.00 chrome_+
   3170 anton     20   0   32,7g  96788  51868 S   0,0   0,6   0:01.13 outline+
   3234 anton     20   0   32,5g  77204  64024 S   0,0   0,5   0:00.89 outline+
   3266 anton     20   0   40,7g 164760 110548 S   0,0   1,0   0:01.93 outline+
   5984 root      20   0  155304   5308   5052 S   0,0   0,0   0:00.29 gpg-age+
  15083 root      -2   0       0      0      0 S   0,0   0,0   0:00.00 psimon
  17172 anton     20   0   32,7g 137792 125632 S   0,0   0,9   0:00.09 code
  17173 anton     20   0   32,7g 137376 125216 S   0,0   0,9   0:00.09 code
  17175 anton     20   0   32,7g  15700   3484 S   0,0   0,1   0:00.04 code
  17189 anton     20   0   32,0g   3132   2876 S   0,0   0,0   0:00.00 chrome_+
  17210 anton     20   0   32,5g 159896 145888 S   0,0   1,0   0:10.64 code
  17301 anton     20   0 1132,1g 218512 158900 S   0,0   1,4   0:33.29 code
  17302 anton     20   0 1132,1g 185504 160236 S   0,0   1,2   0:16.63 code
  21176 root      20   0       0      0      0 I   0,0   0,0   0:00.17 kworker+
  24654 root      20   0       0      0      0 I   0,0   0,0   0:05.45 kworker+
  26328 anton     20   0  124088  75080  21560 S   0,0   0,5   1:08.97 cpptools
  29328 anton     20   0  251436  36552  27848 S   0,0   0,2   0:00.08 Socket +
  29370 anton     20   0 2738472 195600 132792 S   0,0   1,2   0:13.70 Privile+
  29478 anton     20   0  509500  48952  38328 S   0,0   0,3   0:00.21 Utility+
  29681 anton     20   0 2664500 156872  98492 S   0,0   1,0   0:08.13 Isolate+
  33039 anton     20   0 1132,0g 184268 149076 S   0,0   1,2   0:01.72 code
  37049 anton     20   0 2661708 170932 108864 S   0,0   1,1   0:26.26 Isolate+
  40382 anton     20   0 1132,0g 166020 145192 S   0,0   1,1   0:01.40 code
  42178 anton     20   0  257,4g 161184 144012 S   0,0   1,0   0:00.16 balooru+
  42587 root      20   0       0      0      0 I   0,0   0,0   0:00.13 kworker+
  43321 anton     20   0  558164  52416  41324 S   0,0   0,3   0:00.25 RDD Pro+
  57310 root      20   0       0      0      0 I   0,0   0,0   0:00.07 kworker+
  61511 root      20   0       0      0      0 I   0,0   0,0   0:00.23 kworker+
  66033 root      20   0       0      0      0 I   0,0   0,0   0:00.07 kworker+
  66077 root      20   0       0      0      0 I   0,0   0,0   0:00.00 kworker+
  66099 root      20   0       0      0      0 I   0,0   0,0   0:00.10 kworker+
  66126 root      20   0       0      0      0 I   0,0   0,0   0:00.06 kworker+
  69388 root      20   0       0      0      0 I   0,0   0,0   0:12.21 kworker+
  69495 root      20   0       0      0      0 I   0,0   0,0   0:00.00 kworker+
  72885 root       0 -20       0      0      0 I   0,0   0,0   0:00.52 kworker+
  73497 anton     20   0 2934612 290744 154996 S   0,0   1,9   0:39.00 Isolate+
  74183 root      20   0       0      0      0 I   0,0   0,0   0:00.21 kworker+
  82223 root      20   0       0      0      0 I   0,0   0,0   0:00.00 kworker+
  84143 anton     20   0 3312396 584824 158816 S   0,0   3,7   0:33.09 Isolate+
  85219 root      20   0       0      0      0 I   0,0   0,0   0:00.00 kworker+
  85778 root      20   0       0      0      0 I   0,0   0,0   0:00.00 kworker+
  85823 root       0 -20       0      0      0 I   0,0   0,0   0:00.26 kworker+
  85824 root       0 -20       0      0      0 I   0,0   0,0   0:00.24 kworker+
  85826 root       0 -20       0      0      0 I   0,0   0,0   0:00.32 kworker+
  87155 root      20   0       0      0      0 I   0,0   0,0   0:00.19 kworker+
  87843 root      20   0       0      0      0 I   0,0   0,0   0:00.07 kworker+
  88531 root      20   0       0      0      0 I   0,0   0,0   0:10.40 kworker+
  91707 anton     20   0 2872448 303032 153688 S   0,0   1,9   0:19.40 Isolate+
  91793 root      20   0       0      0      0 I   0,0   0,0   0:00.00 kworker+
  93331 root      20   0       0      0      0 I   0,0   0,0   0:00.00 kworker+
  94441 root       0 -20       0      0      0 I   0,0   0,0   0:00.16 kworker+
  94442 root       0 -20       0      0      0 I   0,0   0,0   0:00.15 kworker+
  94505 root      20   0       0      0      0 I   0,0   0,0   0:00.00 kworker+
  96344 root      20   0       0      0      0 I   0,0   0,0   0:00.00 kworker+
  97721 root       0 -20       0      0      0 I   0,0   0,0   0:00.14 kworker+
  97722 root       0 -20       0      0      0 I   0,0   0,0   0:00.10 kworker+
  97723 root       0 -20       0      0      0 I   0,0   0,0   0:00.17 kworker+
  97724 root       0 -20       0      0      0 I   0,0   0,0   0:00.20 kworker+
  97725 root       0 -20       0      0      0 I   0,0   0,0   0:00.08 kworker+
  97726 root       0 -20       0      0      0 I   0,0   0,0   0:00.08 kworker+
  97727 root       0 -20       0      0      0 I   0,0   0,0   0:00.09 kworker+
  97728 root       0 -20       0      0      0 I   0,0   0,0   0:00.16 kworker+
  97729 root       0 -20       0      0      0 I   0,0   0,0   0:00.08 kworker+
  97730 root       0 -20       0      0      0 I   0,0   0,0   0:00.12 kworker+
 100818 anton     20   0 2466464  79044  65860 S   0,0   0,5   0:00.39 Web Con+
 101016 anton     20   0 2466480  79264  66080 S   0,0   0,5   0:00.38 Web Con+
 101236 root      20   0       0      0      0 I   0,0   0,0   0:00.02 kworker+
 101251 root      20   0       0      0      0 I   0,0   0,0   0:01.15 kworker+
 101466 anton     20   0 2466480  78872  65560 S   0,0   0,5   0:00.37 Web Con+
 101566 anton     20   0    7456   5420   5164 S   0,0   0,0   0:00.00 bash
 101583 anton     20   0    7456   5236   5108 S   0,0   0,0   0:00.00 bash
 102364 root      20   0       0      0      0 I   0,0   0,0   0:00.00 kworker+
 102892 root      20   0       0      0      0 I   0,0   0,0   0:00.00 kworker+
 104265 root      20   0       0      0      0 I   0,0   0,0   0:00.00 kworker+
 105057 root       0 -20       0      0      0 I   0,0   0,0   0:00.00 kworker+
 105129 root      20   0       0      0      0 I   0,0   0,0   0:00.00 kworker+
 105165 root      20   0       0      0      0 I   0,0   0,0   0:00.36 kworker+
 105691 anton     20   0 2235124 295296 208968 S   0,0   1,9   0:02.01 kscreen+
 105769 root      20   0       0      0      0 I   0,0   0,0   0:00.00 kworker+
 105770 root      20   0       0      0      0 I   0,0   0,0   0:00.17 kworker+
 105771 root      20   0       0      0      0 I   0,0   0,0   0:00.00 kworker+
 105772 root      20   0       0      0      0 I   0,0   0,0   0:00.00 kworker+
 105773 root      20   0       0      0      0 I   0,0   0,0   0:00.00 kworker+
 105774 root      20   0       0      0      0 I   0,0   0,0   0:00.00 kworker+
 105775 root      20   0       0      0      0 I   0,0   0,0   0:00.00 kworker+
 105776 root      20   0       0      0      0 I   0,0   0,0   0:00.00 kworker+
 105777 root      20   0       0      0      0 I   0,0   0,0   0:00.23 kworker+
 105778 root      20   0       0      0      0 I   0,0   0,0   0:00.00 kworker+
 105779 root      20   0       0      0      0 I   0,0   0,0   0:00.00 kworker+
 105780 root      20   0       0      0      0 I   0,0   0,0   0:00.00 kworker+
 105781 root      20   0       0      0      0 I   0,0   0,0   0:00.00 kworker+
 105782 root      20   0       0      0      0 I   0,0   0,0   0:00.00 kworker+
 105783 root      20   0       0      0      0 I   0,0   0,0   0:00.01 kworker+
 105785 root      20   0       0      0      0 I   0,0   0,0   0:00.01 kworker+
 105786 root      20   0       0      0      0 I   0,0   0,0   0:00.00 kworker+
 105787 root      20   0       0      0      0 I   0,0   0,0   0:00.06 kworker+
 105788 root      20   0       0      0      0 I   0,0   0,0   0:00.00 kworker+
 105789 root      20   0       0      0      0 I   0,0   0,0   0:00.00 kworker+
 105790 root      20   0       0      0      0 I   0,0   0,0   0:00.00 kworker+
 105791 root      20   0       0      0      0 I   0,0   0,0   0:00.00 kworker+
 105792 root      20   0       0      0      0 I   0,0   0,0   0:00.18 kworker+
 105793 root      20   0       0      0      0 I   0,0   0,0   0:00.00 kworker+
 105794 root      20   0       0      0      0 I   0,0   0,0   0:00.00 kworker+
 105795 root      20   0       0      0      0 I   0,0   0,0   0:00.00 kworker+
 105796 root      20   0       0      0      0 I   0,0   0,0   0:00.00 kworker+
 105797 root      20   0       0      0      0 I   0,0   0,0   0:00.00 kworker+
 105798 root      20   0       0      0      0 I   0,0   0,0   0:00.00 kworker+
 105799 root      20   0       0      0      0 I   0,0   0,0   0:00.00 kworker+
 105800 root      20   0       0      0      0 I   0,0   0,0   0:00.23 kworker+
 105801 root      20   0       0      0      0 I   0,0   0,0   0:00.06 kworker+
 105802 root      20   0       0      0      0 I   0,0   0,0   0:00.00 kworker+
 105803 root      20   0       0      0      0 I   0,0   0,0   0:00.00 kworker+
 105804 root      20   0       0      0      0 I   0,0   0,0   0:00.00 kworker+
 105805 root      20   0       0      0      0 I   0,0   0,0   0:00.00 kworker+
 105806 root      20   0       0      0      0 I   0,0   0,0   0:00.00 kworker+
 105807 root      20   0       0      0      0 I   0,0   0,0   0:00.00 kworker+
 105808 root      20   0       0      0      0 I   0,0   0,0   0:00.00 kworker+
 105809 root      20   0       0      0      0 I   0,0   0,0   0:00.00 kworker+
 105810 root      20   0       0      0      0 I   0,0   0,0   0:00.00 kworker+
 105811 root      20   0       0      0      0 I   0,0   0,0   0:00.00 kworker+
 105812 root      20   0       0      0      0 I   0,0   0,0   0:00.00 kworker+
 105833 root      20   0       0      0      0 I   0,0   0,0   0:00.00 kworker+
 105834 root      20   0       0      0      0 I   0,0   0,0   0:00.00 kworker+
 105835 root      20   0       0      0      0 I   0,0   0,0   0:00.00 kworker+
 105836 root      20   0       0      0      0 I   0,0   0,0   0:00.00 kworker+
 105846 root      20   0       0      0      0 I   0,0   0,0   0:00.00 kworker+
 105882 root      20   0   14944   6116   5348 S   0,0   0,0   0:00.02 systemd+
 105883 root      20   0   14944   6108   5340 S   0,0   0,0   0:00.01 systemd+
 105884 root      20   0   14944   5944   5304 S   0,0   0,0   0:00.02 systemd+
 105904 root      20   0       0      0      0 I   0,0   0,0   0:00.00 kworker+
 106038 root      20   0       0      0      0 I   0,0   0,0   0:00.00 kworker+
 106870 root      20   0  306472   6620   6108 S   0,0   0,0   0:00.01 nm-disp+

top - 15:14:42 up  4:03,  2 users,  load average: 1,23, 1,50, 1,48
Tasks: 402 total,   1 running, 401 sleeping,   0 stopped,   0 zombie
%Cpu(s):  0,5 us,  0,5 sy,  0,0 ni, 98,7 id,  0,0 wa,  0,1 hi,  0,2 si,  0,0 st 
MiB Mem :  15337,5 total,   1224,9 free,  10848,4 used,   4322,0 buff/cache     
MiB Swap:      0,0 total,      0,0 free,      0,0 used.   4489,1 avail Mem 

    PID USER      PR  NI    VIRT    RES    SHR S  %CPU  %MEM     TIME+ COMMAND
  29340 anton     20   0   19,2g 442808 137632 S   1,7   2,8   6:37.75 WebExte+
  84143 anton     20   0 3312412 585020 158816 S   1,7   3,7   0:33.14 Isolate+
    614 root     -51   0       0      0      0 S   1,3   0,0   2:40.98 irq/92-+
   1402 anton     20   0 6305456 473752 168464 S   1,3   3,0   1:09.18 plasmas+
  29228 anton     20   0   12,2g 909672 535840 S   1,3   5,8  14:16.50 firefox
  17321 anton     20   0 1132,1g 317140 165140 S   1,0   2,0   1:28.94 code
    688 root      20   0  562396  26548  21456 S   0,7   0,2   0:41.50 Network+
  87744 anton     20   0 3664152 679588 214540 S   0,7   4,3   2:55.57 Isolate+
 106905 anton     20   0    9652   7152   5104 R   0,7   0,0   0:00.08 top
   1285 anton     20   0  940560  76664  40232 S   0,3   0,5   0:23.68 Xwayland
  17206 anton     20   0   33,0g 276724 182084 S   0,3   1,8   1:36.27 code
  29612 anton     20   0 7254516 392344 119220 S   0,3   2,5   2:06.40 Isolate+
  37049 anton     20   0 2661708 170932 108864 S   0,3   1,1   0:26.27 Isolate+
  81728 anton     20   0 3175648 547820 158804 S   0,3   3,5   0:33.49 Isolate+
  91707 anton     20   0 2872448 303032 153688 S   0,3   1,9   0:19.41 Isolate+
  96344 root      20   0       0      0      0 I   0,3   0,0   0:00.01 kworker+
      1 root      20   0   21720  13140   9032 S   0,0   0,1   0:06.25 systemd
      2 root      20   0       0      0      0 S   0,0   0,0   0:00.02 kthreadd
      3 root      20   0       0      0      0 S   0,0   0,0   0:00.00 pool_wo+
      4 root       0 -20       0      0      0 I   0,0   0,0   0:00.00 kworker+
      5 root       0 -20       0      0      0 I   0,0   0,0   0:00.00 kworker+
      6 root       0 -20       0      0      0 I   0,0   0,0   0:00.00 kworker+
      7 root       0 -20       0      0      0 I   0,0   0,0   0:00.00 kworker+
     10 root       0 -20       0      0      0 I   0,0   0,0   0:00.00 kworker+
     13 root       0 -20       0      0      0 I   0,0   0,0   0:00.00 kworker+
     14 root      20   0       0      0      0 I   0,0   0,0   0:00.00 rcu_tas+
     15 root      20   0       0      0      0 I   0,0   0,0   0:00.00 rcu_tas+
     16 root      20   0       0      0      0 I   0,0   0,0   0:00.00 rcu_tas+
     17 root      20   0       0      0      0 S   0,0   0,0   0:00.35 ksoftir+
     18 root      -2   0       0      0      0 I   0,0   0,0   0:08.37 rcu_pre+
     19 root      -2   0       0      0      0 S   0,0   0,0   0:00.00 rcub/0
     20 root      20   0       0      0      0 S   0,0   0,0   0:00.00 rcu_exp+
     21 root      20   0       0      0      0 S   0,0   0,0   0:00.03 rcu_exp+
     22 root      rt   0       0      0      0 S   0,0   0,0   0:02.90 migrati+
     23 root     -51   0       0      0      0 S   0,0   0,0   0:00.00 idle_in+
     24 root      20   0       0      0      0 S   0,0   0,0   0:00.00 cpuhp/0
     25 root      20   0       0      0      0 S   0,0   0,0   0:00.00 cpuhp/2
     26 root     -51   0       0      0      0 S   0,0   0,0   0:00.00 idle_in+
     27 root      rt   0       0      0      0 S   0,0   0,0   0:02.12 migrati+
     28 root      20   0       0      0      0 S   0,0   0,0   0:00.15 ksoftir+
     30 root       0 -20       0      0      0 I   0,0   0,0   0:00.00 kworker+
     31 root      20   0       0      0      0 S   0,0   0,0   0:00.00 cpuhp/4
     32 root     -51   0       0      0      0 S   0,0   0,0   0:00.00 idle_in+
     33 root      rt   0       0      0      0 S   0,0   0,0   0:11.82 migrati+
     34 root      20   0       0      0      0 S   0,0   0,0   0:00.10 ksoftir+
     36 root       0 -20       0      0      0 I   0,0   0,0   0:00.00 kworker+
     37 root      20   0       0      0      0 S   0,0   0,0   0:00.00 cpuhp/6
     38 root     -51   0       0      0      0 S   0,0   0,0   0:00.00 idle_in+
     39 root      rt   0       0      0      0 S   0,0   0,0   0:04.02 migrati+
     40 root      20   0       0      0      0 S   0,0   0,0   0:00.38 ksoftir+
     42 root       0 -20       0      0      0 I   0,0   0,0   0:00.00 kworker+
     43 root      20   0       0      0      0 S   0,0   0,0   0:00.00 cpuhp/8
     44 root     -51   0       0      0      0 S   0,0   0,0   0:00.00 idle_in+
     45 root      rt   0       0      0      0 S   0,0   0,0   0:04.09 migrati+
     46 root      20   0       0      0      0 S   0,0   0,0   0:00.06 ksoftir+
     48 root       0 -20       0      0      0 I   0,0   0,0   0:00.00 kworker+
     49 root      20   0       0      0      0 S   0,0   0,0   0:00.00 cpuhp/10
     50 root     -51   0       0      0      0 S   0,0   0,0   0:00.00 idle_in+
     51 root      rt   0       0      0      0 S   0,0   0,0   0:07.35 migrati+
     52 root      20   0       0      0      0 S   0,0   0,0   0:00.04 ksoftir+
     54 root       0 -20       0      0      0 I   0,0   0,0   0:00.00 kworker+
     55 root      20   0       0      0      0 S   0,0   0,0   0:00.00 cpuhp/12
     56 root     -51   0       0      0      0 S   0,0   0,0   0:00.00 idle_in+
     57 root      rt   0       0      0      0 S   0,0   0,0   0:04.67 migrati+
     58 root      20   0       0      0      0 S   0,0   0,0   0:00.03 ksoftir+
     60 root       0 -20       0      0      0 I   0,0   0,0   0:00.00 kworker+
     61 root      20   0       0      0      0 S   0,0   0,0   0:00.00 cpuhp/14
     62 root     -51   0       0      0      0 S   0,0   0,0   0:00.00 idle_in+
     63 root      rt   0       0      0      0 S   0,0   0,0   0:06.88 migrati+
     64 root      20   0       0      0      0 S   0,0   0,0   0:00.03 ksoftir+
     66 root       0 -20       0      0      0 I   0,0   0,0   0:00.00 kworker+
     67 root      20   0       0      0      0 S   0,0   0,0   0:00.00 cpuhp/1
     68 root     -51   0       0      0      0 S   0,0   0,0   0:00.00 idle_in+
     69 root      rt   0       0      0      0 S   0,0   0,0   0:00.48 migrati+
     70 root      20   0       0      0      0 S   0,0   0,0   0:00.37 ksoftir+
     72 root       0 -20       0      0      0 I   0,0   0,0   0:00.00 kworker+
     73 root      20   0       0      0      0 S   0,0   0,0   0:00.00 cpuhp/3
     74 root     -51   0       0      0      0 S   0,0   0,0   0:00.00 idle_in+
     75 root      rt   0       0      0      0 S   0,0   0,0   0:00.60 migrati+
     76 root      20   0       0      0      0 S   0,0   0,0   0:00.12 ksoftir+
     78 root       0 -20       0      0      0 I   0,0   0,0   0:00.00 kworker+
     79 root      20   0       0      0      0 S   0,0   0,0   0:00.00 cpuhp/5
     80 root     -51   0       0      0      0 S   0,0   0,0   0:00.00 idle_in+
     81 root      rt   0       0      0      0 S   0,0   0,0   0:00.93 migrati+
     82 root      20   0       0      0      0 S   0,0   0,0   0:00.04 ksoftir+
     84 root       0 -20       0      0      0 I   0,0   0,0   0:00.00 kworker+
     85 root      20   0       0      0      0 S   0,0   0,0   0:00.00 cpuhp/7
     86 root     -51   0       0      0      0 S   0,0   0,0   0:00.00 idle_in+
     87 root      rt   0       0      0      0 S   0,0   0,0   0:01.99 migrati+
     88 root      20   0       0      0      0 S   0,0   0,0   0:00.03 ksoftir+
     90 root       0 -20       0      0      0 I   0,0   0,0   0:00.00 kworker+
     91 root      20   0       0      0      0 S   0,0   0,0   0:00.00 cpuhp/9
     92 root     -51   0       0      0      0 S   0,0   0,0   0:00.00 idle_in+
     93 root      rt   0       0      0      0 S   0,0   0,0   0:01.21 migrati+
     94 root      20   0       0      0      0 S   0,0   0,0   0:00.04 ksoftir+
     96 root       0 -20       0      0      0 I   0,0   0,0   0:00.00 kworker+
     97 root      20   0       0      0      0 S   0,0   0,0   0:00.00 cpuhp/11
     98 root     -51   0       0      0      0 S   0,0   0,0   0:00.00 idle_in+
     99 root      rt   0       0      0      0 S   0,0   0,0   0:02.65 migrati+
    100 root      20   0       0      0      0 S   0,0   0,0   0:00.01 ksoftir+
    102 root       0 -20       0      0      0 I   0,0   0,0   0:00.00 kworker+
    103 root      20   0       0      0      0 S   0,0   0,0   0:00.00 cpuhp/13
    104 root     -51   0       0      0      0 S   0,0   0,0   0:00.00 idle_in+
    105 root      rt   0       0      0      0 S   0,0   0,0   0:01.89 migrati+
    106 root      20   0       0      0      0 S   0,0   0,0   0:00.02 ksoftir+
    108 root       0 -20       0      0      0 I   0,0   0,0   0:00.00 kworker+
    109 root      20   0       0      0      0 S   0,0   0,0   0:00.00 cpuhp/15
    110 root     -51   0       0      0      0 S   0,0   0,0   0:00.00 idle_in+
    111 root      rt   0       0      0      0 S   0,0   0,0   0:04.12 migrati+
    112 root      20   0       0      0      0 S   0,0   0,0   0:00.02 ksoftir+
    114 root       0 -20       0      0      0 I   0,0   0,0   0:00.00 kworker+
    115 root      20   0       0      0      0 S   0,0   0,0   0:00.00 kdevtmp+
    116 root       0 -20       0      0      0 I   0,0   0,0   0:00.00 kworker+
    117 root      20   0       0      0      0 S   0,0   0,0   0:00.00 kauditd
    118 root      20   0       0      0      0 S   0,0   0,0   0:00.03 khungta+
    120 root      20   0       0      0      0 S   0,0   0,0   0:00.00 oom_rea+
    121 root       0 -20       0      0      0 I   0,0   0,0   0:00.00 kworker+
    122 root      20   0       0      0      0 S   0,0   0,0   0:06.61 kcompac+
    123 root      25   5       0      0      0 S   0,0   0,0   0:00.00 ksmd
    124 root      39  19       0      0      0 S   0,0   0,0   0:01.51 khugepa+
    125 root       0 -20       0      0      0 I   0,0   0,0   0:00.00 kworker+
    126 root       0 -20       0      0      0 I   0,0   0,0   0:00.00 kworker+
    127 root       0 -20       0      0      0 I   0,0   0,0   0:00.00 kworker+
    129 root     -51   0       0      0      0 S   0,0   0,0   0:00.00 irq/9-a+
    131 root       0 -20       0      0      0 I   0,0   0,0   0:00.00 kworker+
    132 root       0 -20       0      0      0 I   0,0   0,0   0:00.00 kworker+
    133 root       0 -20       0      0      0 I   0,0   0,0   0:00.00 kworker+
    134 root       0 -20       0      0      0 I   0,0   0,0   0:00.00 kworker+
    135 root     -51   0       0      0      0 S   0,0   0,0   0:00.00 watchdo+
    136 root       0 -20       0      0      0 I   0,0   0,0   0:00.04 kworker+
    137 root     -51   0       0      0      0 S   0,0   0,0   0:00.00 irq/25-+
    138 root     -51   0       0      0      0 S   0,0   0,0   0:00.00 irq/26-+
    139 root     -51   0       0      0      0 S   0,0   0,0   0:00.00 irq/27-+
    141 root      20   0       0      0      0 S   0,0   0,0   0:03.65 kswapd0
    142 root       0 -20       0      0      0 I   0,0   0,0   0:00.00 kworker+
    143 root       0 -20       0      0      0 I   0,0   0,0   0:00.00 kworker+
    144 root      20   0       0      0      0 S   0,0   0,0   0:00.00 scsi_eh+
    145 root       0 -20       0      0      0 I   0,0   0,0   0:00.00 kworker+
    146 root      20   0       0      0      0 S   0,0   0,0   0:00.00 scsi_eh+
    147 root       0 -20       0      0      0 I   0,0   0,0   0:00.00 kworker+
    149 root       0 -20       0      0      0 I   0,0   0,0   0:00.00 kworker+
    151 root       0 -20       0      0      0 I   0,0   0,0   0:00.00 kworker+
    154 root       0 -20       0      0      0 I   0,0   0,0   0:00.01 kworker+
    159 root       0 -20       0      0      0 I   0,0   0,0   0:00.00 kworker+
    161 root      20   0       0      0      0 I   0,0   0,0   0:00.16 kworker+
    162 root      20   0       0      0      0 I   0,0   0,0   0:00.03 kworker+
    166 root       0 -20       0      0      0 I   0,0   0,0   0:00.00 kworker+
    172 root     -51   0       0      0      0 S   0,0   0,0   0:00.00 irq/28-+
    173 root     -51   0       0      0      0 S   0,0   0,0   0:00.00 irq/29-+
    174 root     -51   0       0      0      0 S   0,0   0,0   0:00.00 irq/30-+
    175 root     -51   0       0      0      0 S   0,0   0,0   0:00.00 irq/31-+
    176 root     -51   0       0      0      0 S   0,0   0,0   0:00.00 irq/32-+
    177 root     -51   0       0      0      0 S   0,0   0,0   0:00.00 irq/33-+
    178 root     -51   0       0      0      0 S   0,0   0,0   0:00.00 irq/34-+
    179 root     -51   0       0      0      0 S   0,0   0,0   0:00.00 irq/35-+
    180 root     -51   0       0      0      0 S   0,0   0,0   0:00.00 irq/36-+
    181 root     -51   0       0      0      0 S   0,0   0,0  58:03.78 irq/37-+
    182 root     -51   0       0      0      0 S   0,0   0,0   0:00.01 irq/38-+
    183 root       0 -20       0      0      0 I   0,0   0,0   0:00.04 kworker+
    185 root       0 -20       0      0      0 I   0,0   0,0   0:00.04 kworker+
    187 root       0 -20       0      0      0 I   0,0   0,0   0:00.04 kworker+
    188 root       0 -20       0      0      0 I   0,0   0,0   0:00.03 kworker+
    225 root       0 -20       0      0      0 I   0,0   0,0   0:00.03 kworker+
    230 root       0 -20       0      0      0 I   0,0   0,0   0:00.01 kworker+
    237 root       0 -20       0      0      0 I   0,0   0,0   0:00.02 kworker+
    256 root      20   0       0      0      0 I   0,0   0,0   0:00.02 kworker+
    261 root       0 -20       0      0      0 I   0,0   0,0   0:00.01 kworker+
    329 root       0 -20       0      0      0 I   0,0   0,0   0:00.01 kworker+
    331 root       0 -20       0      0      0 I   0,0   0,0   0:00.00 kworker+
    333 root       0 -20       0      0      0 I   0,0   0,0   0:00.02 kworker+
    336 root       0 -20       0      0      0 I   0,0   0,0   0:00.00 kworker+
    338 root       0 -20       0      0      0 I   0,0   0,0   0:00.00 kworker+
    339 root       0 -20       0      0      0 I   0,0   0,0   0:00.01 kworker+
    364 root     -51   0       0      0      0 S   0,0   0,0   0:12.62 irq/47-+
    366 root       0 -20       0      0      0 I   0,0   0,0   0:00.00 kworker+
    380 root       0 -20       0      0      0 I   0,0   0,0   0:00.00 kworker+
    381 root       0 -20       0      0      0 I   0,0   0,0   0:00.00 kworker+
    382 root       0 -20       0      0      0 I   0,0   0,0   0:00.00 kworker+
    383 root       0 -20       0      0      0 I   0,0   0,0   0:00.00 kworker+
    384 root      20   0       0      0      0 I   0,0   0,0   0:00.26 kworker+
    390 root      20   0       0      0      0 I   0,0   0,0   0:00.19 kworker+
    391 root      20   0       0      0      0 I   0,0   0,0   0:00.16 kworker+
    420 root      20   0       0      0      0 S   0,0   0,0   0:01.49 jbd2/nv+
    421 root       0 -20       0      0      0 I   0,0   0,0   0:00.00 kworker+
    469 root      20   0   57416  24064  22868 S   0,0   0,2   0:02.03 systemd+
    500 root      20   0   14288   5788   5020 S   0,0   0,0   0:00.18 systemd+
    505 root      -2   0       0      0      0 S   0,0   0,0   0:00.00 psimon
    515 root      20   0   31268  11920   9232 S   0,0   0,1   0:00.49 systemd+
    516 root      -2   0       0      0      0 S   0,0   0,0   0:00.00 psimon
    585 root       0 -20       0      0      0 I   0,0   0,0   0:00.00 kworker+
    632 root       0 -20       0      0      0 I   0,0   0,0   0:00.00 kworker+
    639 root       0 -20       0      0      0 I   0,0   0,0   0:00.00 kworker+
    648 systemd+  20   0   89056   7076   6308 S   0,0   0,0   0:00.11 systemd+
    653 dbus      20   0    9376   5088   2832 S   0,0   0,0   0:00.45 dbus-br+
    654 dbus      20   0   11528   6844   2172 S   0,0   0,0   0:05.08 dbus-br+
    656 avahi     20   0    6224   4016   3760 S   0,0   0,0   0:00.20 avahi-d+
    657 root      20   0    9804   5196   4812 S   0,0   0,0   0:00.12 bluetoo+
    659 root      20   0  141580  50116  20228 S   0,0   0,3   0:01.05 firewal+
    660 root      20   0   15228   7840   6704 S   0,0   0,0   0:01.90 systemd+
    663 avahi     20   0    6224   1524   1264 S   0,0   0,0   0:00.00 avahi-d+
    726 root      20   0   16320  11084   9676 S   0,0   0,1   0:10.64 wpa_sup+
    735 root      20   0    6408   4140   4012 S   0,0   0,0   0:00.00 Outline+
    739 root      20   0  153416  18424  16376 S   0,0   0,1   0:00.02 sddm
    742 root      20   0 2388160  46552  34012 S   0,0   0,3   0:09.57 contain+
    779 polkitd   20   0  383408  11656   6908 S   0,0   0,1   0:06.48 polkitd
    789 root       0 -20       0      0      0 I   0,0   0,0   0:00.00 kworker+
    790 root       0 -20       0      0      0 I   0,0   0,0   0:00.00 kworker+
    791 root       0 -20       0      0      0 I   0,0   0,0   0:00.00 kworker+
    792 root       0 -20       0      0      0 I   0,0   0,0   0:00.00 kworker+
    793 root       0 -20       0      0      0 I   0,0   0,0   0:00.00 kworker+
    795 root     -51   0       0      0      0 S   0,0   0,0   0:00.00 card1-c+
    796 root     -51   0       0      0      0 S   0,0   0,0   0:00.00 card1-c+
    797 root     -51   0       0      0      0 S   0,0   0,0   0:00.00 card1-c+
    798 root     -51   0       0      0      0 S   0,0   0,0   0:00.00 card1-c+
    799 root      20   0 1163620  61652  29780 S   0,0   0,4   0:00.37 Xorg
    863 root      20   0 2665128  75112  48148 S   0,0   0,5   0:01.35 dockerd
   1040 root      20   0       0      0      0 I   0,0   0,0   0:00.17 kworker+
   1069 root      20   0       0      0      0 I   0,0   0,0   0:00.06 kworker+
   1118 root      20   0  307712   8644   8004 S   0,0   0,1   0:00.46 power-p+
   1124 root      20   0   77140  19308  17132 S   0,0   0,1   0:00.10 sddm-he+
   1144 anton     20   0   19944  11420   9116 S   0,0   0,1   0:01.66 systemd
   1146 anton     20   0   20448   3616   1912 S   0,0   0,0   0:00.00 (sd-pam)
   1159 anton     20   0 1439488  69276  51532 S   0,0   0,4   0:00.30 kwallet+
   1160 anton     20   0  217568  34640  30160 S   0,0   0,2   0:00.11 startpl+
   1169 anton     20   0    6944   3384   3128 S   0,0   0,0   0:00.04 dbus-br+
   1170 anton     20   0    5712   2988   2092 S   0,0   0,0   0:01.30 dbus-br+
   1177 anton     20   0  147308  15432  14024 S   0,0   0,1   0:00.02 kwin_wa+
   1181 anton     39  19  256,2g 133296 105144 S   0,0   0,8   0:09.72 baloo_f+
   1182 anton     -2   0 3453868 593852 488868 S   0,0   3,8   8:23.98 kwin_wa+
   1190 anton     20   0  619836  15668  13236 S   0,0   0,1   0:01.78 xdg-des+
   1191 root      20   0  467260  11912  10248 S   0,0   0,1   0:00.79 udisksd
   1200 anton     20   0  530856   6364   5852 S   0,0   0,0   0:00.14 xdg-doc+
   1205 anton     20   0  306052   5700   5316 S   0,0   0,0   0:00.23 xdg-per+
   1212 root      20   0    2560   1788   1788 S   0,0   0,0   0:00.00 fusermo+
   1219 root      20   0  316392  11052   9132 S   0,0   0,1   0:01.17 upowerd
   1221 rtkit     21   1   20516   3016   2888 S   0,0   0,0   0:00.17 rtkit-d+
   1244 anton      9 -11  170936  15164   9848 S   0,0   0,1   0:00.26 pipewire
   1245 anton      9 -11  480436  18584  14616 S   0,0   0,1   0:00.66 wireplu+
   1277 root      10 -10       0      0      0 S   0,0   0,0   0:00.00 krfcommd
   1302 anton     20   0  379160   6412   5900 S   0,0   0,0   0:00.10 at-spi-+
   1313 anton     20   0    6812   3176   2920 S   0,0   0,0   0:00.00 dbus-br+
   1317 anton     20   0    4096   2240   2112 S   0,0   0,0   0:00.00 dbus-br+
   1325 anton     20   0 1159344  63624  46716 S   0,0   0,4   0:00.94 ksmserv+
   1327 anton     20   0 1846044 100848  73948 S   0,0   0,6   0:06.62 kded6
   1385 anton     20   0  229084   5460   5076 S   0,0   0,0   0:00.01 dconf-s+
   1403 anton     20   0  232400   6348   5836 S   0,0   0,0   0:00.02 at-spi2+
   1414 anton      9 -11  184464  19136   9080 S   0,0   0,1   0:00.17 pipewir+
   1446 anton     20   0 1411652  57948  44784 S   0,0   0,4   0:01.49 kactivi+
   1449 anton     20   0 1079252  40548  28716 S   0,0   0,3   0:00.73 gmenudb+
   1450 anton     20   0 1159532  65764  49208 S   0,0   0,4   0:01.01 kaccess
   1451 anton     20   0 1433020  66256  51212 S   0,0   0,4   0:00.31 polkit-+
   1452 anton     20   0 1800516  70784  54904 S   0,0   0,5   0:03.79 org_kde+
   1454 anton     20   0 1832812  79012  55232 S   0,0   0,5   0:01.46 xdg-des+
   1455 anton     20   0 1078648  39632  27984 S   0,0   0,3   0:00.74 xembeds+
   1518 anton     20   0    7952   4480   4096 S   0,0   0,0   0:00.00 xsettin+
   1678 anton     20   0   36,8g 171340 111144 S   0,0   1,1   0:03.45 outline+
   1680 anton     20   0  661656  81984  50332 S   0,0   0,5   0:01.82 firewal+
   1682 anton     20   0 1632528  80932  62272 S   0,0   0,5   0:00.56 kdeconn+
   1687 anton     20   0 1774432  80364  54276 S   0,0   0,5   0:01.14 xwaylan+
   1695 anton     20   0   11588   1908   1600 S   0,0   0,0   0:02.44 Outline+
   1703 anton     20   0  309848   6376   5992 S   0,0   0,0   0:00.02 agent
   1862 anton     20   0 1883692 203148 174760 S   0,0   1,3   2:44.40 konsole
   1864 anton     20   0 1830620 166696 140384 S   0,0   1,1   0:34.63 konsole
   1867 anton     20   0 3162040   1,4g 436004 S   0,0   9,3   3:05.34 telegra+
   2033 anton     20   0   32,4g  56620  44716 S   0,0   0,4   0:00.13 outline+
   2039 anton     20   0   32,4g  56704  44672 S   0,0   0,4   0:00.13 outline+
   2109 anton     20   0   32,4g  14452   1928 S   0,0   0,1   0:00.00 outline+
   2172 anton     20   0    9096   7656   5736 S   0,0   0,0   0:00.04 bash
   2174 anton     20   0    9360   7816   5640 S   0,0   0,0   0:00.48 bash
   2321 anton     20   0   32,0g   2940   2684 S   0,0   0,0   0:00.00 chrome_+
   3170 anton     20   0   32,7g  96788  51868 S   0,0   0,6   0:01.13 outline+
   3234 anton     20   0   32,5g  77204  64024 S   0,0   0,5   0:00.89 outline+
   3266 anton     20   0   40,7g 164760 110548 S   0,0   1,0   0:01.93 outline+
   5984 root      20   0  155304   5308   5052 S   0,0   0,0   0:00.29 gpg-age+
  15083 root      -2   0       0      0      0 S   0,0   0,0   0:00.00 psimon
  17169 anton     20   0 1132,3g 617544 222748 S   0,0   3,9   0:49.88 code
  17172 anton     20   0   32,7g 137792 125632 S   0,0   0,9   0:00.09 code
  17173 anton     20   0   32,7g 137376 125216 S   0,0   0,9   0:00.09 code
  17175 anton     20   0   32,7g  15700   3484 S   0,0   0,1   0:00.04 code
  17189 anton     20   0   32,0g   3132   2876 S   0,0   0,0   0:00.00 chrome_+
  17210 anton     20   0   32,5g 159896 145888 S   0,0   1,0   0:10.64 code
  17263 anton     20   0 1136,6g 490432 129208 S   0,0   3,1   6:05.66 code
  17301 anton     20   0 1132,1g 218512 158900 S   0,0   1,4   0:33.29 code
  17302 anton     20   0 1132,1g 185504 160236 S   0,0   1,2   0:16.63 code
  21176 root      20   0       0      0      0 I   0,0   0,0   0:00.17 kworker+
  24654 root      20   0       0      0      0 I   0,0   0,0   0:05.45 kworker+
  26328 anton     20   0  124088  75080  21560 S   0,0   0,5   1:08.97 cpptools
  29328 anton     20   0  251436  36552  27848 S   0,0   0,2   0:00.08 Socket +
  29370 anton     20   0 2738456 195600 132792 S   0,0   1,2   0:13.70 Privile+
  29478 anton     20   0  509500  48952  38328 S   0,0   0,3   0:00.21 Utility+
  29527 anton     20   0 2772960 291404 129568 S   0,0   1,9   0:26.20 Isolate+
  29681 anton     20   0 2664484 156872  98492 S   0,0   1,0   0:08.13 Isolate+
  33039 anton     20   0 1132,0g 184268 149076 S   0,0   1,2   0:01.72 code
  40382 anton     20   0 1132,0g 166020 145192 S   0,0   1,1   0:01.40 code
  42178 anton     20   0  257,4g 161184 144012 S   0,0   1,0   0:00.16 balooru+
  42587 root      20   0       0      0      0 I   0,0   0,0   0:00.13 kworker+
  43321 anton     20   0  558164  52416  41324 S   0,0   0,3   0:00.25 RDD Pro+
  43643 anton     20   0 2919680 341276 124944 S   0,0   2,2   1:04.76 Isolate+
  57310 root      20   0       0      0      0 I   0,0   0,0   0:00.07 kworker+
  61511 root      20   0       0      0      0 I   0,0   0,0   0:00.23 kworker+
  66033 root      20   0       0      0      0 I   0,0   0,0   0:00.07 kworker+
  66077 root      20   0       0      0      0 I   0,0   0,0   0:00.00 kworker+
  66099 root      20   0       0      0      0 I   0,0   0,0   0:00.10 kworker+
  66126 root      20   0       0      0      0 I   0,0   0,0   0:00.06 kworker+
  69388 root      20   0       0      0      0 I   0,0   0,0   0:12.21 kworker+
  69495 root      20   0       0      0      0 I   0,0   0,0   0:00.00 kworker+
  72885 root       0 -20       0      0      0 I   0,0   0,0   0:00.52 kworker+
  73497 anton     20   0 2934612 290744 154996 S   0,0   1,9   0:39.00 Isolate+
  74183 root      20   0       0      0      0 I   0,0   0,0   0:00.21 kworker+
  82223 root      20   0       0      0      0 I   0,0   0,0   0:00.00 kworker+
  85219 root      20   0       0      0      0 I   0,0   0,0   0:00.00 kworker+
  85778 root      20   0       0      0      0 I   0,0   0,0   0:00.00 kworker+
  85823 root       0 -20       0      0      0 I   0,0   0,0   0:00.26 kworker+
  85824 root       0 -20       0      0      0 I   0,0   0,0   0:00.24 kworker+
  85826 root       0 -20       0      0      0 I   0,0   0,0   0:00.32 kworker+
  87155 root      20   0       0      0      0 I   0,0   0,0   0:00.19 kworker+
  87843 root      20   0       0      0      0 I   0,0   0,0   0:00.07 kworker+
  88531 root      20   0       0      0      0 I   0,0   0,0   0:10.40 kworker+
  91793 root      20   0       0      0      0 I   0,0   0,0   0:00.00 kworker+
  93331 root      20   0       0      0      0 I   0,0   0,0   0:00.00 kworker+
  94441 root       0 -20       0      0      0 I   0,0   0,0   0:00.16 kworker+
  94442 root       0 -20       0      0      0 I   0,0   0,0   0:00.15 kworker+
  94505 root      20   0       0      0      0 I   0,0   0,0   0:00.00 kworker+
  97721 root       0 -20       0      0      0 I   0,0   0,0   0:00.14 kworker+
  97722 root       0 -20       0      0      0 I   0,0   0,0   0:00.10 kworker+
  97723 root       0 -20       0      0      0 I   0,0   0,0   0:00.17 kworker+
  97724 root       0 -20       0      0      0 I   0,0   0,0   0:00.20 kworker+
  97725 root       0 -20       0      0      0 I   0,0   0,0   0:00.08 kworker+
  97726 root       0 -20       0      0      0 I   0,0   0,0   0:00.08 kworker+
  97727 root       0 -20       0      0      0 I   0,0   0,0   0:00.09 kworker+
  97728 root       0 -20       0      0      0 I   0,0   0,0   0:00.16 kworker+
  97729 root       0 -20       0      0      0 I   0,0   0,0   0:00.08 kworker+
  97730 root       0 -20       0      0      0 I   0,0   0,0   0:00.12 kworker+
 100818 anton     20   0 2466464  79044  65860 S   0,0   0,5   0:00.39 Web Con+
 101016 anton     20   0 2466480  79264  66080 S   0,0   0,5   0:00.38 Web Con+
 101236 root      20   0       0      0      0 I   0,0   0,0   0:00.02 kworker+
 101251 root      20   0       0      0      0 I   0,0   0,0   0:01.15 kworker+
 101466 anton     20   0 2466480  78872  65560 S   0,0   0,5   0:00.37 Web Con+
 101566 anton     20   0    7456   5420   5164 S   0,0   0,0   0:00.00 bash
 101583 anton     20   0    7456   5236   5108 S   0,0   0,0   0:00.00 bash
 102364 root      20   0       0      0      0 I   0,0   0,0   0:00.00 kworker+
 102892 root      20   0       0      0      0 I   0,0   0,0   0:00.00 kworker+
 104265 root      20   0       0      0      0 I   0,0   0,0   0:00.00 kworker+
 105057 root       0 -20       0      0      0 I   0,0   0,0   0:00.00 kworker+
 105129 root      20   0       0      0      0 I   0,0   0,0   0:00.00 kworker+
 105165 root      20   0       0      0      0 I   0,0   0,0   0:00.36 kworker+
 105691 anton     20   0 2235124 295296 208968 S   0,0   1,9   0:02.01 kscreen+
 105769 root      20   0       0      0      0 I   0,0   0,0   0:00.00 kworker+
 105770 root      20   0       0      0      0 I   0,0   0,0   0:00.17 kworker+
 105771 root      20   0       0      0      0 I   0,0   0,0   0:00.00 kworker+
 105772 root      20   0       0      0      0 I   0,0   0,0   0:00.00 kworker+
 105773 root      20   0       0      0      0 I   0,0   0,0   0:00.00 kworker+
 105774 root      20   0       0      0      0 I   0,0   0,0   0:00.00 kworker+
 105775 root      20   0       0      0      0 I   0,0   0,0   0:00.00 kworker+
 105776 root      20   0       0      0      0 I   0,0   0,0   0:00.00 kworker+
 105777 root      20   0       0      0      0 I   0,0   0,0   0:00.23 kworker+
 105778 root      20   0       0      0      0 I   0,0   0,0   0:00.00 kworker+
 105779 root      20   0       0      0      0 I   0,0   0,0   0:00.00 kworker+
 105780 root      20   0       0      0      0 I   0,0   0,0   0:00.00 kworker+
 105781 root      20   0       0      0      0 I   0,0   0,0   0:00.00 kworker+
 105782 root      20   0       0      0      0 I   0,0   0,0   0:00.00 kworker+
 105783 root      20   0       0      0      0 I   0,0   0,0   0:00.01 kworker+
 105784 root      20   0       0      0      0 I   0,0   0,0   0:00.06 kworker+
 105785 root      20   0       0      0      0 I   0,0   0,0   0:00.01 kworker+
 105786 root      20   0       0      0      0 I   0,0   0,0   0:00.00 kworker+
 105787 root      20   0       0      0      0 I   0,0   0,0   0:00.06 kworker+
 105788 root      20   0       0      0      0 I   0,0   0,0   0:00.00 kworker+
 105789 root      20   0       0      0      0 I   0,0   0,0   0:00.00 kworker+
 105790 root      20   0       0      0      0 I   0,0   0,0   0:00.00 kworker+
 105791 root      20   0       0      0      0 I   0,0   0,0   0:00.00 kworker+
 105792 root      20   0       0      0      0 I   0,0   0,0   0:00.18 kworker+
 105793 root      20   0       0      0      0 I   0,0   0,0   0:00.00 kworker+
 105794 root      20   0       0      0      0 I   0,0   0,0   0:00.00 kworker+
 105795 root      20   0       0      0      0 I   0,0   0,0   0:00.00 kworker+
 105796 root      20   0       0      0      0 I   0,0   0,0   0:00.00 kworker+
 105797 root      20   0       0      0      0 I   0,0   0,0   0:00.00 kworker+
 105798 root      20   0       0      0      0 I   0,0   0,0   0:00.00 kworker+
 105799 root      20   0       0      0      0 I   0,0   0,0   0:00.00 kworker+
 105800 root      20   0       0      0      0 I   0,0   0,0   0:00.23 kworker+
 105801 root      20   0       0      0      0 I   0,0   0,0   0:00.06 kworker+
 105802 root      20   0       0      0      0 I   0,0   0,0   0:00.00 kworker+
 105803 root      20   0       0      0      0 I   0,0   0,0   0:00.00 kworker+
 105804 root      20   0       0      0      0 I   0,0   0,0   0:00.00 kworker+
 105805 root      20   0       0      0      0 I   0,0   0,0   0:00.00 kworker+
 105806 root      20   0       0      0      0 I   0,0   0,0   0:00.00 kworker+
 105807 root      20   0       0      0      0 I   0,0   0,0   0:00.00 kworker+
 105808 root      20   0       0      0      0 I   0,0   0,0   0:00.00 kworker+
 105809 root      20   0       0      0      0 I   0,0   0,0   0:00.00 kworker+
 105810 root      20   0       0      0      0 I   0,0   0,0   0:00.00 kworker+
 105811 root      20   0       0      0      0 I   0,0   0,0   0:00.00 kworker+
 105812 root      20   0       0      0      0 I   0,0   0,0   0:00.00 kworker+
 105833 root      20   0       0      0      0 I   0,0   0,0   0:00.00 kworker+
 105834 root      20   0       0      0      0 I   0,0   0,0   0:00.00 kworker+
 105835 root      20   0       0      0      0 I   0,0   0,0   0:00.00 kworker+
 105836 root      20   0       0      0      0 I   0,0   0,0   0:00.00 kworker+
 105846 root      20   0       0      0      0 I   0,0   0,0   0:00.00 kworker+
 105882 root      20   0   14944   6116   5348 S   0,0   0,0   0:00.02 systemd+
 105883 root      20   0   14944   6108   5340 S   0,0   0,0   0:00.01 systemd+
 105884 root      20   0   14944   5944   5304 S   0,0   0,0   0:00.02 systemd+
 105904 root      20   0       0      0      0 I   0,0   0,0   0:00.00 kworker+
 106038 root      20   0       0      0      0 I   0,0   0,0   0:00.00 kworker+
 106870 root      20   0  306472   6620   6108 S   0,0   0,0   0:00.01 nm-disp+
