% time     seconds  usecs/call     calls    errors syscall
------ ----------- ----------- --------- --------- ----------------
 99,87    1,462837      731418         2           futex
  0,10    0,001437         179         8           mprotect
  0,01    0,000172          86         2           clone3
  0,01    0,000090          18         5           rt_sigprocmask
  0,00    0,000061           2        24           mmap
  0,00    0,000060          60         1           munmap
  0,00    0,000033          11         3           brk
  0,00    0,000013          13         1           getrandom
  0,00    0,000011          11         1           rt_sigaction
  0,00    0,000010          10         1           prlimit64
  0,00    0,000000           0         4           read
  0,00    0,000000           0         5           close
  0,00    0,000000           0         5           fstat
  0,00    0,000000           0         2           pread64
  0,00    0,000000           0         1         1 access
  0,00    0,000000           0         1           execve
  0,00    0,000000           0         1           arch_prctl
  0,00    0,000000           0         1           set_tid_address
  0,00    0,000000           0         5           openat
  0,00    0,000000           0         1           set_robust_list
  0,00    0,000000           0         1           rseq
------ ----------- ----------- --------- --------- ----------------
100,00    1,464724       19529        75         1 total
