
 Performance counter stats for './combined README.md /home/anton/itmo 5 100000':

          1 659,00 msec task-clock:u                     #    0,790 CPUs utilized             
                 0      context-switches:u               #    0,000 /sec                      
                 0      cpu-migrations:u                 #    0,000 /sec                      
               228      page-faults:u                    #  137,432 /sec                      
     3 239 392 189      cycles:u                         #    1,953 GHz                         (43,56%)
       580 505 567      stalled-cycles-frontend:u        #   17,92% frontend cycles idle        (44,07%)
     4 455 849 371      instructions:u                   #    1,38  insn per cycle            
                                                  #    0,13  stalled cycles per insn     (43,91%)
       826 483 889      branches:u                       #  498,182 M/sec                       (43,77%)
         4 329 580      branch-misses:u                  #    0,52% of all branches             (43,86%)
     1 945 561 901      L1-dcache-loads:u                #    1,173 G/sec                       (43,86%)
        21 128 324      L1-dcache-load-misses:u          #    1,09% of all L1-dcache accesses   (43,03%)
   <not supported>      LLC-loads:u                                                           
   <not supported>      LLC-load-misses:u                                                     
       329 042 321      L1-icache-loads:u                #  198,338 M/sec                       (42,16%)
         2 739 293      L1-icache-load-misses:u          #    0,83% of all L1-icache accesses   (41,87%)
         3 909 645      dTLB-loads:u                     #    2,357 M/sec                       (42,11%)
           150 026      dTLB-load-misses:u               #    3,84% of all dTLB cache accesses  (42,80%)
         2 321 862      iTLB-loads:u                     #    1,400 M/sec                       (42,14%)
           306 048      iTLB-load-misses:u               #   13,18% of all iTLB cache accesses  (42,71%)
         8 847 710      L1-dcache-prefetches:u           #    5,333 M/sec                       (43,19%)
   <not supported>      L1-dcache-prefetch-misses:u                                           

       2,099641311 seconds time elapsed

       0,997331000 seconds user
       0,646889000 seconds sys


