% time     seconds  usecs/call     calls    errors syscall
------ ----------- ----------- --------- --------- ----------------
 37,74    0,000060           2        22           mmap
 27,67    0,000044           7         6           mprotect
 10,06    0,000016          16         1           munmap
  6,29    0,000010           3         3           brk
  2,52    0,000004           4         1           arch_prctl
  2,52    0,000004           4         1           futex
  2,52    0,000004           4         1           set_robust_list
  2,52    0,000004           4         1           prlimit64
  2,52    0,000004           4         1           getrandom
  1,89    0,000003           0         5           close
  1,89    0,000003           3         1           set_tid_address
  1,89    0,000003           3         1           rseq
  0,00    0,000000           0         4           read
  0,00    0,000000           0         5           fstat
  0,00    0,000000           0         2           pread64
  0,00    0,000000           0         1         1 access
  0,00    0,000000           0         1           execve
  0,00    0,000000           0         5           openat
------ ----------- ----------- --------- --------- ----------------
100,00    0,000159           2        62         1 total
