
 Performance counter stats for './search README.md /home/anton/itmo 5':

          1 242,28 msec task-clock:u                     #    0,512 CPUs utilized             
                 0      context-switches:u               #    0,000 /sec                      
                 0      cpu-migrations:u                 #    0,000 /sec                      
               214      page-faults:u                    #  172,265 /sec                      
     1 828 735 079      cycles:u                         #    1,472 GHz                         (42,88%)
       368 385 304      stalled-cycles-frontend:u        #   20,14% frontend cycles idle        (42,36%)
     2 529 451 620      instructions:u                   #    1,38  insn per cycle            
                                                  #    0,15  stalled cycles per insn     (42,67%)
       531 055 332      branches:u                       #  427,486 M/sec                       (41,50%)
         4 067 044      branch-misses:u                  #    0,77% of all branches             (41,95%)
     1 093 114 759      L1-dcache-loads:u                #  879,929 M/sec                       (42,72%)
        20 585 283      L1-dcache-load-misses:u          #    1,88% of all L1-dcache accesses   (42,39%)
   <not supported>      LLC-loads:u                                                           
   <not supported>      LLC-load-misses:u                                                     
       182 064 336      L1-icache-loads:u                #  146,557 M/sec                       (42,36%)
         1 741 513      L1-icache-load-misses:u          #    0,96% of all L1-icache accesses   (42,93%)
         3 664 429      dTLB-loads:u                     #    2,950 M/sec                       (44,41%)
           253 202      dTLB-load-misses:u               #    6,91% of all dTLB cache accesses  (44,01%)
         1 291 830      iTLB-loads:u                     #    1,040 M/sec                       (43,70%)
           427 117      iTLB-load-misses:u               #   33,06% of all iTLB cache accesses  (43,16%)
         9 615 534      L1-dcache-prefetches:u           #    7,740 M/sec                       (42,96%)
   <not supported>      L1-dcache-prefetch-misses:u                                           

       2,425301852 seconds time elapsed

       0,637033000 seconds user
       0,576074000 seconds sys


