% time     seconds  usecs/call     calls    errors syscall
------ ----------- ----------- --------- --------- ----------------
 38,29    0,672925           7     88505           getdents64
 20,00    0,351500           3     88490           fcntl
 17,69    0,310920           7     44250           openat
 12,99    0,228354           5     44250           close
 10,43    0,183349           4     44250           fstat
  0,45    0,007926           9       835           newfstatat
  0,11    0,001973           9       214           brk
  0,02    0,000285         285         1           execve
  0,01    0,000248          11        22           mmap
  0,00    0,000069          11         6           mprotect
  0,00    0,000018           4         4           read
  0,00    0,000018          18         1           munmap
  0,00    0,000018          18         1           futex
  0,00    0,000010          10         1         1 access
  0,00    0,000009           4         2           pread64
  0,00    0,000004           4         1           arch_prctl
  0,00    0,000004           4         1           set_tid_address
  0,00    0,000004           4         1           set_robust_list
  0,00    0,000004           4         1           prlimit64
  0,00    0,000004           4         1           getrandom
  0,00    0,000004           4         1           rseq
------ ----------- ----------- --------- --------- ----------------
100,00    1,757646           5    310838         1 total
