% time     seconds  usecs/call     calls    errors syscall
------ ----------- ----------- --------- --------- ----------------
 37,79    0,675387           7     88505           getdents64
 19,76    0,353090           3     88490           fcntl
 17,61    0,314642           7     44250           openat
 13,52    0,241522           5     44250           close
 10,80    0,192961           4     44250           fstat
  0,37    0,006593           7       835           newfstatat
  0,11    0,002035           9       214           brk
  0,02    0,000352          16        22           mmap
  0,02    0,000293         293         1           execve
  0,00    0,000063          10         6           mprotect
  0,00    0,000026           6         4           read
  0,00    0,000016          16         1           munmap
  0,00    0,000011           5         2           pread64
  0,00    0,000008           8         1         1 access
  0,00    0,000006           6         1           arch_prctl
  0,00    0,000005           5         1           set_tid_address
  0,00    0,000005           5         1           set_robust_list
  0,00    0,000005           5         1           rseq
  0,00    0,000004           4         1           futex
  0,00    0,000004           4         1           prlimit64
  0,00    0,000004           4         1           getrandom
------ ----------- ----------- --------- --------- ----------------
100,00    1,787032           5    310838         1 total
