top - 14:04:01 up  2:53,  2 users,  load average: 10,67, 9,65, 5,83
Tasks: 449 total,  31 running, 408 sleeping,  10 stopped,   0 zombie
%Cpu(s): 60,3 us, 38,8 sy,  0,0 ni,  0,5 id,  0,0 wa,  0,5 hi,  0,0 si,  0,0 st 
MiB Mem :  15337,5 total,    527,1 free,   9109,6 used,   6490,2 buff/cache     
MiB Swap:      0,0 total,      0,0 free,      0,0 used.   6227,9 avail Mem 

    PID USER      PR  NI    VIRT    RES    SHR S  %CPU  %MEM     TIME+ COMMAND
  79827 anton     20   0    6296   3304   3176 R  85,7   0,0   0:00.22 path
  79833 anton     20   0    4620   2564   2180 R  71,4   0,0   0:00.18 ltrace
  79857 anton     20   0    4620   2840   2456 R  71,4   0,0   0:00.17 ltrace
  79814 anton     20   0    4620   2876   2364 R  64,3   0,0   0:00.13 ltrace
  79837 anton     20   0    6296   3172   3044 R  64,3   0,0   0:00.19 path
  79874 anton     20   0    6296   3304   3176 R  57,1   0,0   0:00.13 path
  79884 anton     20   0    6296   3304   3176 R  57,1   0,0   0:00.15 path
  79781 anton     20   0    4620   2868   2356 R  50,0   0,0   0:00.11 ltrace
  79849 anton     20   0    6296   3172   3044 R  50,0   0,0   0:00.14 path
  79867 anton     20   0    6296   3048   3048 R  50,0   0,0   0:00.13 path
  79879 anton     20   0    6296   3304   3176 R  50,0   0,0   0:00.09 path
  79880 anton     20   0    6296   2928   2800 R  50,0   0,0   0:00.08 path
  79882 anton     20   0    6296   3168   3040 R  50,0   0,0   0:00.08 path
   1867 anton     20   0 3086300   1,3g 428636 S  42,9   8,4   1:35.01 telegra+
  79834 anton     20   0    4620   2812   2300 R  42,9   0,0   0:00.09 ltrace
  79835 anton     20   0    6296   3176   3048 R  42,9   0,0   0:00.12 path
  79872 anton     20   0    6296   3304   3176 R  42,9   0,0   0:00.11 path
  79876 anton     20   0    6296   3180   3052 R  42,9   0,0   0:00.10 path
  79877 anton     20   0    6296   3172   3044 R  42,9   0,0   0:00.10 path
  79885 anton     20   0    6296   3152   3024 R  42,9   0,0   0:00.08 path
  79887 anton     20   0    6296   3184   3056 R  42,9   0,0   0:00.07 path
  79785 anton     20   0    4620   2740   2356 R  35,7   0,0   0:00.08 ltrace
  79791 anton     20   0    4620   2720   2336 R  35,7   0,0   0:00.11 ltrace
  79792 anton     20   0    4620   2856   2472 R  35,7   0,0   0:00.10 ltrace
  79878 anton     20   0    6296   3160   3032 R  35,7   0,0   0:00.06 path
  79881 anton     20   0    6296   2892   2764 R  35,7   0,0   0:00.07 path
  79886 anton     20   0    6296   3164   3036 R  35,7   0,0   0:00.06 path
  79888 anton     20   0    6296   3172   3044 R  35,7   0,0   0:00.07 path
  79889 anton     20   0    6296   3168   3040 R  35,7   0,0   0:00.06 path
  79800 anton     20   0    4620   2868   2356 R  28,6   0,0   0:00.08 ltrace
  79851 anton     20   0    4620   3036   2524 R  28,6   0,0   0:00.10 ltrace
  79864 anton     20   0    6296   3320   3192 t  21,4   0,0   0:00.04 path
   1182 anton     -2   0 3434604 589032 489160 S  14,3   3,8   4:20.25 kwin_wa+
  79758 anton     20   0    9652   6772   4852 R  14,3   0,0   0:00.03 top
  79813 anton     20   0    6296   3192   3064 t  14,3   0,0   0:00.02 path
  79831 anton     20   0    6296   3188   3060 t  14,3   0,0   0:00.03 path
  79840 anton     20   0    6296   3320   3192 t  14,3   0,0   0:00.03 path
  79862 anton     20   0    6296   3184   3056 t  14,3   0,0   0:00.02 path
  79863 anton     20   0    6296   3192   3064 t  14,3   0,0   0:00.04 path
    614 root     -51   0       0      0      0 S   7,1   0,0   2:11.67 irq/92-+
  17302 anton     20   0 1132,1g 185700 160364 S   7,1   1,2   0:15.71 code
  79812 anton     20   0    6296   3320   3192 t   7,1   0,0   0:00.02 path
  79828 anton     20   0    6296   3172   3044 t   7,1   0,0   0:00.02 path
  79829 anton     20   0    6296   3256   3128 t   7,1   0,0   0:00.02 path
  79869 anton     20   0    6296   3116   3116 t   7,1   0,0   0:00.02 path
      1 root      20   0   21720  13140   9032 S   0,0   0,1   0:05.68 systemd
      2 root      20   0       0      0      0 S   0,0   0,0   0:00.02 kthreadd
      3 root      20   0       0      0      0 S   0,0   0,0   0:00.00 pool_wo+
      4 root       0 -20       0      0      0 I   0,0   0,0   0:00.00 kworker+
      5 root       0 -20       0      0      0 I   0,0   0,0   0:00.00 kworker+
      6 root       0 -20       0      0      0 I   0,0   0,0   0:00.00 kworker+
      7 root       0 -20       0      0      0 I   0,0   0,0   0:00.00 kworker+
     10 root       0 -20       0      0      0 I   0,0   0,0   0:00.00 kworker+
     13 root       0 -20       0      0      0 I   0,0   0,0   0:00.00 kworker+
     14 root      20   0       0      0      0 I   0,0   0,0   0:00.00 rcu_tas+
     15 root      20   0       0      0      0 I   0,0   0,0   0:00.00 rcu_tas+
     16 root      20   0       0      0      0 I   0,0   0,0   0:00.00 rcu_tas+
     17 root      20   0       0      0      0 S   0,0   0,0   0:00.22 ksoftir+
     18 root      -2   0       0      0      0 I   0,0   0,0   0:05.67 rcu_pre+
     19 root      -2   0       0      0      0 S   0,0   0,0   0:00.00 rcub/0
     20 root      20   0       0      0      0 S   0,0   0,0   0:00.00 rcu_exp+
     21 root      20   0       0      0      0 S   0,0   0,0   0:00.03 rcu_exp+
     22 root      rt   0       0      0      0 S   0,0   0,0   0:01.49 migrati+
     23 root     -51   0       0      0      0 S   0,0   0,0   0:00.00 idle_in+
     24 root      20   0       0      0      0 S   0,0   0,0   0:00.00 cpuhp/0
     25 root      20   0       0      0      0 S   0,0   0,0   0:00.00 cpuhp/2
     26 root     -51   0       0      0      0 S   0,0   0,0   0:00.00 idle_in+
     27 root      rt   0       0      0      0 S   0,0   0,0   0:01.14 migrati+
     28 root      20   0       0      0      0 S   0,0   0,0   0:00.12 ksoftir+
     30 root       0 -20       0      0      0 I   0,0   0,0   0:00.00 kworker+
     31 root      20   0       0      0      0 S   0,0   0,0   0:00.00 cpuhp/4
     32 root     -51   0       0      0      0 S   0,0   0,0   0:00.00 idle_in+
     33 root      rt   0       0      0      0 S   0,0   0,0   0:10.68 migrati+
     34 root      20   0       0      0      0 S   0,0   0,0   0:00.07 ksoftir+
     36 root       0 -20       0      0      0 I   0,0   0,0   0:00.00 kworker+
     37 root      20   0       0      0      0 S   0,0   0,0   0:00.00 cpuhp/6
     38 root     -51   0       0      0      0 S   0,0   0,0   0:00.00 idle_in+
     39 root      rt   0       0      0      0 S   0,0   0,0   0:02.69 migrati+
     40 root      20   0       0      0      0 S   0,0   0,0   0:00.33 ksoftir+
     42 root       0 -20       0      0      0 I   0,0   0,0   0:00.00 kworker+
     43 root      20   0       0      0      0 S   0,0   0,0   0:00.00 cpuhp/8
     44 root     -51   0       0      0      0 S   0,0   0,0   0:00.00 idle_in+
     45 root      rt   0       0      0      0 S   0,0   0,0   0:02.90 migrati+
     46 root      20   0       0      0      0 S   0,0   0,0   0:00.04 ksoftir+
     48 root       0 -20       0      0      0 I   0,0   0,0   0:00.00 kworker+
     49 root      20   0       0      0      0 S   0,0   0,0   0:00.00 cpuhp/10
     50 root     -51   0       0      0      0 S   0,0   0,0   0:00.00 idle_in+
     51 root      rt   0       0      0      0 S   0,0   0,0   0:05.14 migrati+
     52 root      20   0       0      0      0 S   0,0   0,0   0:00.03 ksoftir+
     54 root       0 -20       0      0      0 I   0,0   0,0   0:00.00 kworker+
     55 root      20   0       0      0      0 S   0,0   0,0   0:00.00 cpuhp/12
     56 root     -51   0       0      0      0 S   0,0   0,0   0:00.00 idle_in+
     57 root      rt   0       0      0      0 S   0,0   0,0   0:02.71 migrati+
     58 root      20   0       0      0      0 S   0,0   0,0   0:00.02 ksoftir+
     60 root       0 -20       0      0      0 I   0,0   0,0   0:00.00 kworker+
     61 root      20   0       0      0      0 S   0,0   0,0   0:00.00 cpuhp/14
     62 root     -51   0       0      0      0 S   0,0   0,0   0:00.00 idle_in+
     63 root      rt   0       0      0      0 S   0,0   0,0   0:03.71 migrati+
     64 root      20   0       0      0      0 S   0,0   0,0   0:00.02 ksoftir+
     66 root       0 -20       0      0      0 I   0,0   0,0   0:00.00 kworker+
     67 root      20   0       0      0      0 S   0,0   0,0   0:00.00 cpuhp/1
     68 root     -51   0       0      0      0 S   0,0   0,0   0:00.00 idle_in+
     69 root      rt   0       0      0      0 S   0,0   0,0   0:00.32 migrati+
     70 root      20   0       0      0      0 S   0,0   0,0   0:00.27 ksoftir+
     72 root       0 -20       0      0      0 I   0,0   0,0   0:00.00 kworker+
     73 root      20   0       0      0      0 S   0,0   0,0   0:00.00 cpuhp/3
     74 root     -51   0       0      0      0 S   0,0   0,0   0:00.00 idle_in+
     75 root      rt   0       0      0      0 S   0,0   0,0   0:00.47 migrati+
     76 root      20   0       0      0      0 S   0,0   0,0   0:00.10 ksoftir+
     78 root       0 -20       0      0      0 I   0,0   0,0   0:00.00 kworker+
     79 root      20   0       0      0      0 S   0,0   0,0   0:00.00 cpuhp/5
     80 root     -51   0       0      0      0 S   0,0   0,0   0:00.00 idle_in+
     81 root      rt   0       0      0      0 S   0,0   0,0   0:00.66 migrati+
     82 root      20   0       0      0      0 S   0,0   0,0   0:00.03 ksoftir+
     84 root       0 -20       0      0      0 I   0,0   0,0   0:00.00 kworker+
     85 root      20   0       0      0      0 S   0,0   0,0   0:00.00 cpuhp/7
     86 root     -51   0       0      0      0 S   0,0   0,0   0:00.00 idle_in+
     87 root      rt   0       0      0      0 S   0,0   0,0   0:01.34 migrati+
     88 root      20   0       0      0      0 S   0,0   0,0   0:00.02 ksoftir+
     90 root       0 -20       0      0      0 I   0,0   0,0   0:00.00 kworker+
     91 root      20   0       0      0      0 S   0,0   0,0   0:00.00 cpuhp/9
     92 root     -51   0       0      0      0 S   0,0   0,0   0:00.00 idle_in+
     93 root      rt   0       0      0      0 S   0,0   0,0   0:00.85 migrati+
     94 root      20   0       0      0      0 S   0,0   0,0   0:00.03 ksoftir+
     96 root       0 -20       0      0      0 I   0,0   0,0   0:00.00 kworker+
     97 root      20   0       0      0      0 S   0,0   0,0   0:00.00 cpuhp/11
     98 root     -51   0       0      0      0 S   0,0   0,0   0:00.00 idle_in+
     99 root      rt   0       0      0      0 S   0,0   0,0   0:01.41 migrati+
    100 root      20   0       0      0      0 S   0,0   0,0   0:00.01 ksoftir+
    102 root       0 -20       0      0      0 I   0,0   0,0   0:00.00 kworker+
    103 root      20   0       0      0      0 S   0,0   0,0   0:00.00 cpuhp/13
    104 root     -51   0       0      0      0 S   0,0   0,0   0:00.00 idle_in+
    105 root      rt   0       0      0      0 S   0,0   0,0   0:01.05 migrati+
    106 root      20   0       0      0      0 S   0,0   0,0   0:00.01 ksoftir+
    108 root       0 -20       0      0      0 I   0,0   0,0   0:00.00 kworker+
    109 root      20   0       0      0      0 S   0,0   0,0   0:00.00 cpuhp/15
    110 root     -51   0       0      0      0 S   0,0   0,0   0:00.00 idle_in+
    111 root      rt   0       0      0      0 S   0,0   0,0   0:02.10 migrati+
    112 root      20   0       0      0      0 S   0,0   0,0   0:00.01 ksoftir+
    114 root       0 -20       0      0      0 I   0,0   0,0   0:00.00 kworker+
    115 root      20   0       0      0      0 S   0,0   0,0   0:00.00 kdevtmp+
    116 root       0 -20       0      0      0 I   0,0   0,0   0:00.00 kworker+
    117 root      20   0       0      0      0 S   0,0   0,0   0:00.00 kauditd
    118 root      20   0       0      0      0 S   0,0   0,0   0:00.01 khungta+
    120 root      20   0       0      0      0 S   0,0   0,0   0:00.00 oom_rea+
    121 root       0 -20       0      0      0 I   0,0   0,0   0:00.00 kworker+
    122 root      20   0       0      0      0 S   0,0   0,0   0:04.38 kcompac+
    123 root      25   5       0      0      0 S   0,0   0,0   0:00.00 ksmd
    124 root      39  19       0      0      0 S   0,0   0,0   0:01.23 khugepa+
    125 root       0 -20       0      0      0 I   0,0   0,0   0:00.00 kworker+
    126 root       0 -20       0      0      0 I   0,0   0,0   0:00.00 kworker+
    127 root       0 -20       0      0      0 I   0,0   0,0   0:00.00 kworker+
    129 root     -51   0       0      0      0 S   0,0   0,0   0:00.00 irq/9-a+
    131 root       0 -20       0      0      0 I   0,0   0,0   0:00.00 kworker+
    132 root       0 -20       0      0      0 I   0,0   0,0   0:00.00 kworker+
    133 root       0 -20       0      0      0 I   0,0   0,0   0:00.00 kworker+
    134 root       0 -20       0      0      0 I   0,0   0,0   0:00.00 kworker+
    135 root     -51   0       0      0      0 S   0,0   0,0   0:00.00 watchdo+
    136 root       0 -20       0      0      0 I   0,0   0,0   0:00.03 kworker+
    137 root     -51   0       0      0      0 S   0,0   0,0   0:00.00 irq/25-+
    138 root     -51   0       0      0      0 S   0,0   0,0   0:00.00 irq/26-+
    139 root     -51   0       0      0      0 S   0,0   0,0   0:00.00 irq/27-+
    141 root      20   0       0      0      0 S   0,0   0,0   0:02.33 kswapd0
    142 root       0 -20       0      0      0 I   0,0   0,0   0:00.00 kworker+
    143 root       0 -20       0      0      0 I   0,0   0,0   0:00.00 kworker+
    144 root      20   0       0      0      0 S   0,0   0,0   0:00.00 scsi_eh+
    145 root       0 -20       0      0      0 I   0,0   0,0   0:00.00 kworker+
    146 root      20   0       0      0      0 S   0,0   0,0   0:00.00 scsi_eh+
    147 root       0 -20       0      0      0 I   0,0   0,0   0:00.00 kworker+
    149 root       0 -20       0      0      0 I   0,0   0,0   0:00.00 kworker+
    151 root       0 -20       0      0      0 I   0,0   0,0   0:00.00 kworker+
    154 root       0 -20       0      0      0 I   0,0   0,0   0:00.01 kworker+
    159 root       0 -20       0      0      0 I   0,0   0,0   0:00.00 kworker+
    161 root      20   0       0      0      0 I   0,0   0,0   0:00.10 kworker+
    162 root      20   0       0      0      0 I   0,0   0,0   0:00.03 kworker+
    166 root       0 -20       0      0      0 I   0,0   0,0   0:00.00 kworker+
    172 root     -51   0       0      0      0 S   0,0   0,0   0:00.00 irq/28-+
    173 root     -51   0       0      0      0 S   0,0   0,0   0:00.00 irq/29-+
    174 root     -51   0       0      0      0 S   0,0   0,0   0:00.00 irq/30-+
    175 root     -51   0       0      0      0 S   0,0   0,0   0:00.00 irq/31-+
    176 root     -51   0       0      0      0 S   0,0   0,0   0:00.00 irq/32-+
    177 root     -51   0       0      0      0 S   0,0   0,0   0:00.00 irq/33-+
    178 root     -51   0       0      0      0 S   0,0   0,0   0:00.00 irq/34-+
    179 root     -51   0       0      0      0 S   0,0   0,0   0:00.00 irq/35-+
    180 root     -51   0       0      0      0 S   0,0   0,0   0:00.00 irq/36-+
    181 root     -51   0       0      0      0 S   0,0   0,0  57:50.74 irq/37-+
    182 root     -51   0       0      0      0 S   0,0   0,0   0:00.01 irq/38-+
    183 root       0 -20       0      0      0 I   0,0   0,0   0:00.03 kworker+
    185 root       0 -20       0      0      0 I   0,0   0,0   0:00.03 kworker+
    187 root       0 -20       0      0      0 I   0,0   0,0   0:00.03 kworker+
    188 root       0 -20       0      0      0 I   0,0   0,0   0:00.02 kworker+
    225 root       0 -20       0      0      0 I   0,0   0,0   0:00.02 kworker+
    230 root       0 -20       0      0      0 I   0,0   0,0   0:00.00 kworker+
    237 root       0 -20       0      0      0 I   0,0   0,0   0:00.01 kworker+
    256 root      20   0       0      0      0 I   0,0   0,0   0:00.02 kworker+
    261 root       0 -20       0      0      0 I   0,0   0,0   0:00.00 kworker+
    329 root       0 -20       0      0      0 I   0,0   0,0   0:00.01 kworker+
    331 root       0 -20       0      0      0 I   0,0   0,0   0:00.00 kworker+
    333 root       0 -20       0      0      0 I   0,0   0,0   0:00.01 kworker+
    336 root       0 -20       0      0      0 I   0,0   0,0   0:00.00 kworker+
    338 root       0 -20       0      0      0 I   0,0   0,0   0:00.00 kworker+
    339 root       0 -20       0      0      0 I   0,0   0,0   0:00.01 kworker+
    364 root     -51   0       0      0      0 S   0,0   0,0   0:09.34 irq/47-+
    366 root       0 -20       0      0      0 I   0,0   0,0   0:00.00 kworker+
    379 root      20   0       0      0      0 I   0,0   0,0   0:00.04 kworker+
    380 root       0 -20       0      0      0 I   0,0   0,0   0:00.00 kworker+
    381 root       0 -20       0      0      0 I   0,0   0,0   0:00.00 kworker+
    382 root       0 -20       0      0      0 I   0,0   0,0   0:00.00 kworker+
    383 root       0 -20       0      0      0 I   0,0   0,0   0:00.00 kworker+
    384 root      20   0       0      0      0 I   0,0   0,0   0:00.17 kworker+
    390 root      20   0       0      0      0 I   0,0   0,0   0:00.13 kworker+
    391 root      20   0       0      0      0 I   0,0   0,0   0:00.08 kworker+
    420 root      20   0       0      0      0 S   0,0   0,0   0:01.07 jbd2/nv+
    421 root       0 -20       0      0      0 I   0,0   0,0   0:00.00 kworker+
    469 root      20   0   49224  19204  18008 S   0,0   0,1   0:01.70 systemd+
    500 root      20   0   14288   5788   5020 S   0,0   0,0   0:00.15 systemd+
    505 root      -2   0       0      0      0 S   0,0   0,0   0:00.00 psimon
    515 root      20   0   31268  11920   9232 S   0,0   0,1   0:00.43 systemd+
    516 root      -2   0       0      0      0 S   0,0   0,0   0:00.00 psimon
    585 root       0 -20       0      0      0 I   0,0   0,0   0:00.00 kworker+
    632 root       0 -20       0      0      0 I   0,0   0,0   0:00.00 kworker+
    639 root       0 -20       0      0      0 I   0,0   0,0   0:00.00 kworker+
    648 systemd+  20   0   89056   7076   6308 S   0,0   0,0   0:00.08 systemd+
    653 dbus      20   0    9376   5088   2832 S   0,0   0,0   0:00.43 dbus-br+
    654 dbus      20   0   11528   6844   2172 S   0,0   0,0   0:03.95 dbus-br+
    656 avahi     20   0    6224   4016   3760 S   0,0   0,0   0:00.17 avahi-d+
    657 root      20   0    9804   5196   4812 S   0,0   0,0   0:00.12 bluetoo+
    659 root      20   0  141580  50116  20228 S   0,0   0,3   0:01.00 firewal+
    660 root      20   0   15228   7840   6704 S   0,0   0,0   0:01.55 systemd+
    663 avahi     20   0    6224   1524   1264 S   0,0   0,0   0:00.00 avahi-d+
    688 root      20   0  562396  26548  21456 S   0,0   0,2   0:29.72 Network+
    726 root      20   0   16320  11084   9676 S   0,0   0,1   0:07.88 wpa_sup+
    735 root      20   0    6408   4140   4012 S   0,0   0,0   0:00.00 Outline+
    739 root      20   0  153416  18424  16376 S   0,0   0,1   0:00.02 sddm
    742 root      20   0 2388160  46552  34012 S   0,0   0,3   0:06.62 contain+
    779 polkitd   20   0  383276  11400   6908 S   0,0   0,1   0:05.86 polkitd
    789 root       0 -20       0      0      0 I   0,0   0,0   0:00.00 kworker+
    790 root       0 -20       0      0      0 I   0,0   0,0   0:00.00 kworker+
    791 root       0 -20       0      0      0 I   0,0   0,0   0:00.00 kworker+
    792 root       0 -20       0      0      0 I   0,0   0,0   0:00.00 kworker+
    793 root       0 -20       0      0      0 I   0,0   0,0   0:00.00 kworker+
    795 root     -51   0       0      0      0 S   0,0   0,0   0:00.00 card1-c+
    796 root     -51   0       0      0      0 S   0,0   0,0   0:00.00 card1-c+
    797 root     -51   0       0      0      0 S   0,0   0,0   0:00.00 card1-c+
    798 root     -51   0       0      0      0 S   0,0   0,0   0:00.00 card1-c+
    799 root      20   0 1163620  61652  29780 S   0,0   0,4   0:00.37 Xorg
    863 root      20   0 2665128  75004  48148 S   0,0   0,5   0:00.99 dockerd
   1040 root      20   0       0      0      0 I   0,0   0,0   0:00.07 kworker+
   1069 root      20   0       0      0      0 I   0,0   0,0   0:00.06 kworker+
   1118 root      20   0  307712   8644   8004 S   0,0   0,1   0:00.44 power-p+
   1124 root      20   0   77140  19308  17132 S   0,0   0,1   0:00.10 sddm-he+
   1144 anton     20   0   19944  11420   9116 S   0,0   0,1   0:01.56 systemd
   1146 anton     20   0   20448   3616   1912 S   0,0   0,0   0:00.00 (sd-pam)
   1159 anton     20   0 1439488  70172  52428 S   0,0   0,4   0:00.29 kwallet+
   1160 anton     20   0  217568  35408  30928 S   0,0   0,2   0:00.11 startpl+
   1169 anton     20   0    6944   3384   3128 S   0,0   0,0   0:00.04 dbus-br+
   1170 anton     20   0    5712   2988   2092 S   0,0   0,0   0:01.06 dbus-br+
   1177 anton     20   0  147308  15432  14024 S   0,0   0,1   0:00.02 kwin_wa+
   1181 anton     39  19  256,2g 132660 105144 S   0,0   0,8   0:09.59 baloo_f+
   1190 anton     20   0  619836  15668  13236 S   0,0   0,1   0:01.39 xdg-des+
   1191 root      20   0  467260  11912  10248 S   0,0   0,1   0:00.65 udisksd
   1200 anton     20   0  530856   6364   5852 S   0,0   0,0   0:00.13 xdg-doc+
   1205 anton     20   0  306052   5700   5316 S   0,0   0,0   0:00.18 xdg-per+
   1212 root      20   0    2560   1788   1788 S   0,0   0,0   0:00.00 fusermo+
   1219 root      20   0  316292  11052   9132 S   0,0   0,1   0:00.92 upowerd
   1221 rtkit     21   1   20516   3016   2888 S   0,0   0,0   0:00.13 rtkit-d+
   1244 anton      9 -11  170936  15112   9848 S   0,0   0,1   0:00.25 pipewire
   1245 anton      9 -11  480436  18584  14616 S   0,0   0,1   0:00.64 wireplu+
   1277 root      10 -10       0      0      0 S   0,0   0,0   0:00.00 krfcommd
   1285 anton     20   0  940560  76664  40232 S   0,0   0,5   0:21.11 Xwayland
   1302 anton     20   0  379160   6412   5900 S   0,0   0,0   0:00.08 at-spi-+
   1313 anton     20   0    6812   3176   2920 S   0,0   0,0   0:00.00 dbus-br+
   1317 anton     20   0    4096   2240   2112 S   0,0   0,0   0:00.00 dbus-br+
   1325 anton     20   0 1159344  65032  48124 S   0,0   0,4   0:00.87 ksmserv+
   1327 anton     20   0 1846044 102128  75228 S   0,0   0,7   0:04.94 kded6
   1385 anton     20   0  229084   5460   5076 S   0,0   0,0   0:00.01 dconf-s+
   1402 anton     20   0 6274736 455180 171340 S   0,0   2,9   1:01.42 plasmas+
   1403 anton     20   0  232400   6348   5836 S   0,0   0,0   0:00.02 at-spi2+
   1414 anton      9 -11  184464  18852   8956 S   0,0   0,1   0:00.16 pipewir+
   1446 anton     20   0 1411652  58076  44912 S   0,0   0,4   0:01.16 kactivi+
   1449 anton     20   0 1079252  41060  29228 S   0,0   0,3   0:00.67 gmenudb+
   1450 anton     20   0 1159532  67172  50616 S   0,0   0,4   0:00.92 kaccess
   1451 anton     20   0 1433020  67280  52236 S   0,0   0,4   0:00.30 polkit-+
   1452 anton     20   0 1800516  71552  55672 S   0,0   0,5   0:02.94 org_kde+
   1454 anton     20   0 1832812  81060  57280 S   0,0   0,5   0:01.21 xdg-des+
   1455 anton     20   0 1078648  40144  28496 S   0,0   0,3   0:00.68 xembeds+
   1518 anton     20   0    7952   4480   4096 S   0,0   0,0   0:00.00 xsettin+
   1678 anton     20   0   36,8g 171468 111272 S   0,0   1,1   0:03.01 outline+
   1680 anton     20   0  661656  81984  50332 S   0,0   0,5   0:01.69 firewal+
   1682 anton     20   0 1632528  82980  64320 S   0,0   0,5   0:00.54 kdeconn+
   1687 anton     20   0 1774432  82412  56324 S   0,0   0,5   0:01.04 xwaylan+
   1695 anton     20   0   11588   1908   1600 S   0,0   0,0   0:02.44 Outline+
   1703 anton     20   0  309848   6376   5992 S   0,0   0,0   0:00.02 agent
   1862 anton     20   0 1883692 204684 176424 S   0,0   1,3   2:39.38 konsole
   1864 anton     20   0 1830620 168488 142176 S   0,0   1,1   0:34.52 konsole
   2033 anton     20   0   32,4g  56620  44716 S   0,0   0,4   0:00.13 outline+
   2039 anton     20   0   32,4g  56704  44672 S   0,0   0,4   0:00.13 outline+
   2109 anton     20   0   32,4g  14452   1928 S   0,0   0,1   0:00.00 outline+
   2172 anton     20   0    9096   7656   5736 S   0,0   0,0   0:00.04 bash
   2174 anton     20   0    9360   7816   5640 S   0,0   0,0   0:00.47 bash
   2321 anton     20   0   32,0g   2940   2684 S   0,0   0,0   0:00.00 chrome_+
   3170 anton     20   0   32,7g  96916  51996 S   0,0   0,6   0:00.88 outline+
   3234 anton     20   0   32,5g  77204  64024 S   0,0   0,5   0:00.70 outline+
   3266 anton     20   0   40,7g 164760 110548 S   0,0   1,0   0:01.90 outline+
   5984 root      20   0  155304   5308   5052 S   0,0   0,0   0:00.20 gpg-age+
   6727 root      20   0       0      0      0 I   0,0   0,0   0:00.45 kworker+
  15083 root      -2   0       0      0      0 S   0,0   0,0   0:00.00 psimon
  17169 anton     20   0 1132,3g 613236 223308 S   0,0   3,9   0:43.66 code
  17172 anton     20   0   32,7g 138048 125888 S   0,0   0,9   0:00.09 code
  17173 anton     20   0   32,7g 137632 125472 S   0,0   0,9   0:00.08 code
  17175 anton     20   0   32,7g  15700   3484 S   0,0   0,1   0:00.04 code
  17189 anton     20   0   32,0g   3132   2876 S   0,0   0,0   0:00.00 chrome_+
  17206 anton     20   0   33,0g 270436 176500 S   0,0   1,7   1:24.16 code
  17210 anton     20   0   32,5g 160364 146144 S   0,0   1,0   0:09.65 code
  17263 anton     20   0 1138,7g 487144 129368 S   0,0   3,1   5:14.95 code
  17301 anton     20   0 1132,1g 221052 158960 S   0,0   1,4   0:30.95 code
  17321 anton     20   0 1132,1g 317116 165396 S   0,0   2,0   1:05.91 code
  18011 root      20   0       0      0      0 I   0,0   0,0   0:00.00 kworker+
  21176 root      20   0       0      0      0 I   0,0   0,0   0:00.11 kworker+
  24654 root      20   0       0      0      0 I   0,0   0,0   0:05.23 kworker+
  26328 anton     20   0  254136 204920  21560 S   0,0   1,3   1:08.32 cpptools
  29228 anton     20   0   11,8g 790872 409412 S   0,0   5,0   5:35.41 firefox
  29328 anton     20   0  251436  36552  27848 S   0,0   0,2   0:00.06 Socket +
  29340 anton     20   0   19,2g 426848 137484 S   0,0   2,7   3:37.34 WebExte+
  29370 anton     20   0 2715888 183612 132888 S   0,0   1,2   0:08.13 Privile+
  29478 anton     20   0  509500  48952  38328 S   0,0   0,3   0:00.17 Utility+
  29527 anton     20   0 2772960 274336 122976 S   0,0   1,7   0:18.73 Isolate+
  29612 anton     20   0 7254516 391848 119220 S   0,0   2,5   1:17.90 Isolate+
  29681 anton     20   0 2664484 157220  98492 S   0,0   1,0   0:05.36 Isolate+
  33039 anton     20   0 1132,0g 184524 149332 S   0,0   1,2   0:01.29 code
  37049 anton     20   0 2660736 180664 109004 S   0,0   1,2   0:19.72 Isolate+
  40382 anton     20   0 1132,0g 166020 145320 S   0,0   1,1   0:00.93 code
  42178 anton     20   0  257,4g 162208 145036 S   0,0   1,0   0:00.16 balooru+
  42587 root      20   0       0      0      0 I   0,0   0,0   0:00.11 kworker+
  43162 root      20   0       0      0      0 I   0,0   0,0   0:00.05 kworker+
  43321 anton     20   0  558164  52416  41324 S   0,0   0,3   0:00.20 RDD Pro+
  43643 anton     20   0 2919664 343812 124944 S   0,0   2,2   0:52.34 Isolate+
  43844 anton     20   0 3235416 605520 195296 S   0,0   3,9   0:25.26 Isolate+
  46992 root      20   0       0      0      0 I   0,0   0,0   0:00.00 kworker+
  57310 root      20   0       0      0      0 I   0,0   0,0   0:00.02 kworker+
  60768 root      20   0       0      0      0 I   0,0   0,0   0:00.00 kworker+
  61511 root      20   0       0      0      0 I   0,0   0,0   0:00.09 kworker+
  63870 root      20   0       0      0      0 I   0,0   0,0   0:00.06 kworker+
  64971 root       0 -20       0      0      0 I   0,0   0,0   0:00.15 kworker+
  66033 root      20   0       0      0      0 I   0,0   0,0   0:00.02 kworker+
  66077 root      20   0       0      0      0 I   0,0   0,0   0:00.00 kworker+
  66099 root      20   0       0      0      0 I   0,0   0,0   0:00.02 kworker+
  66118 root       0 -20       0      0      0 I   0,0   0,0   0:00.11 kworker+
  66126 root      20   0       0      0      0 I   0,0   0,0   0:00.01 kworker+
  67885 root      20   0       0      0      0 I   0,0   0,0   0:00.03 kworker+
  69388 root      20   0       0      0      0 I   0,0   0,0   0:02.29 kworker+
  69394 root      20   0       0      0      0 I   0,0   0,0   0:01.40 kworker+
  69419 root      20   0       0      0      0 I   0,0   0,0   0:01.63 kworker+
  69425 root       0 -20       0      0      0 I   0,0   0,0   0:00.09 kworker+
  69444 root      20   0       0      0      0 I   0,0   0,0   0:00.00 kworker+
  69473 root      20   0       0      0      0 I   0,0   0,0   0:00.00 kworker+
  69495 root      20   0       0      0      0 I   0,0   0,0   0:00.00 kworker+
  70127 root       0 -20       0      0      0 I   0,0   0,0   0:00.06 kworker+
  70128 root       0 -20       0      0      0 I   0,0   0,0   0:00.14 kworker+
  70129 root       0 -20       0      0      0 I   0,0   0,0   0:00.16 kworker+
  70138 root       0 -20       0      0      0 I   0,0   0,0   0:00.10 kworker+
  70139 root       0 -20       0      0      0 I   0,0   0,0   0:00.09 kworker+
  70140 root       0 -20       0      0      0 I   0,0   0,0   0:00.11 kworker+
  70141 root       0 -20       0      0      0 I   0,0   0,0   0:00.11 kworker+
  70145 root       0 -20       0      0      0 I   0,0   0,0   0:00.10 kworker+
  70146 root       0 -20       0      0      0 I   0,0   0,0   0:00.14 kworker+
  70147 root       0 -20       0      0      0 I   0,0   0,0   0:00.11 kworker+
  72884 root       0 -20       0      0      0 I   0,0   0,0   0:00.11 kworker+
  72885 root       0 -20       0      0      0 I   0,0   0,0   0:00.08 kworker+
  72886 root       0 -20       0      0      0 I   0,0   0,0   0:00.08 kworker+
  73353 root      20   0       0      0      0 I   0,0   0,0   0:00.00 kworker+
  73497 anton     20   0 2466464  78612  65300 S   0,0   0,5   0:00.31 Web Con+
  73861 root      20   0       0      0      0 I   0,0   0,0   0:01.34 kworker+
  73955 anton     20   0 2466464  78548  65492 S   0,0   0,5   0:00.34 Web Con+
  74008 anton     20   0 2466464  78716  65532 S   0,0   0,5   0:00.31 Web Con+
  74182 root      20   0       0      0      0 I   0,0   0,0   0:00.00 kworker+
  74183 root      20   0       0      0      0 I   0,0   0,0   0:00.02 kworker+
  75621 anton     20   0    7456   5260   5132 S   0,0   0,0   0:00.00 bash
  76485 root      20   0       0      0      0 I   0,0   0,0   0:00.95 kworker+
  77315 root      20   0       0      0      0 I   0,0   0,0   0:00.00 kworker+
  78297 root      20   0       0      0      0 I   0,0   0,0   0:00.00 kworker+
  78639 root      20   0   14804   5476   4836 S   0,0   0,0   0:00.00 systemd+
  78640 root      20   0   14804   5664   4896 S   0,0   0,0   0:00.00 systemd+
  78641 root      20   0   14804   5628   4860 S   0,0   0,0   0:00.00 systemd+
  79114 root       0 -20       0      0      0 I   0,0   0,0   0:00.00 kworker+
  79115 root       0 -20       0      0      0 I   0,0   0,0   0:00.00 kworker+
  79574 root      20   0       0      0      0 I   0,0   0,0   0:00.00 kworker+
  79740 anton     39  19  257,3g 140088 126812 S   0,0   0,9   0:00.07 baloo_f+
  79756 anton     20   0    7456   5444   5188 S   0,0   0,0   0:00.00 bash
  79760 anton     20   0    7456   3980   3676 S   0,0   0,0   0:00.00 bash
  79761 anton     20   0    7456   3980   3676 S   0,0   0,0   0:00.00 bash
  79763 anton     20   0    7456   3980   3676 S   0,0   0,0   0:00.00 bash
  79764 anton     20   0    7456   3980   3676 S   0,0   0,0   0:00.00 bash
  79767 anton     20   0    7456   4148   3844 S   0,0   0,0   0:00.00 bash
  79769 anton     20   0    7456   4084   3780 S   0,0   0,0   0:00.00 bash
  79771 anton     20   0    7456   3980   3676 S   0,0   0,0   0:00.00 bash
  79772 anton     20   0   46300  14480  11536 S   0,0   0,1   0:00.01 perf
  79773 anton     20   0   46300  14184  11240 S   0,0   0,1   0:00.01 perf
  79775 anton     20   0    6016   3836   3836 S   0,0   0,0   0:00.00 tee
  79776 anton     20   0    7456   3980   3676 S   0,0   0,0   0:00.00 bash
  79777 anton     20   0    6016   3884   3884 S   0,0   0,0   0:00.00 tee
  79778 anton     20   0   46300  13908  11092 S   0,0   0,1   0:00.01 perf
  79779 anton     20   0   46300  14416  11472 S   0,0   0,1   0:00.01 perf
  79782 anton     20   0    7456   4148   3844 S   0,0   0,0   0:00.00 bash
  79783 anton     20   0    6016   3916   3916 S   0,0   0,0   0:00.00 tee
  79784 anton     20   0    6016   3892   3892 S   0,0   0,0   0:00.00 tee
  79786 anton     20   0    6016   3872   3872 S   0,0   0,0   0:00.00 tee
  79788 anton     20   0   46300  14088  11272 S   0,0   0,1   0:00.01 perf
  79789 anton     20   0    7456   4148   3844 S   0,0   0,0   0:00.00 bash
  79790 anton     20   0    6016   3872   3872 S   0,0   0,0   0:00.00 tee
  79793 anton     20   0    6016   3888   3888 S   0,0   0,0   0:00.00 tee
  79794 anton     20   0    7688   4708   4196 S   0,0   0,0   0:00.00 strace
  79795 anton     20   0    6016   3964   3964 S   0,0   0,0   0:00.00 tee
  79796 anton     20   0    6016   3888   3888 S   0,0   0,0   0:00.00 tee
  79797 anton     20   0    7688   4656   4144 S   0,0   0,0   0:00.00 strace
  79798 anton     20   0    6016   3816   3816 S   0,0   0,0   0:00.00 tee
  79801 anton     20   0    7688   4664   4152 S   0,0   0,0   0:00.00 strace
  79802 anton     20   0    6016   3828   3828 S   0,0   0,0   0:00.00 tee
  79803 anton     20   0    7688   4560   4048 S   0,0   0,0   0:00.00 strace
  79804 anton     20   0    6016   3884   3884 S   0,0   0,0   0:00.00 tee
  79805 anton     20   0    6016   3904   3904 S   0,0   0,0   0:00.00 tee
  79806 anton     20   0    6016   3888   3888 S   0,0   0,0   0:00.00 tee
  79807 anton     20   0    7688   4560   4048 S   0,0   0,0   0:00.00 strace
  79809 anton     20   0   46300  14360  11416 S   0,0   0,1   0:00.01 perf
  79810 anton     20   0    6016   3876   3876 S   0,0   0,0   0:00.00 tee
  79811 anton     20   0    6016   3956   3956 S   0,0   0,0   0:00.00 tee
  79815 anton     20   0   46300  14128  11312 S   0,0   0,1   0:00.01 perf
  79816 anton     20   0    6016   3828   3828 S   0,0   0,0   0:00.00 tee
  79817 anton     20   0   46300  14040  11224 S   0,0   0,1   0:00.00 perf
  79818 anton     20   0    6016   3888   3888 S   0,0   0,0   0:00.00 tee
  79819 anton     20   0    6016   3980   3980 S   0,0   0,0   0:00.00 tee
  79821 anton     20   0    7688   4648   4136 S   0,0   0,0   0:00.00 strace
  79822 anton     20   0    6016   3888   3888 S   0,0   0,0   0:00.00 tee
  79836 anton     20   0    6016   3956   3956 S   0,0   0,0   0:00.00 tee
  79838 anton     20   0    6016   3964   3964 S   0,0   0,0   0:00.00 tee
  79839 anton     20   0    7688   4344   3960 S   0,0   0,0   0:00.00 strace
  79841 anton     20   0    6016   3892   3892 S   0,0   0,0   0:00.00 tee
  79842 anton     20   0   46300  14300  11484 S   0,0   0,1   0:00.01 perf
  79845 anton     20   0   46300  14232  11288 S   0,0   0,1   0:00.01 perf
  79846 anton     20   0    7688   4720   4208 S   0,0   0,0   0:00.00 strace
  79847 anton     20   0    6016   3984   3984 S   0,0   0,0   0:00.00 tee
  79850 anton     20   0    6016   3892   3892 S   0,0   0,0   0:00.00 tee
  79854 anton     20   0    6016   3836   3836 S   0,0   0,0   0:00.00 tee
  79855 anton     20   0    6016   3888   3888 S   0,0   0,0   0:00.00 tee
  79856 anton     20   0    7688   4672   4160 S   0,0   0,0   0:00.00 strace
  79858 anton     20   0    6016   3836   3836 S   0,0   0,0   0:00.00 tee
  79859 anton     20   0    6016   3980   3980 S   0,0   0,0   0:00.00 tee
  79860 anton     20   0    7688   4668   4156 S   0,0   0,0   0:00.00 strace
  79861 anton     20   0    6016   3916   3916 S   0,0   0,0   0:00.00 tee

top - 14:04:04 up  2:53,  2 users,  load average: 10,67, 9,65, 5,83
Tasks: 388 total,  13 running, 368 sleeping,   7 stopped,   0 zombie
%Cpu(s): 67,8 us, 29,0 sy,  0,5 ni,  2,2 id,  0,0 wa,  0,4 hi,  0,1 si,  0,0 st 
MiB Mem :  15337,5 total,    663,2 free,   8973,4 used,   6490,2 buff/cache     
MiB Swap:      0,0 total,      0,0 free,      0,0 used.   6364,1 avail Mem 

    PID USER      PR  NI    VIRT    RES    SHR S  %CPU  %MEM     TIME+ COMMAND
  79833 anton     20   0    4620   2564   2180 S  57,4   0,0   0:01.93 ltrace
  79781 anton     20   0    4620   2868   2356 R  55,1   0,0   0:01.79 ltrace
  79851 anton     20   0    4620   3036   2524 S  55,1   0,0   0:01.78 ltrace
  79800 anton     20   0    4620   2868   2356 R  47,2   0,0   0:01.52 ltrace
  79834 anton     20   0    4620   2812   2300 R  47,2   0,0   0:01.53 ltrace
  79857 anton     20   0    4620   2840   2456 R  44,9   0,0   0:01.54 ltrace
  79814 anton     20   0    4620   2876   2364 R  44,6   0,0   0:01.49 ltrace
  79791 anton     20   0    4620   2720   2336 R  42,0   0,0   0:01.39 ltrace
  79792 anton     20   0    4620   2856   2472 R  36,7   0,0   0:01.22 ltrace
   1867 anton     20   0 3069908   1,2g 428636 R  36,1   8,3   1:36.11 telegra+
  79785 anton     20   0    4620   2740   2356 R  34,4   0,0   0:01.13 ltrace
  79813 anton     20   0    6296   3192   3064 t  15,4   0,0   0:00.49 path
  79863 anton     20   0    6296   3192   3064 t  15,4   0,0   0:00.51 path
  79869 anton     20   0    6296   3116   3116 R  14,8   0,0   0:00.47 path
  79864 anton     20   0    6296   3320   3192 R  13,8   0,0   0:00.46 path
  29612 anton     20   0 7254516 391472 119220 S  13,4   2,5   1:18.31 Isolate+
  79812 anton     20   0    6296   3320   3192 t  13,1   0,0   0:00.42 path
  79862 anton     20   0    6296   3184   3056 t  13,1   0,0   0:00.42 path
  79840 anton     20   0    6296   3320   3192 R  12,5   0,0   0:00.41 path
  79831 anton     20   0    6296   3188   3060 t  11,8   0,0   0:00.39 path
  79829 anton     20   0    6296   3256   3128 t  11,1   0,0   0:00.36 path
  79828 anton     20   0    6296   3172   3044 t  10,2   0,0   0:00.33 path
   1182 anton     -2   0 3385120 589032 489160 S   7,5   3,8   4:20.48 kwin_wa+
  29527 anton     20   0 2772976 274360 122976 S   2,0   1,7   0:18.79 Isolate+
  17321 anton     20   0 1132,1g 316728 165396 S   1,6   2,0   1:05.96 code
  29228 anton     20   0   11,8g 791128 409412 S   1,3   5,0   5:35.45 firefox
    614 root     -51   0       0      0      0 S   1,0   0,0   2:11.70 irq/92-+
  17263 anton     20   0 1138,7g 487784 129368 S   0,7   3,1   5:14.97 code
  29340 anton     20   0   19,2g 426848 137484 S   0,7   2,7   3:37.36 WebExte+
  43643 anton     20   0 2919664 343812 124944 S   0,7   2,2   0:52.36 Isolate+
    364 root     -51   0       0      0      0 S   0,3   0,0   0:09.35 irq/47-+
    391 root      20   0       0      0      0 I   0,3   0,0   0:00.09 kworker+
    654 dbus      20   0   11528   6844   2172 S   0,3   0,0   0:03.96 dbus-br+
   1181 anton     39  19  256,2g 133188 105144 S   0,3   0,8   0:09.60 baloo_f+
   1191 root      20   0  467260  11912  10248 S   0,3   0,1   0:00.66 udisksd
   1219 root      20   0  316292  11052   9132 S   0,3   0,1   0:00.93 upowerd
   1402 anton     20   0 6274736 455180 171340 S   0,3   2,9   1:01.43 plasmas+
   1862 anton     20   0 1883692 204684 176424 S   0,3   1,3   2:39.39 konsole
   5984 root      20   0  155304   5308   5052 S   0,3   0,0   0:00.21 gpg-age+
  17301 anton     20   0 1132,1g 221052 158960 S   0,3   1,4   0:30.96 code
  43844 anton     20   0 3235416 605520 195296 S   0,3   3,9   0:25.27 Isolate+
  69388 root      20   0       0      0      0 I   0,3   0,0   0:02.30 kworker+
  73497 anton     20   0 2466480  78612  65300 S   0,3   0,5   0:00.32 Web Con+
  73861 root      20   0       0      0      0 I   0,3   0,0   0:01.35 kworker+
  79758 anton     20   0    9652   7028   5108 R   0,3   0,0   0:00.04 top
      1 root      20   0   21720  13140   9032 S   0,0   0,1   0:05.68 systemd
      2 root      20   0       0      0      0 S   0,0   0,0   0:00.02 kthreadd
      3 root      20   0       0      0      0 S   0,0   0,0   0:00.00 pool_wo+
      4 root       0 -20       0      0      0 I   0,0   0,0   0:00.00 kworker+
      5 root       0 -20       0      0      0 I   0,0   0,0   0:00.00 kworker+
      6 root       0 -20       0      0      0 I   0,0   0,0   0:00.00 kworker+
      7 root       0 -20       0      0      0 I   0,0   0,0   0:00.00 kworker+
     10 root       0 -20       0      0      0 I   0,0   0,0   0:00.00 kworker+
     13 root       0 -20       0      0      0 I   0,0   0,0   0:00.00 kworker+
     14 root      20   0       0      0      0 I   0,0   0,0   0:00.00 rcu_tas+
     15 root      20   0       0      0      0 I   0,0   0,0   0:00.00 rcu_tas+
     16 root      20   0       0      0      0 I   0,0   0,0   0:00.00 rcu_tas+
     17 root      20   0       0      0      0 S   0,0   0,0   0:00.22 ksoftir+
     18 root      -2   0       0      0      0 I   0,0   0,0   0:05.67 rcu_pre+
     19 root      -2   0       0      0      0 S   0,0   0,0   0:00.00 rcub/0
     20 root      20   0       0      0      0 S   0,0   0,0   0:00.00 rcu_exp+
     21 root      20   0       0      0      0 S   0,0   0,0   0:00.03 rcu_exp+
     22 root      rt   0       0      0      0 S   0,0   0,0   0:01.49 migrati+
     23 root     -51   0       0      0      0 S   0,0   0,0   0:00.00 idle_in+
     24 root      20   0       0      0      0 S   0,0   0,0   0:00.00 cpuhp/0
     25 root      20   0       0      0      0 S   0,0   0,0   0:00.00 cpuhp/2
     26 root     -51   0       0      0      0 S   0,0   0,0   0:00.00 idle_in+
     27 root      rt   0       0      0      0 S   0,0   0,0   0:01.14 migrati+
     28 root      20   0       0      0      0 S   0,0   0,0   0:00.12 ksoftir+
     30 root       0 -20       0      0      0 I   0,0   0,0   0:00.00 kworker+
     31 root      20   0       0      0      0 S   0,0   0,0   0:00.00 cpuhp/4
     32 root     -51   0       0      0      0 S   0,0   0,0   0:00.00 idle_in+
     33 root      rt   0       0      0      0 S   0,0   0,0   0:10.68 migrati+
     34 root      20   0       0      0      0 S   0,0   0,0   0:00.07 ksoftir+
     36 root       0 -20       0      0      0 I   0,0   0,0   0:00.00 kworker+
     37 root      20   0       0      0      0 S   0,0   0,0   0:00.00 cpuhp/6
     38 root     -51   0       0      0      0 S   0,0   0,0   0:00.00 idle_in+
     39 root      rt   0       0      0      0 S   0,0   0,0   0:02.69 migrati+
     40 root      20   0       0      0      0 S   0,0   0,0   0:00.33 ksoftir+
     42 root       0 -20       0      0      0 I   0,0   0,0   0:00.00 kworker+
     43 root      20   0       0      0      0 S   0,0   0,0   0:00.00 cpuhp/8
     44 root     -51   0       0      0      0 S   0,0   0,0   0:00.00 idle_in+
     45 root      rt   0       0      0      0 S   0,0   0,0   0:02.90 migrati+
     46 root      20   0       0      0      0 S   0,0   0,0   0:00.04 ksoftir+
     48 root       0 -20       0      0      0 I   0,0   0,0   0:00.00 kworker+
     49 root      20   0       0      0      0 S   0,0   0,0   0:00.00 cpuhp/10
     50 root     -51   0       0      0      0 S   0,0   0,0   0:00.00 idle_in+
     51 root      rt   0       0      0      0 S   0,0   0,0   0:05.14 migrati+
     52 root      20   0       0      0      0 S   0,0   0,0   0:00.03 ksoftir+
     54 root       0 -20       0      0      0 I   0,0   0,0   0:00.00 kworker+
     55 root      20   0       0      0      0 S   0,0   0,0   0:00.00 cpuhp/12
     56 root     -51   0       0      0      0 S   0,0   0,0   0:00.00 idle_in+
     57 root      rt   0       0      0      0 S   0,0   0,0   0:02.71 migrati+
     58 root      20   0       0      0      0 S   0,0   0,0   0:00.02 ksoftir+
     60 root       0 -20       0      0      0 I   0,0   0,0   0:00.00 kworker+
     61 root      20   0       0      0      0 S   0,0   0,0   0:00.00 cpuhp/14
     62 root     -51   0       0      0      0 S   0,0   0,0   0:00.00 idle_in+
     63 root      rt   0       0      0      0 S   0,0   0,0   0:03.71 migrati+
     64 root      20   0       0      0      0 S   0,0   0,0   0:00.02 ksoftir+
     66 root       0 -20       0      0      0 I   0,0   0,0   0:00.00 kworker+
     67 root      20   0       0      0      0 S   0,0   0,0   0:00.00 cpuhp/1
     68 root     -51   0       0      0      0 S   0,0   0,0   0:00.00 idle_in+
     69 root      rt   0       0      0      0 S   0,0   0,0   0:00.32 migrati+
     70 root      20   0       0      0      0 S   0,0   0,0   0:00.27 ksoftir+
     72 root       0 -20       0      0      0 I   0,0   0,0   0:00.00 kworker+
     73 root      20   0       0      0      0 S   0,0   0,0   0:00.00 cpuhp/3
     74 root     -51   0       0      0      0 S   0,0   0,0   0:00.00 idle_in+
     75 root      rt   0       0      0      0 S   0,0   0,0   0:00.47 migrati+
     76 root      20   0       0      0      0 S   0,0   0,0   0:00.10 ksoftir+
     78 root       0 -20       0      0      0 I   0,0   0,0   0:00.00 kworker+
     79 root      20   0       0      0      0 S   0,0   0,0   0:00.00 cpuhp/5
     80 root     -51   0       0      0      0 S   0,0   0,0   0:00.00 idle_in+
     81 root      rt   0       0      0      0 S   0,0   0,0   0:00.66 migrati+
     82 root      20   0       0      0      0 S   0,0   0,0   0:00.03 ksoftir+
     84 root       0 -20       0      0      0 I   0,0   0,0   0:00.00 kworker+
     85 root      20   0       0      0      0 S   0,0   0,0   0:00.00 cpuhp/7
     86 root     -51   0       0      0      0 S   0,0   0,0   0:00.00 idle_in+
     87 root      rt   0       0      0      0 S   0,0   0,0   0:01.34 migrati+
     88 root      20   0       0      0      0 S   0,0   0,0   0:00.02 ksoftir+
     90 root       0 -20       0      0      0 I   0,0   0,0   0:00.00 kworker+
     91 root      20   0       0      0      0 S   0,0   0,0   0:00.00 cpuhp/9
     92 root     -51   0       0      0      0 S   0,0   0,0   0:00.00 idle_in+
     93 root      rt   0       0      0      0 S   0,0   0,0   0:00.85 migrati+
     94 root      20   0       0      0      0 S   0,0   0,0   0:00.03 ksoftir+
     96 root       0 -20       0      0      0 I   0,0   0,0   0:00.00 kworker+
     97 root      20   0       0      0      0 S   0,0   0,0   0:00.00 cpuhp/11
     98 root     -51   0       0      0      0 S   0,0   0,0   0:00.00 idle_in+
     99 root      rt   0       0      0      0 S   0,0   0,0   0:01.41 migrati+
    100 root      20   0       0      0      0 S   0,0   0,0   0:00.01 ksoftir+
    102 root       0 -20       0      0      0 I   0,0   0,0   0:00.00 kworker+
    103 root      20   0       0      0      0 S   0,0   0,0   0:00.00 cpuhp/13
    104 root     -51   0       0      0      0 S   0,0   0,0   0:00.00 idle_in+
    105 root      rt   0       0      0      0 S   0,0   0,0   0:01.05 migrati+
    106 root      20   0       0      0      0 S   0,0   0,0   0:00.01 ksoftir+
    108 root       0 -20       0      0      0 I   0,0   0,0   0:00.00 kworker+
    109 root      20   0       0      0      0 S   0,0   0,0   0:00.00 cpuhp/15
    110 root     -51   0       0      0      0 S   0,0   0,0   0:00.00 idle_in+
    111 root      rt   0       0      0      0 S   0,0   0,0   0:02.10 migrati+
    112 root      20   0       0      0      0 S   0,0   0,0   0:00.01 ksoftir+
    114 root       0 -20       0      0      0 I   0,0   0,0   0:00.00 kworker+
    115 root      20   0       0      0      0 S   0,0   0,0   0:00.00 kdevtmp+
    116 root       0 -20       0      0      0 I   0,0   0,0   0:00.00 kworker+
    117 root      20   0       0      0      0 S   0,0   0,0   0:00.00 kauditd
    118 root      20   0       0      0      0 S   0,0   0,0   0:00.01 khungta+
    120 root      20   0       0      0      0 S   0,0   0,0   0:00.00 oom_rea+
    121 root       0 -20       0      0      0 I   0,0   0,0   0:00.00 kworker+
    122 root      20   0       0      0      0 S   0,0   0,0   0:04.38 kcompac+
    123 root      25   5       0      0      0 S   0,0   0,0   0:00.00 ksmd
    124 root      39  19       0      0      0 S   0,0   0,0   0:01.23 khugepa+
    125 root       0 -20       0      0      0 I   0,0   0,0   0:00.00 kworker+
    126 root       0 -20       0      0      0 I   0,0   0,0   0:00.00 kworker+
    127 root       0 -20       0      0      0 I   0,0   0,0   0:00.00 kworker+
    129 root     -51   0       0      0      0 S   0,0   0,0   0:00.00 irq/9-a+
    131 root       0 -20       0      0      0 I   0,0   0,0   0:00.00 kworker+
    132 root       0 -20       0      0      0 I   0,0   0,0   0:00.00 kworker+
    133 root       0 -20       0      0      0 I   0,0   0,0   0:00.00 kworker+
    134 root       0 -20       0      0      0 I   0,0   0,0   0:00.00 kworker+
    135 root     -51   0       0      0      0 S   0,0   0,0   0:00.00 watchdo+
    136 root       0 -20       0      0      0 I   0,0   0,0   0:00.03 kworker+
    137 root     -51   0       0      0      0 S   0,0   0,0   0:00.00 irq/25-+
    138 root     -51   0       0      0      0 S   0,0   0,0   0:00.00 irq/26-+
    139 root     -51   0       0      0      0 S   0,0   0,0   0:00.00 irq/27-+
    141 root      20   0       0      0      0 S   0,0   0,0   0:02.33 kswapd0
    142 root       0 -20       0      0      0 I   0,0   0,0   0:00.00 kworker+
    143 root       0 -20       0      0      0 I   0,0   0,0   0:00.00 kworker+
    144 root      20   0       0      0      0 S   0,0   0,0   0:00.00 scsi_eh+
    145 root       0 -20       0      0      0 I   0,0   0,0   0:00.00 kworker+
    146 root      20   0       0      0      0 S   0,0   0,0   0:00.00 scsi_eh+
    147 root       0 -20       0      0      0 I   0,0   0,0   0:00.00 kworker+
    149 root       0 -20       0      0      0 I   0,0   0,0   0:00.00 kworker+
    151 root       0 -20       0      0      0 I   0,0   0,0   0:00.00 kworker+
    154 root       0 -20       0      0      0 I   0,0   0,0   0:00.01 kworker+
    159 root       0 -20       0      0      0 I   0,0   0,0   0:00.00 kworker+
    161 root      20   0       0      0      0 I   0,0   0,0   0:00.10 kworker+
    162 root      20   0       0      0      0 I   0,0   0,0   0:00.03 kworker+
    166 root       0 -20       0      0      0 I   0,0   0,0   0:00.00 kworker+
    172 root     -51   0       0      0      0 S   0,0   0,0   0:00.00 irq/28-+
    173 root     -51   0       0      0      0 S   0,0   0,0   0:00.00 irq/29-+
    174 root     -51   0       0      0      0 S   0,0   0,0   0:00.00 irq/30-+
    175 root     -51   0       0      0      0 S   0,0   0,0   0:00.00 irq/31-+
    176 root     -51   0       0      0      0 S   0,0   0,0   0:00.00 irq/32-+
    177 root     -51   0       0      0      0 S   0,0   0,0   0:00.00 irq/33-+
    178 root     -51   0       0      0      0 S   0,0   0,0   0:00.00 irq/34-+
    179 root     -51   0       0      0      0 S   0,0   0,0   0:00.00 irq/35-+
    180 root     -51   0       0      0      0 S   0,0   0,0   0:00.00 irq/36-+
    181 root     -51   0       0      0      0 S   0,0   0,0  57:50.74 irq/37-+
    182 root     -51   0       0      0      0 S   0,0   0,0   0:00.01 irq/38-+
    183 root       0 -20       0      0      0 I   0,0   0,0   0:00.03 kworker+
    185 root       0 -20       0      0      0 I   0,0   0,0   0:00.03 kworker+
    187 root       0 -20       0      0      0 I   0,0   0,0   0:00.03 kworker+
    188 root       0 -20       0      0      0 I   0,0   0,0   0:00.02 kworker+
    225 root       0 -20       0      0      0 I   0,0   0,0   0:00.02 kworker+
    230 root       0 -20       0      0      0 I   0,0   0,0   0:00.00 kworker+
    237 root       0 -20       0      0      0 I   0,0   0,0   0:00.01 kworker+
    256 root      20   0       0      0      0 I   0,0   0,0   0:00.02 kworker+
    261 root       0 -20       0      0      0 I   0,0   0,0   0:00.00 kworker+
    329 root       0 -20       0      0      0 I   0,0   0,0   0:00.01 kworker+
    331 root       0 -20       0      0      0 I   0,0   0,0   0:00.00 kworker+
    333 root       0 -20       0      0      0 I   0,0   0,0   0:00.01 kworker+
    336 root       0 -20       0      0      0 I   0,0   0,0   0:00.00 kworker+
    338 root       0 -20       0      0      0 I   0,0   0,0   0:00.00 kworker+
    339 root       0 -20       0      0      0 I   0,0   0,0   0:00.01 kworker+
    366 root       0 -20       0      0      0 I   0,0   0,0   0:00.00 kworker+
    379 root      20   0       0      0      0 I   0,0   0,0   0:00.04 kworker+
    380 root       0 -20       0      0      0 I   0,0   0,0   0:00.00 kworker+
    381 root       0 -20       0      0      0 I   0,0   0,0   0:00.00 kworker+
    382 root       0 -20       0      0      0 I   0,0   0,0   0:00.00 kworker+
    383 root       0 -20       0      0      0 I   0,0   0,0   0:00.00 kworker+
    384 root      20   0       0      0      0 I   0,0   0,0   0:00.17 kworker+
    390 root      20   0       0      0      0 I   0,0   0,0   0:00.13 kworker+
    420 root      20   0       0      0      0 S   0,0   0,0   0:01.07 jbd2/nv+
    421 root       0 -20       0      0      0 I   0,0   0,0   0:00.00 kworker+
    469 root      20   0   49224  19204  18008 S   0,0   0,1   0:01.70 systemd+
    500 root      20   0   14288   5788   5020 S   0,0   0,0   0:00.15 systemd+
    505 root      -2   0       0      0      0 S   0,0   0,0   0:00.00 psimon
    515 root      20   0   31268  11920   9232 S   0,0   0,1   0:00.43 systemd+
    516 root      -2   0       0      0      0 S   0,0   0,0   0:00.00 psimon
    585 root       0 -20       0      0      0 I   0,0   0,0   0:00.00 kworker+
    632 root       0 -20       0      0      0 I   0,0   0,0   0:00.00 kworker+
    639 root       0 -20       0      0      0 I   0,0   0,0   0:00.00 kworker+
    648 systemd+  20   0   89056   7076   6308 S   0,0   0,0   0:00.08 systemd+
    653 dbus      20   0    9376   5088   2832 S   0,0   0,0   0:00.43 dbus-br+
    656 avahi     20   0    6224   4016   3760 S   0,0   0,0   0:00.17 avahi-d+
    657 root      20   0    9804   5196   4812 S   0,0   0,0   0:00.12 bluetoo+
    659 root      20   0  141580  50116  20228 S   0,0   0,3   0:01.00 firewal+
    660 root      20   0   15228   7840   6704 S   0,0   0,0   0:01.55 systemd+
    663 avahi     20   0    6224   1524   1264 S   0,0   0,0   0:00.00 avahi-d+
    688 root      20   0  562396  26548  21456 S   0,0   0,2   0:29.72 Network+
    726 root      20   0   16320  11084   9676 S   0,0   0,1   0:07.88 wpa_sup+
    735 root      20   0    6408   4140   4012 S   0,0   0,0   0:00.00 Outline+
    739 root      20   0  153416  18424  16376 S   0,0   0,1   0:00.02 sddm
    742 root      20   0 2388160  46552  34012 S   0,0   0,3   0:06.62 contain+
    779 polkitd   20   0  383276  11400   6908 S   0,0   0,1   0:05.86 polkitd
    789 root       0 -20       0      0      0 I   0,0   0,0   0:00.00 kworker+
    790 root       0 -20       0      0      0 I   0,0   0,0   0:00.00 kworker+
    791 root       0 -20       0      0      0 I   0,0   0,0   0:00.00 kworker+
    792 root       0 -20       0      0      0 I   0,0   0,0   0:00.00 kworker+
    793 root       0 -20       0      0      0 I   0,0   0,0   0:00.00 kworker+
    795 root     -51   0       0      0      0 S   0,0   0,0   0:00.00 card1-c+
    796 root     -51   0       0      0      0 S   0,0   0,0   0:00.00 card1-c+
    797 root     -51   0       0      0      0 S   0,0   0,0   0:00.00 card1-c+
    798 root     -51   0       0      0      0 S   0,0   0,0   0:00.00 card1-c+
    799 root      20   0 1163620  61652  29780 S   0,0   0,4   0:00.37 Xorg
    863 root      20   0 2665128  75004  48148 S   0,0   0,5   0:00.99 dockerd
   1040 root      20   0       0      0      0 I   0,0   0,0   0:00.07 kworker+
   1069 root      20   0       0      0      0 I   0,0   0,0   0:00.06 kworker+
   1118 root      20   0  307712   8644   8004 S   0,0   0,1   0:00.44 power-p+
   1124 root      20   0   77140  19308  17132 S   0,0   0,1   0:00.10 sddm-he+
   1144 anton     20   0   19944  11420   9116 S   0,0   0,1   0:01.56 systemd
   1146 anton     20   0   20448   3616   1912 S   0,0   0,0   0:00.00 (sd-pam)
   1159 anton     20   0 1439488  70172  52428 S   0,0   0,4   0:00.29 kwallet+
   1160 anton     20   0  217568  35408  30928 S   0,0   0,2   0:00.11 startpl+
   1169 anton     20   0    6944   3384   3128 S   0,0   0,0   0:00.04 dbus-br+
   1170 anton     20   0    5712   2988   2092 S   0,0   0,0   0:01.06 dbus-br+
   1177 anton     20   0  147308  15432  14024 S   0,0   0,1   0:00.02 kwin_wa+
   1190 anton     20   0  619836  15668  13236 S   0,0   0,1   0:01.39 xdg-des+
   1200 anton     20   0  530856   6364   5852 S   0,0   0,0   0:00.13 xdg-doc+
   1205 anton     20   0  306052   5700   5316 S   0,0   0,0   0:00.18 xdg-per+
   1212 root      20   0    2560   1788   1788 S   0,0   0,0   0:00.00 fusermo+
   1221 rtkit     21   1   20516   3016   2888 S   0,0   0,0   0:00.13 rtkit-d+
   1244 anton      9 -11  170936  15112   9848 S   0,0   0,1   0:00.25 pipewire
   1245 anton      9 -11  480436  18584  14616 S   0,0   0,1   0:00.64 wireplu+
   1277 root      10 -10       0      0      0 S   0,0   0,0   0:00.00 krfcommd
   1285 anton     20   0  940560  76664  40232 S   0,0   0,5   0:21.11 Xwayland
   1302 anton     20   0  379160   6412   5900 S   0,0   0,0   0:00.08 at-spi-+
   1313 anton     20   0    6812   3176   2920 S   0,0   0,0   0:00.00 dbus-br+
   1317 anton     20   0    4096   2240   2112 S   0,0   0,0   0:00.00 dbus-br+
   1325 anton     20   0 1159344  65032  48124 S   0,0   0,4   0:00.87 ksmserv+
   1327 anton     20   0 1846044 102128  75228 S   0,0   0,7   0:04.94 kded6
   1385 anton     20   0  229084   5460   5076 S   0,0   0,0   0:00.01 dconf-s+
   1403 anton     20   0  232400   6348   5836 S   0,0   0,0   0:00.02 at-spi2+
   1414 anton      9 -11  184464  18852   8956 S   0,0   0,1   0:00.16 pipewir+
   1446 anton     20   0 1411652  58076  44912 S   0,0   0,4   0:01.16 kactivi+
   1449 anton     20   0 1079252  41060  29228 S   0,0   0,3   0:00.67 gmenudb+
   1450 anton     20   0 1159532  67172  50616 S   0,0   0,4   0:00.92 kaccess
   1451 anton     20   0 1433020  67280  52236 S   0,0   0,4   0:00.30 polkit-+
   1452 anton     20   0 1800516  71552  55672 S   0,0   0,5   0:02.94 org_kde+
   1454 anton     20   0 1832812  81060  57280 S   0,0   0,5   0:01.21 xdg-des+
   1455 anton     20   0 1078648  40144  28496 S   0,0   0,3   0:00.68 xembeds+
   1518 anton     20   0    7952   4480   4096 S   0,0   0,0   0:00.00 xsettin+
   1678 anton     20   0   36,8g 171468 111272 S   0,0   1,1   0:03.01 outline+
   1680 anton     20   0  661656  81984  50332 S   0,0   0,5   0:01.69 firewal+
   1682 anton     20   0 1632528  82980  64320 S   0,0   0,5   0:00.54 kdeconn+
   1687 anton     20   0 1774432  82412  56324 S   0,0   0,5   0:01.04 xwaylan+
   1695 anton     20   0   11588   1908   1600 S   0,0   0,0   0:02.44 Outline+
   1703 anton     20   0  309848   6376   5992 S   0,0   0,0   0:00.02 agent
   1864 anton     20   0 1830620 168488 142176 S   0,0   1,1   0:34.52 konsole
   2033 anton     20   0   32,4g  56620  44716 S   0,0   0,4   0:00.13 outline+
   2039 anton     20   0   32,4g  56704  44672 S   0,0   0,4   0:00.13 outline+
   2109 anton     20   0   32,4g  14452   1928 S   0,0   0,1   0:00.00 outline+
   2172 anton     20   0    9096   7656   5736 S   0,0   0,0   0:00.04 bash
   2174 anton     20   0    9360   7816   5640 S   0,0   0,0   0:00.47 bash
   2321 anton     20   0   32,0g   2940   2684 S   0,0   0,0   0:00.00 chrome_+
   3170 anton     20   0   32,7g  96916  51996 S   0,0   0,6   0:00.88 outline+
   3234 anton     20   0   32,5g  77204  64024 S   0,0   0,5   0:00.70 outline+
   3266 anton     20   0   40,7g 164760 110548 S   0,0   1,0   0:01.90 outline+
   6727 root      20   0       0      0      0 I   0,0   0,0   0:00.45 kworker+
  15083 root      -2   0       0      0      0 S   0,0   0,0   0:00.00 psimon
  17169 anton     20   0 1132,3g 613236 223308 S   0,0   3,9   0:43.66 code
  17172 anton     20   0   32,7g 138048 125888 S   0,0   0,9   0:00.09 code
  17173 anton     20   0   32,7g 137632 125472 S   0,0   0,9   0:00.08 code
  17175 anton     20   0   32,7g  15700   3484 S   0,0   0,1   0:00.04 code
  17189 anton     20   0   32,0g   3132   2876 S   0,0   0,0   0:00.00 chrome_+
  17206 anton     20   0   33,0g 270436 176500 S   0,0   1,7   1:24.16 code
  17210 anton     20   0   32,5g 160364 146144 S   0,0   1,0   0:09.65 code
  17302 anton     20   0 1132,1g 185700 160364 S   0,0   1,2   0:15.71 code
  18011 root      20   0       0      0      0 I   0,0   0,0   0:00.00 kworker+
  21176 root      20   0       0      0      0 I   0,0   0,0   0:00.11 kworker+
  24654 root      20   0       0      0      0 I   0,0   0,0   0:05.23 kworker+
  26328 anton     20   0  254136 204920  21560 S   0,0   1,3   1:08.32 cpptools
  29328 anton     20   0  251436  36552  27848 S   0,0   0,2   0:00.06 Socket +
  29370 anton     20   0 2715888 183612 132888 S   0,0   1,2   0:08.13 Privile+
  29478 anton     20   0  509500  48952  38328 S   0,0   0,3   0:00.17 Utility+
  29681 anton     20   0 2664484 157220  98492 S   0,0   1,0   0:05.36 Isolate+
  33039 anton     20   0 1132,0g 184524 149332 S   0,0   1,2   0:01.29 code
  37049 anton     20   0 2660736 180664 109004 S   0,0   1,2   0:19.72 Isolate+
  40382 anton     20   0 1132,0g 166020 145320 S   0,0   1,1   0:00.93 code
  42178 anton     20   0  257,4g 162208 145036 S   0,0   1,0   0:00.16 balooru+
  42587 root      20   0       0      0      0 I   0,0   0,0   0:00.11 kworker+
  43162 root      20   0       0      0      0 I   0,0   0,0   0:00.05 kworker+
  43321 anton     20   0  558164  52416  41324 S   0,0   0,3   0:00.20 RDD Pro+
  46992 root      20   0       0      0      0 I   0,0   0,0   0:00.00 kworker+
  57310 root      20   0       0      0      0 I   0,0   0,0   0:00.02 kworker+
  60768 root      20   0       0      0      0 I   0,0   0,0   0:00.00 kworker+
  61511 root      20   0       0      0      0 I   0,0   0,0   0:00.09 kworker+
  63870 root      20   0       0      0      0 I   0,0   0,0   0:00.06 kworker+
  64971 root       0 -20       0      0      0 I   0,0   0,0   0:00.15 kworker+
  66033 root      20   0       0      0      0 I   0,0   0,0   0:00.02 kworker+
  66077 root      20   0       0      0      0 I   0,0   0,0   0:00.00 kworker+
  66099 root      20   0       0      0      0 I   0,0   0,0   0:00.02 kworker+
  66118 root       0 -20       0      0      0 I   0,0   0,0   0:00.11 kworker+
  66126 root      20   0       0      0      0 I   0,0   0,0   0:00.01 kworker+
  67885 root      20   0       0      0      0 I   0,0   0,0   0:00.03 kworker+
  69394 root      20   0       0      0      0 I   0,0   0,0   0:01.40 kworker+
  69419 root      20   0       0      0      0 I   0,0   0,0   0:01.63 kworker+
  69425 root       0 -20       0      0      0 I   0,0   0,0   0:00.09 kworker+
  69444 root      20   0       0      0      0 I   0,0   0,0   0:00.00 kworker+
  69473 root      20   0       0      0      0 I   0,0   0,0   0:00.00 kworker+
  69495 root      20   0       0      0      0 I   0,0   0,0   0:00.00 kworker+
  70127 root       0 -20       0      0      0 I   0,0   0,0   0:00.06 kworker+
  70128 root       0 -20       0      0      0 I   0,0   0,0   0:00.14 kworker+
  70129 root       0 -20       0      0      0 I   0,0   0,0   0:00.16 kworker+
  70138 root       0 -20       0      0      0 I   0,0   0,0   0:00.10 kworker+
  70139 root       0 -20       0      0      0 I   0,0   0,0   0:00.09 kworker+
  70140 root       0 -20       0      0      0 I   0,0   0,0   0:00.11 kworker+
  70141 root       0 -20       0      0      0 I   0,0   0,0   0:00.11 kworker+
  70145 root       0 -20       0      0      0 I   0,0   0,0   0:00.10 kworker+
  70146 root       0 -20       0      0      0 I   0,0   0,0   0:00.14 kworker+
  70147 root       0 -20       0      0      0 I   0,0   0,0   0:00.11 kworker+
  72884 root       0 -20       0      0      0 I   0,0   0,0   0:00.11 kworker+
  72885 root       0 -20       0      0      0 I   0,0   0,0   0:00.08 kworker+
  72886 root       0 -20       0      0      0 I   0,0   0,0   0:00.08 kworker+
  73353 root      20   0       0      0      0 I   0,0   0,0   0:00.00 kworker+
  73955 anton     20   0 2466464  78548  65492 S   0,0   0,5   0:00.34 Web Con+
  74008 anton     20   0 2466464  78716  65532 S   0,0   0,5   0:00.31 Web Con+
  74182 root      20   0       0      0      0 I   0,0   0,0   0:00.00 kworker+
  74183 root      20   0       0      0      0 I   0,0   0,0   0:00.02 kworker+
  75621 anton     20   0    7456   5260   5132 S   0,0   0,0   0:00.00 bash
  76485 root      20   0       0      0      0 I   0,0   0,0   0:00.95 kworker+
  77315 root      20   0       0      0      0 I   0,0   0,0   0:00.00 kworker+
  78297 root      20   0       0      0      0 I   0,0   0,0   0:00.00 kworker+
  78639 root      20   0   14804   5476   4836 S   0,0   0,0   0:00.00 systemd+
  78640 root      20   0   14804   5664   4896 S   0,0   0,0   0:00.00 systemd+
  78641 root      20   0   14804   5628   4860 S   0,0   0,0   0:00.00 systemd+
  79114 root       0 -20       0      0      0 I   0,0   0,0   0:00.00 kworker+
  79115 root       0 -20       0      0      0 I   0,0   0,0   0:00.00 kworker+
  79574 root      20   0       0      0      0 I   0,0   0,0   0:00.00 kworker+
  79756 anton     20   0    7456   5444   5188 S   0,0   0,0   0:00.00 bash
  79760 anton     20   0    7456   3980   3676 S   0,0   0,0   0:00.00 bash
  79761 anton     20   0    7456   3980   3676 S   0,0   0,0   0:00.00 bash
  79763 anton     20   0    7456   3980   3676 S   0,0   0,0   0:00.00 bash
  79764 anton     20   0    7456   3980   3676 S   0,0   0,0   0:00.00 bash
  79767 anton     20   0    7456   4148   3844 S   0,0   0,0   0:00.00 bash
  79769 anton     20   0    7456   4084   3780 S   0,0   0,0   0:00.00 bash
  79771 anton     20   0    7456   3980   3676 S   0,0   0,0   0:00.00 bash
  79776 anton     20   0    7456   3980   3676 S   0,0   0,0   0:00.00 bash
  79782 anton     20   0    7456   4148   3844 S   0,0   0,0   0:00.00 bash
  79786 anton     20   0    6016   3872   3872 S   0,0   0,0   0:00.00 tee
  79789 anton     20   0    7456   4148   3844 S   0,0   0,0   0:00.00 bash
  79790 anton     20   0    6016   3872   3872 S   0,0   0,0   0:00.00 tee
  79795 anton     20   0    6016   3964   3964 S   0,0   0,0   0:00.00 tee
  79796 anton     20   0    6016   3888   3888 S   0,0   0,0   0:00.00 tee
  79804 anton     20   0    6016   3884   3884 S   0,0   0,0   0:00.00 tee
  79816 anton     20   0    6016   3828   3828 S   0,0   0,0   0:00.00 tee
  79836 anton     20   0    6016   3956   3956 S   0,0   0,0   0:00.00 tee
  79838 anton     20   0    6016   3964   3964 S   0,0   0,0   0:00.00 tee
  79854 anton     20   0    6016   3836   3836 S   0,0   0,0   0:00.00 tee
  79859 anton     20   0    6016   3980   3980 S   0,0   0,0   0:00.00 tee

top - 14:04:07 up  2:53,  2 users,  load average: 10,62, 9,65, 5,85
Tasks: 388 total,  13 running, 367 sleeping,   8 stopped,   0 zombie
%Cpu(s): 16,7 us, 51,0 sy,  0,0 ni, 31,7 id,  0,0 wa,  0,5 hi,  0,1 si,  0,0 st 
MiB Mem :  15337,5 total,    641,1 free,   8995,5 used,   6490,3 buff/cache     
MiB Swap:      0,0 total,      0,0 free,      0,0 used.   6342,0 avail Mem 

    PID USER      PR  NI    VIRT    RES    SHR S  %CPU  %MEM     TIME+ COMMAND
  79792 anton     20   0    4620   2856   2472 R  75,1   0,0   0:03.48 ltrace
  79800 anton     20   0    4620   2868   2356 S  75,1   0,0   0:03.78 ltrace
  79781 anton     20   0    4620   2868   2356 R  74,8   0,0   0:04.04 ltrace
  79785 anton     20   0    4620   2740   2356 R  74,8   0,0   0:03.38 ltrace
  79791 anton     20   0    4620   2720   2336 R  74,8   0,0   0:03.64 ltrace
  79833 anton     20   0    4620   2564   2180 R  74,8   0,0   0:04.18 ltrace
  79851 anton     20   0    4620   3036   2524 R  74,8   0,0   0:04.03 ltrace
  79857 anton     20   0    4620   2840   2456 R  74,8   0,0   0:03.79 ltrace
  79814 anton     20   0    4620   2876   2364 R  74,4   0,0   0:03.73 ltrace
  79834 anton     20   0    4620   2812   2300 R  74,4   0,0   0:03.77 ltrace
   1867 anton     20   0 3069908   1,2g 428636 R  39,2   8,3   1:37.29 telegra+
  79863 anton     20   0    6296   3192   3064 t  20,9   0,0   0:01.14 path
  79869 anton     20   0    6296   3116   3116 t  20,9   0,0   0:01.10 path
  79812 anton     20   0    6296   3320   3192 R  20,6   0,0   0:01.04 path
  79813 anton     20   0    6296   3192   3064 t  20,6   0,0   0:01.11 path
  79828 anton     20   0    6296   3172   3044 t  20,6   0,0   0:00.95 path
  79829 anton     20   0    6296   3256   3128 t  20,6   0,0   0:00.98 path
  79831 anton     20   0    6296   3188   3060 t  20,6   0,0   0:01.01 path
  79840 anton     20   0    6296   3320   3192 R  20,6   0,0   0:01.03 path
  79862 anton     20   0    6296   3184   3056 t  20,6   0,0   0:01.04 path
  79864 anton     20   0    6296   3320   3192 t  20,6   0,0   0:01.08 path
   1182 anton     -2   0 3409432 589032 489160 S   9,0   3,8   4:20.75 kwin_wa+
  29612 anton     20   0 7254532 391796 119220 S   2,0   2,5   1:18.37 Isolate+
  29228 anton     20   0   11,8g 791300 409412 S   1,0   5,0   5:35.48 firefox
  29681 anton     20   0 2664500 157476  98492 S   1,0   1,0   0:05.39 Isolate+
  73861 root      20   0       0      0      0 I   1,0   0,0   0:01.38 kworker+
  29340 anton     20   0   19,2g 426848 137484 S   0,7   2,7   3:37.38 WebExte+
  29527 anton     20   0 2772976 274360 122976 S   0,7   1,7   0:18.81 Isolate+
  43844 anton     20   0 3235416 605648 195296 S   0,7   3,9   0:25.29 Isolate+
  79758 anton     20   0    9652   7028   5108 R   0,7   0,0   0:00.06 top
     51 root      rt   0       0      0      0 S   0,3   0,0   0:05.15 migrati+
     63 root      rt   0       0      0      0 S   0,3   0,0   0:03.72 migrati+
     69 root      rt   0       0      0      0 S   0,3   0,0   0:00.33 migrati+
    111 root      rt   0       0      0      0 S   0,3   0,0   0:02.11 migrati+
    742 root      20   0 2388160  46552  34012 S   0,3   0,3   0:06.63 contain+
   3170 anton     20   0   32,7g  96916  51996 S   0,3   0,6   0:00.89 outline+
  17263 anton     20   0 1138,7g 487784 129368 S   0,3   3,1   5:14.98 code
  17302 anton     20   0 1132,1g 185700 160364 S   0,3   1,2   0:15.72 code
  17321 anton     20   0 1132,1g 316728 165396 S   0,3   2,0   1:05.97 code
  26328 anton     20   0  254136 204920  21560 S   0,3   1,3   1:08.33 cpptools
      1 root      20   0   21720  13140   9032 S   0,0   0,1   0:05.68 systemd
      2 root      20   0       0      0      0 S   0,0   0,0   0:00.02 kthreadd
      3 root      20   0       0      0      0 S   0,0   0,0   0:00.00 pool_wo+
      4 root       0 -20       0      0      0 I   0,0   0,0   0:00.00 kworker+
      5 root       0 -20       0      0      0 I   0,0   0,0   0:00.00 kworker+
      6 root       0 -20       0      0      0 I   0,0   0,0   0:00.00 kworker+
      7 root       0 -20       0      0      0 I   0,0   0,0   0:00.00 kworker+
     10 root       0 -20       0      0      0 I   0,0   0,0   0:00.00 kworker+
     13 root       0 -20       0      0      0 I   0,0   0,0   0:00.00 kworker+
     14 root      20   0       0      0      0 I   0,0   0,0   0:00.00 rcu_tas+
     15 root      20   0       0      0      0 I   0,0   0,0   0:00.00 rcu_tas+
     16 root      20   0       0      0      0 I   0,0   0,0   0:00.00 rcu_tas+
     17 root      20   0       0      0      0 S   0,0   0,0   0:00.22 ksoftir+
     18 root      -2   0       0      0      0 I   0,0   0,0   0:05.67 rcu_pre+
     19 root      -2   0       0      0      0 S   0,0   0,0   0:00.00 rcub/0
     20 root      20   0       0      0      0 S   0,0   0,0   0:00.00 rcu_exp+
     21 root      20   0       0      0      0 S   0,0   0,0   0:00.03 rcu_exp+
     22 root      rt   0       0      0      0 S   0,0   0,0   0:01.49 migrati+
     23 root     -51   0       0      0      0 S   0,0   0,0   0:00.00 idle_in+
     24 root      20   0       0      0      0 S   0,0   0,0   0:00.00 cpuhp/0
     25 root      20   0       0      0      0 S   0,0   0,0   0:00.00 cpuhp/2
     26 root     -51   0       0      0      0 S   0,0   0,0   0:00.00 idle_in+
     27 root      rt   0       0      0      0 S   0,0   0,0   0:01.14 migrati+
     28 root      20   0       0      0      0 S   0,0   0,0   0:00.12 ksoftir+
     30 root       0 -20       0      0      0 I   0,0   0,0   0:00.00 kworker+
     31 root      20   0       0      0      0 S   0,0   0,0   0:00.00 cpuhp/4
     32 root     -51   0       0      0      0 S   0,0   0,0   0:00.00 idle_in+
     33 root      rt   0       0      0      0 S   0,0   0,0   0:10.68 migrati+
     34 root      20   0       0      0      0 S   0,0   0,0   0:00.07 ksoftir+
     36 root       0 -20       0      0      0 I   0,0   0,0   0:00.00 kworker+
     37 root      20   0       0      0      0 S   0,0   0,0   0:00.00 cpuhp/6
     38 root     -51   0       0      0      0 S   0,0   0,0   0:00.00 idle_in+
     39 root      rt   0       0      0      0 S   0,0   0,0   0:02.69 migrati+
     40 root      20   0       0      0      0 S   0,0   0,0   0:00.33 ksoftir+
     42 root       0 -20       0      0      0 I   0,0   0,0   0:00.00 kworker+
     43 root      20   0       0      0      0 S   0,0   0,0   0:00.00 cpuhp/8
     44 root     -51   0       0      0      0 S   0,0   0,0   0:00.00 idle_in+
     45 root      rt   0       0      0      0 S   0,0   0,0   0:02.90 migrati+
     46 root      20   0       0      0      0 S   0,0   0,0   0:00.04 ksoftir+
     48 root       0 -20       0      0      0 I   0,0   0,0   0:00.00 kworker+
     49 root      20   0       0      0      0 S   0,0   0,0   0:00.00 cpuhp/10
     50 root     -51   0       0      0      0 S   0,0   0,0   0:00.00 idle_in+
     52 root      20   0       0      0      0 S   0,0   0,0   0:00.03 ksoftir+
     54 root       0 -20       0      0      0 I   0,0   0,0   0:00.00 kworker+
     55 root      20   0       0      0      0 S   0,0   0,0   0:00.00 cpuhp/12
     56 root     -51   0       0      0      0 S   0,0   0,0   0:00.00 idle_in+
     57 root      rt   0       0      0      0 S   0,0   0,0   0:02.71 migrati+
     58 root      20   0       0      0      0 S   0,0   0,0   0:00.02 ksoftir+
     60 root       0 -20       0      0      0 I   0,0   0,0   0:00.00 kworker+
     61 root      20   0       0      0      0 S   0,0   0,0   0:00.00 cpuhp/14
     62 root     -51   0       0      0      0 S   0,0   0,0   0:00.00 idle_in+
     64 root      20   0       0      0      0 S   0,0   0,0   0:00.02 ksoftir+
     66 root       0 -20       0      0      0 I   0,0   0,0   0:00.00 kworker+
     67 root      20   0       0      0      0 S   0,0   0,0   0:00.00 cpuhp/1
     68 root     -51   0       0      0      0 S   0,0   0,0   0:00.00 idle_in+
     70 root      20   0       0      0      0 S   0,0   0,0   0:00.27 ksoftir+
     72 root       0 -20       0      0      0 I   0,0   0,0   0:00.00 kworker+
     73 root      20   0       0      0      0 S   0,0   0,0   0:00.00 cpuhp/3
     74 root     -51   0       0      0      0 S   0,0   0,0   0:00.00 idle_in+
     75 root      rt   0       0      0      0 S   0,0   0,0   0:00.47 migrati+
     76 root      20   0       0      0      0 S   0,0   0,0   0:00.10 ksoftir+
     78 root       0 -20       0      0      0 I   0,0   0,0   0:00.00 kworker+
     79 root      20   0       0      0      0 S   0,0   0,0   0:00.00 cpuhp/5
     80 root     -51   0       0      0      0 S   0,0   0,0   0:00.00 idle_in+
     81 root      rt   0       0      0      0 S   0,0   0,0   0:00.66 migrati+
     82 root      20   0       0      0      0 S   0,0   0,0   0:00.03 ksoftir+
     84 root       0 -20       0      0      0 I   0,0   0,0   0:00.00 kworker+
     85 root      20   0       0      0      0 S   0,0   0,0   0:00.00 cpuhp/7
     86 root     -51   0       0      0      0 S   0,0   0,0   0:00.00 idle_in+
     87 root      rt   0       0      0      0 S   0,0   0,0   0:01.34 migrati+
     88 root      20   0       0      0      0 S   0,0   0,0   0:00.02 ksoftir+
     90 root       0 -20       0      0      0 I   0,0   0,0   0:00.00 kworker+
     91 root      20   0       0      0      0 S   0,0   0,0   0:00.00 cpuhp/9
     92 root     -51   0       0      0      0 S   0,0   0,0   0:00.00 idle_in+
     93 root      rt   0       0      0      0 S   0,0   0,0   0:00.85 migrati+
     94 root      20   0       0      0      0 S   0,0   0,0   0:00.03 ksoftir+
     96 root       0 -20       0      0      0 I   0,0   0,0   0:00.00 kworker+
     97 root      20   0       0      0      0 S   0,0   0,0   0:00.00 cpuhp/11
     98 root     -51   0       0      0      0 S   0,0   0,0   0:00.00 idle_in+
     99 root      rt   0       0      0      0 S   0,0   0,0   0:01.41 migrati+
    100 root      20   0       0      0      0 S   0,0   0,0   0:00.01 ksoftir+
    102 root       0 -20       0      0      0 I   0,0   0,0   0:00.00 kworker+
    103 root      20   0       0      0      0 S   0,0   0,0   0:00.00 cpuhp/13
    104 root     -51   0       0      0      0 S   0,0   0,0   0:00.00 idle_in+
    105 root      rt   0       0      0      0 S   0,0   0,0   0:01.05 migrati+
    106 root      20   0       0      0      0 S   0,0   0,0   0:00.01 ksoftir+
    108 root       0 -20       0      0      0 I   0,0   0,0   0:00.00 kworker+
    109 root      20   0       0      0      0 S   0,0   0,0   0:00.00 cpuhp/15
    110 root     -51   0       0      0      0 S   0,0   0,0   0:00.00 idle_in+
    112 root      20   0       0      0      0 S   0,0   0,0   0:00.01 ksoftir+
    114 root       0 -20       0      0      0 I   0,0   0,0   0:00.00 kworker+
    115 root      20   0       0      0      0 S   0,0   0,0   0:00.00 kdevtmp+
    116 root       0 -20       0      0      0 I   0,0   0,0   0:00.00 kworker+
    117 root      20   0       0      0      0 S   0,0   0,0   0:00.00 kauditd
    118 root      20   0       0      0      0 S   0,0   0,0   0:00.01 khungta+
    120 root      20   0       0      0      0 S   0,0   0,0   0:00.00 oom_rea+
    121 root       0 -20       0      0      0 I   0,0   0,0   0:00.00 kworker+
    122 root      20   0       0      0      0 S   0,0   0,0   0:04.38 kcompac+
    123 root      25   5       0      0      0 S   0,0   0,0   0:00.00 ksmd
    124 root      39  19       0      0      0 S   0,0   0,0   0:01.23 khugepa+
    125 root       0 -20       0      0      0 I   0,0   0,0   0:00.00 kworker+
    126 root       0 -20       0      0      0 I   0,0   0,0   0:00.00 kworker+
    127 root       0 -20       0      0      0 I   0,0   0,0   0:00.00 kworker+
    129 root     -51   0       0      0      0 S   0,0   0,0   0:00.00 irq/9-a+
    131 root       0 -20       0      0      0 I   0,0   0,0   0:00.00 kworker+
    132 root       0 -20       0      0      0 I   0,0   0,0   0:00.00 kworker+
    133 root       0 -20       0      0      0 I   0,0   0,0   0:00.00 kworker+
    134 root       0 -20       0      0      0 I   0,0   0,0   0:00.00 kworker+
    135 root     -51   0       0      0      0 S   0,0   0,0   0:00.00 watchdo+
    136 root       0 -20       0      0      0 I   0,0   0,0   0:00.03 kworker+
    137 root     -51   0       0      0      0 S   0,0   0,0   0:00.00 irq/25-+
    138 root     -51   0       0      0      0 S   0,0   0,0   0:00.00 irq/26-+
    139 root     -51   0       0      0      0 S   0,0   0,0   0:00.00 irq/27-+
    141 root      20   0       0      0      0 S   0,0   0,0   0:02.33 kswapd0
    142 root       0 -20       0      0      0 I   0,0   0,0   0:00.00 kworker+
    143 root       0 -20       0      0      0 I   0,0   0,0   0:00.00 kworker+
    144 root      20   0       0      0      0 S   0,0   0,0   0:00.00 scsi_eh+
    145 root       0 -20       0      0      0 I   0,0   0,0   0:00.00 kworker+
    146 root      20   0       0      0      0 S   0,0   0,0   0:00.00 scsi_eh+
    147 root       0 -20       0      0      0 I   0,0   0,0   0:00.00 kworker+
    149 root       0 -20       0      0      0 I   0,0   0,0   0:00.00 kworker+
    151 root       0 -20       0      0      0 I   0,0   0,0   0:00.00 kworker+
    154 root       0 -20       0      0      0 I   0,0   0,0   0:00.01 kworker+
    159 root       0 -20       0      0      0 I   0,0   0,0   0:00.00 kworker+
    161 root      20   0       0      0      0 I   0,0   0,0   0:00.10 kworker+
    162 root      20   0       0      0      0 I   0,0   0,0   0:00.03 kworker+
    166 root       0 -20       0      0      0 I   0,0   0,0   0:00.00 kworker+
    172 root     -51   0       0      0      0 S   0,0   0,0   0:00.00 irq/28-+
    173 root     -51   0       0      0      0 S   0,0   0,0   0:00.00 irq/29-+
    174 root     -51   0       0      0      0 S   0,0   0,0   0:00.00 irq/30-+
    175 root     -51   0       0      0      0 S   0,0   0,0   0:00.00 irq/31-+
    176 root     -51   0       0      0      0 S   0,0   0,0   0:00.00 irq/32-+
    177 root     -51   0       0      0      0 S   0,0   0,0   0:00.00 irq/33-+
    178 root     -51   0       0      0      0 S   0,0   0,0   0:00.00 irq/34-+
    179 root     -51   0       0      0      0 S   0,0   0,0   0:00.00 irq/35-+
    180 root     -51   0       0      0      0 S   0,0   0,0   0:00.00 irq/36-+
    181 root     -51   0       0      0      0 S   0,0   0,0  57:50.74 irq/37-+
    182 root     -51   0       0      0      0 S   0,0   0,0   0:00.01 irq/38-+
    183 root       0 -20       0      0      0 I   0,0   0,0   0:00.03 kworker+
    185 root       0 -20       0      0      0 I   0,0   0,0   0:00.03 kworker+
    187 root       0 -20       0      0      0 I   0,0   0,0   0:00.03 kworker+
    188 root       0 -20       0      0      0 I   0,0   0,0   0:00.02 kworker+
    225 root       0 -20       0      0      0 I   0,0   0,0   0:00.02 kworker+
    230 root       0 -20       0      0      0 I   0,0   0,0   0:00.00 kworker+
    237 root       0 -20       0      0      0 I   0,0   0,0   0:00.01 kworker+
    256 root      20   0       0      0      0 I   0,0   0,0   0:00.02 kworker+
    261 root       0 -20       0      0      0 I   0,0   0,0   0:00.00 kworker+
    329 root       0 -20       0      0      0 I   0,0   0,0   0:00.01 kworker+
    331 root       0 -20       0      0      0 I   0,0   0,0   0:00.00 kworker+
    333 root       0 -20       0      0      0 I   0,0   0,0   0:00.01 kworker+
    336 root       0 -20       0      0      0 I   0,0   0,0   0:00.00 kworker+
    338 root       0 -20       0      0      0 I   0,0   0,0   0:00.00 kworker+
    339 root       0 -20       0      0      0 I   0,0   0,0   0:00.01 kworker+
    364 root     -51   0       0      0      0 S   0,0   0,0   0:09.35 irq/47-+
    366 root       0 -20       0      0      0 I   0,0   0,0   0:00.00 kworker+
    379 root      20   0       0      0      0 I   0,0   0,0   0:00.04 kworker+
    380 root       0 -20       0      0      0 I   0,0   0,0   0:00.00 kworker+
    381 root       0 -20       0      0      0 I   0,0   0,0   0:00.00 kworker+
    382 root       0 -20       0      0      0 I   0,0   0,0   0:00.00 kworker+
    383 root       0 -20       0      0      0 I   0,0   0,0   0:00.00 kworker+
    384 root      20   0       0      0      0 I   0,0   0,0   0:00.17 kworker+
    390 root      20   0       0      0      0 I   0,0   0,0   0:00.13 kworker+
    391 root      20   0       0      0      0 I   0,0   0,0   0:00.09 kworker+
    420 root      20   0       0      0      0 S   0,0   0,0   0:01.07 jbd2/nv+
    421 root       0 -20       0      0      0 I   0,0   0,0   0:00.00 kworker+
    469 root      20   0   49224  19204  18008 S   0,0   0,1   0:01.70 systemd+
    500 root      20   0   14288   5788   5020 S   0,0   0,0   0:00.15 systemd+
    505 root      -2   0       0      0      0 S   0,0   0,0   0:00.00 psimon
    515 root      20   0   31268  11920   9232 S   0,0   0,1   0:00.43 systemd+
    516 root      -2   0       0      0      0 S   0,0   0,0   0:00.00 psimon
    585 root       0 -20       0      0      0 I   0,0   0,0   0:00.00 kworker+
    614 root     -51   0       0      0      0 S   0,0   0,0   2:11.70 irq/92-+
    632 root       0 -20       0      0      0 I   0,0   0,0   0:00.00 kworker+
    639 root       0 -20       0      0      0 I   0,0   0,0   0:00.00 kworker+
    648 systemd+  20   0   89056   7076   6308 S   0,0   0,0   0:00.08 systemd+
    653 dbus      20   0    9376   5088   2832 S   0,0   0,0   0:00.43 dbus-br+
    654 dbus      20   0   11528   6844   2172 S   0,0   0,0   0:03.96 dbus-br+
    656 avahi     20   0    6224   4016   3760 S   0,0   0,0   0:00.17 avahi-d+
    657 root      20   0    9804   5196   4812 S   0,0   0,0   0:00.12 bluetoo+
    659 root      20   0  141580  50116  20228 S   0,0   0,3   0:01.00 firewal+
    660 root      20   0   15228   7840   6704 S   0,0   0,0   0:01.55 systemd+
    663 avahi     20   0    6224   1524   1264 S   0,0   0,0   0:00.00 avahi-d+
    688 root      20   0  562396  26548  21456 S   0,0   0,2   0:29.72 Network+
    726 root      20   0   16320  11084   9676 S   0,0   0,1   0:07.88 wpa_sup+
    735 root      20   0    6408   4140   4012 S   0,0   0,0   0:00.00 Outline+
    739 root      20   0  153416  18424  16376 S   0,0   0,1   0:00.02 sddm
    779 polkitd   20   0  383276  11400   6908 S   0,0   0,1   0:05.86 polkitd
    789 root       0 -20       0      0      0 I   0,0   0,0   0:00.00 kworker+
    790 root       0 -20       0      0      0 I   0,0   0,0   0:00.00 kworker+
    791 root       0 -20       0      0      0 I   0,0   0,0   0:00.00 kworker+
    792 root       0 -20       0      0      0 I   0,0   0,0   0:00.00 kworker+
    793 root       0 -20       0      0      0 I   0,0   0,0   0:00.00 kworker+
    795 root     -51   0       0      0      0 S   0,0   0,0   0:00.00 card1-c+
    796 root     -51   0       0      0      0 S   0,0   0,0   0:00.00 card1-c+
    797 root     -51   0       0      0      0 S   0,0   0,0   0:00.00 card1-c+
    798 root     -51   0       0      0      0 S   0,0   0,0   0:00.00 card1-c+
    799 root      20   0 1163620  61652  29780 S   0,0   0,4   0:00.37 Xorg
    863 root      20   0 2665128  75004  48148 S   0,0   0,5   0:00.99 dockerd
   1040 root      20   0       0      0      0 I   0,0   0,0   0:00.07 kworker+
   1069 root      20   0       0      0      0 I   0,0   0,0   0:00.06 kworker+
   1118 root      20   0  307712   8644   8004 S   0,0   0,1   0:00.44 power-p+
   1124 root      20   0   77140  19308  17132 S   0,0   0,1   0:00.10 sddm-he+
   1144 anton     20   0   19944  11420   9116 S   0,0   0,1   0:01.56 systemd
   1146 anton     20   0   20448   3616   1912 S   0,0   0,0   0:00.00 (sd-pam)
   1159 anton     20   0 1439488  70172  52428 S   0,0   0,4   0:00.29 kwallet+
   1160 anton     20   0  217568  35408  30928 S   0,0   0,2   0:00.11 startpl+
   1169 anton     20   0    6944   3384   3128 S   0,0   0,0   0:00.04 dbus-br+
   1170 anton     20   0    5712   2988   2092 S   0,0   0,0   0:01.06 dbus-br+
   1177 anton     20   0  147308  15432  14024 S   0,0   0,1   0:00.02 kwin_wa+
   1181 anton     39  19  256,2g 133188 105144 S   0,0   0,8   0:09.60 baloo_f+
   1190 anton     20   0  619836  15668  13236 S   0,0   0,1   0:01.39 xdg-des+
   1191 root      20   0  467260  11912  10248 S   0,0   0,1   0:00.66 udisksd
   1200 anton     20   0  530856   6364   5852 S   0,0   0,0   0:00.13 xdg-doc+
   1205 anton     20   0  306052   5700   5316 S   0,0   0,0   0:00.18 xdg-per+
   1212 root      20   0    2560   1788   1788 S   0,0   0,0   0:00.00 fusermo+
   1219 root      20   0  316292  11052   9132 S   0,0   0,1   0:00.93 upowerd
   1221 rtkit     21   1   20516   3016   2888 S   0,0   0,0   0:00.13 rtkit-d+
   1244 anton      9 -11  170936  15112   9848 S   0,0   0,1   0:00.25 pipewire
   1245 anton      9 -11  480436  18584  14616 S   0,0   0,1   0:00.64 wireplu+
   1277 root      10 -10       0      0      0 S   0,0   0,0   0:00.00 krfcommd
   1285 anton     20   0  940560  76664  40232 S   0,0   0,5   0:21.11 Xwayland
   1302 anton     20   0  379160   6412   5900 S   0,0   0,0   0:00.08 at-spi-+
   1313 anton     20   0    6812   3176   2920 S   0,0   0,0   0:00.00 dbus-br+
   1317 anton     20   0    4096   2240   2112 S   0,0   0,0   0:00.00 dbus-br+
   1325 anton     20   0 1159344  65032  48124 S   0,0   0,4   0:00.87 ksmserv+
   1327 anton     20   0 1846044 102128  75228 S   0,0   0,7   0:04.94 kded6
   1385 anton     20   0  229084   5460   5076 S   0,0   0,0   0:00.01 dconf-s+
   1402 anton     20   0 6274736 455180 171340 S   0,0   2,9   1:01.43 plasmas+
   1403 anton     20   0  232400   6348   5836 S   0,0   0,0   0:00.02 at-spi2+
   1414 anton      9 -11  184464  18852   8956 S   0,0   0,1   0:00.16 pipewir+
   1446 anton     20   0 1411652  58076  44912 S   0,0   0,4   0:01.16 kactivi+
   1449 anton     20   0 1079252  41060  29228 S   0,0   0,3   0:00.67 gmenudb+
   1450 anton     20   0 1159532  67172  50616 S   0,0   0,4   0:00.92 kaccess
   1451 anton     20   0 1433020  67280  52236 S   0,0   0,4   0:00.30 polkit-+
   1452 anton     20   0 1800516  71552  55672 S   0,0   0,5   0:02.94 org_kde+
   1454 anton     20   0 1832812  81060  57280 S   0,0   0,5   0:01.21 xdg-des+
   1455 anton     20   0 1078648  40144  28496 S   0,0   0,3   0:00.68 xembeds+
   1518 anton     20   0    7952   4480   4096 S   0,0   0,0   0:00.00 xsettin+
   1678 anton     20   0   36,8g 171468 111272 S   0,0   1,1   0:03.01 outline+
   1680 anton     20   0  661656  81984  50332 S   0,0   0,5   0:01.69 firewal+
   1682 anton     20   0 1632528  82980  64320 S   0,0   0,5   0:00.54 kdeconn+
   1687 anton     20   0 1774432  82412  56324 S   0,0   0,5   0:01.04 xwaylan+
   1695 anton     20   0   11588   1908   1600 S   0,0   0,0   0:02.44 Outline+
   1703 anton     20   0  309848   6376   5992 S   0,0   0,0   0:00.02 agent
   1862 anton     20   0 1883692 204684 176424 S   0,0   1,3   2:39.39 konsole
   1864 anton     20   0 1830620 168488 142176 S   0,0   1,1   0:34.52 konsole
   2033 anton     20   0   32,4g  56620  44716 S   0,0   0,4   0:00.13 outline+
   2039 anton     20   0   32,4g  56704  44672 S   0,0   0,4   0:00.13 outline+
   2109 anton     20   0   32,4g  14452   1928 S   0,0   0,1   0:00.00 outline+
   2172 anton     20   0    9096   7656   5736 S   0,0   0,0   0:00.04 bash
   2174 anton     20   0    9360   7816   5640 S   0,0   0,0   0:00.47 bash
   2321 anton     20   0   32,0g   2940   2684 S   0,0   0,0   0:00.00 chrome_+
   3234 anton     20   0   32,5g  77204  64024 S   0,0   0,5   0:00.70 outline+
   3266 anton     20   0   40,7g 164760 110548 S   0,0   1,0   0:01.90 outline+
   5984 root      20   0  155304   5308   5052 S   0,0   0,0   0:00.21 gpg-age+
   6727 root      20   0       0      0      0 I   0,0   0,0   0:00.45 kworker+
  15083 root      -2   0       0      0      0 S   0,0   0,0   0:00.00 psimon
  17169 anton     20   0 1132,3g 613236 223308 S   0,0   3,9   0:43.66 code
  17172 anton     20   0   32,7g 138048 125888 S   0,0   0,9   0:00.09 code
  17173 anton     20   0   32,7g 137632 125472 S   0,0   0,9   0:00.08 code
  17175 anton     20   0   32,7g  15700   3484 S   0,0   0,1   0:00.04 code
  17189 anton     20   0   32,0g   3132   2876 S   0,0   0,0   0:00.00 chrome_+
  17206 anton     20   0   33,0g 270436 176500 S   0,0   1,7   1:24.16 code
  17210 anton     20   0   32,5g 160364 146144 S   0,0   1,0   0:09.65 code
  17301 anton     20   0 1132,1g 221052 158960 S   0,0   1,4   0:30.96 code
  18011 root      20   0       0      0      0 I   0,0   0,0   0:00.00 kworker+
  21176 root      20   0       0      0      0 I   0,0   0,0   0:00.11 kworker+
  24654 root      20   0       0      0      0 I   0,0   0,0   0:05.23 kworker+
  29328 anton     20   0  251436  36552  27848 S   0,0   0,2   0:00.06 Socket +
  29370 anton     20   0 2715888 183612 132888 S   0,0   1,2   0:08.13 Privile+
  29478 anton     20   0  509500  48952  38328 S   0,0   0,3   0:00.17 Utility+
  33039 anton     20   0 1132,0g 184524 149332 S   0,0   1,2   0:01.29 code
  37049 anton     20   0 2660736 180664 109004 S   0,0   1,2   0:19.72 Isolate+
  40382 anton     20   0 1132,0g 166020 145320 S   0,0   1,1   0:00.93 code
  42178 anton     20   0  257,4g 162208 145036 S   0,0   1,0   0:00.16 balooru+
  42587 root      20   0       0      0      0 I   0,0   0,0   0:00.11 kworker+
  43162 root      20   0       0      0      0 I   0,0   0,0   0:00.05 kworker+
  43321 anton     20   0  558164  52416  41324 S   0,0   0,3   0:00.20 RDD Pro+
  43643 anton     20   0 2919664 343812 124944 S   0,0   2,2   0:52.36 Isolate+
  46992 root      20   0       0      0      0 I   0,0   0,0   0:00.00 kworker+
  57310 root      20   0       0      0      0 I   0,0   0,0   0:00.02 kworker+
  60768 root      20   0       0      0      0 I   0,0   0,0   0:00.00 kworker+
  61511 root      20   0       0      0      0 I   0,0   0,0   0:00.09 kworker+
  63870 root      20   0       0      0      0 I   0,0   0,0   0:00.06 kworker+
  64971 root       0 -20       0      0      0 I   0,0   0,0   0:00.15 kworker+
  66033 root      20   0       0      0      0 I   0,0   0,0   0:00.02 kworker+
  66077 root      20   0       0      0      0 I   0,0   0,0   0:00.00 kworker+
  66099 root      20   0       0      0      0 I   0,0   0,0   0:00.02 kworker+
  66118 root       0 -20       0      0      0 I   0,0   0,0   0:00.11 kworker+
  66126 root      20   0       0      0      0 I   0,0   0,0   0:00.01 kworker+
  67885 root      20   0       0      0      0 I   0,0   0,0   0:00.03 kworker+
  69388 root      20   0       0      0      0 I   0,0   0,0   0:02.30 kworker+
  69394 root      20   0       0      0      0 I   0,0   0,0   0:01.40 kworker+
  69419 root      20   0       0      0      0 I   0,0   0,0   0:01.63 kworker+
  69425 root       0 -20       0      0      0 I   0,0   0,0   0:00.09 kworker+
  69444 root      20   0       0      0      0 I   0,0   0,0   0:00.00 kworker+
  69473 root      20   0       0      0      0 I   0,0   0,0   0:00.00 kworker+
  69495 root      20   0       0      0      0 I   0,0   0,0   0:00.00 kworker+
  70127 root       0 -20       0      0      0 I   0,0   0,0   0:00.06 kworker+
  70128 root       0 -20       0      0      0 I   0,0   0,0   0:00.14 kworker+
  70129 root       0 -20       0      0      0 I   0,0   0,0   0:00.16 kworker+
  70138 root       0 -20       0      0      0 I   0,0   0,0   0:00.10 kworker+
  70139 root       0 -20       0      0      0 I   0,0   0,0   0:00.09 kworker+
  70140 root       0 -20       0      0      0 I   0,0   0,0   0:00.11 kworker+
  70141 root       0 -20       0      0      0 I   0,0   0,0   0:00.11 kworker+
  70145 root       0 -20       0      0      0 I   0,0   0,0   0:00.10 kworker+
  70146 root       0 -20       0      0      0 I   0,0   0,0   0:00.14 kworker+
  70147 root       0 -20       0      0      0 I   0,0   0,0   0:00.11 kworker+
  72884 root       0 -20       0      0      0 I   0,0   0,0   0:00.11 kworker+
  72885 root       0 -20       0      0      0 I   0,0   0,0   0:00.08 kworker+
  72886 root       0 -20       0      0      0 I   0,0   0,0   0:00.08 kworker+
  73353 root      20   0       0      0      0 I   0,0   0,0   0:00.00 kworker+
  73497 anton     20   0 2466480  78612  65300 S   0,0   0,5   0:00.32 Web Con+
  73955 anton     20   0 2466464  78548  65492 S   0,0   0,5   0:00.34 Web Con+
  74008 anton     20   0 2466464  78716  65532 S   0,0   0,5   0:00.31 Web Con+
  74182 root      20   0       0      0      0 I   0,0   0,0   0:00.00 kworker+
  74183 root      20   0       0      0      0 I   0,0   0,0   0:00.02 kworker+
  75621 anton     20   0    7456   5260   5132 S   0,0   0,0   0:00.00 bash
  76485 root      20   0       0      0      0 I   0,0   0,0   0:00.95 kworker+
  77315 root      20   0       0      0      0 I   0,0   0,0   0:00.00 kworker+
  78297 root      20   0       0      0      0 I   0,0   0,0   0:00.00 kworker+
  78639 root      20   0   14804   5476   4836 S   0,0   0,0   0:00.00 systemd+
  78640 root      20   0   14804   5664   4896 S   0,0   0,0   0:00.00 systemd+
  78641 root      20   0   14804   5628   4860 S   0,0   0,0   0:00.00 systemd+
  79114 root       0 -20       0      0      0 I   0,0   0,0   0:00.00 kworker+
  79115 root       0 -20       0      0      0 I   0,0   0,0   0:00.00 kworker+
  79574 root      20   0       0      0      0 I   0,0   0,0   0:00.00 kworker+
  79756 anton     20   0    7456   5444   5188 S   0,0   0,0   0:00.00 bash
  79760 anton     20   0    7456   3980   3676 S   0,0   0,0   0:00.00 bash
  79761 anton     20   0    7456   3980   3676 S   0,0   0,0   0:00.00 bash
  79763 anton     20   0    7456   3980   3676 S   0,0   0,0   0:00.00 bash
  79764 anton     20   0    7456   3980   3676 S   0,0   0,0   0:00.00 bash
  79767 anton     20   0    7456   4148   3844 S   0,0   0,0   0:00.00 bash
  79769 anton     20   0    7456   4084   3780 S   0,0   0,0   0:00.00 bash
  79771 anton     20   0    7456   3980   3676 S   0,0   0,0   0:00.00 bash
  79776 anton     20   0    7456   3980   3676 S   0,0   0,0   0:00.00 bash
  79782 anton     20   0    7456   4148   3844 S   0,0   0,0   0:00.00 bash
  79786 anton     20   0    6016   3872   3872 S   0,0   0,0   0:00.00 tee
  79789 anton     20   0    7456   4148   3844 S   0,0   0,0   0:00.00 bash
  79790 anton     20   0    6016   3872   3872 S   0,0   0,0   0:00.00 tee
  79795 anton     20   0    6016   3964   3964 S   0,0   0,0   0:00.00 tee
  79796 anton     20   0    6016   3888   3888 S   0,0   0,0   0:00.00 tee
  79804 anton     20   0    6016   3884   3884 S   0,0   0,0   0:00.00 tee
  79816 anton     20   0    6016   3828   3828 S   0,0   0,0   0:00.00 tee
  79836 anton     20   0    6016   3956   3956 S   0,0   0,0   0:00.00 tee
  79838 anton     20   0    6016   3964   3964 S   0,0   0,0   0:00.00 tee
  79854 anton     20   0    6016   3836   3836 S   0,0   0,0   0:00.00 tee
  79859 anton     20   0    6016   3980   3980 S   0,0   0,0   0:00.00 tee
