
 Performance counter stats for './combined README.md /home/anton/itmo 5 100000':

          3 065,49 msec task-clock:u                     #    0,492 CPUs utilized             
                 0      context-switches:u               #    0,000 /sec                      
                 0      cpu-migrations:u                 #    0,000 /sec                      
               228      page-faults:u                    #   74,376 /sec                      
     2 031 978 565      cycles:u                         #    0,663 GHz                         (43,86%)
       316 322 225      stalled-cycles-frontend:u        #   15,57% frontend cycles idle        (43,96%)
     3 196 015 791      instructions:u                   #    1,57  insn per cycle            
                                                  #    0,10  stalled cycles per insn     (44,01%)
       665 005 045      branches:u                       #  216,932 M/sec                       (43,24%)
         4 804 520      branch-misses:u                  #    0,72% of all branches             (43,44%)
     1 305 643 854      L1-dcache-loads:u                #  425,916 M/sec                       (42,68%)
        23 941 486      L1-dcache-load-misses:u          #    1,83% of all L1-dcache accesses   (42,06%)
   <not supported>      LLC-loads:u                                                           
   <not supported>      LLC-load-misses:u                                                     
       138 595 975      L1-icache-loads:u                #   45,212 M/sec                       (42,02%)
           972 645      L1-icache-load-misses:u          #    0,70% of all L1-icache accesses   (42,02%)
         3 991 636      dTLB-loads:u                     #    1,302 M/sec                       (42,60%)
           350 035      dTLB-load-misses:u               #    8,77% of all dTLB cache accesses  (42,45%)
         1 413 775      iTLB-loads:u                     #  461,190 K/sec                       (42,70%)
           554 213      iTLB-load-misses:u               #   39,20% of all iTLB cache accesses  (42,93%)
         9 674 319      L1-dcache-prefetches:u           #    3,156 M/sec                       (43,83%)
   <not supported>      L1-dcache-prefetch-misses:u                                           

       6,228768849 seconds time elapsed

       1,342142000 seconds user
       1,627116000 seconds sys


