% time     seconds  usecs/call     calls    errors syscall
------ ----------- ----------- --------- --------- ----------------
 99,93    0,650069      325034         2           futex
  0,02    0,000123           5        24           mmap
  0,02    0,000114          57         2           clone3
  0,01    0,000089          11         8           mprotect
  0,00    0,000028           5         5           rt_sigprocmask
  0,00    0,000016          16         1           munmap
  0,00    0,000016           5         3           brk
  0,00    0,000012           2         5           openat
  0,00    0,000009           4         2           pread64
  0,00    0,000006           6         1           rt_sigaction
  0,00    0,000006           6         1           arch_prctl
  0,00    0,000005           1         4           read
  0,00    0,000005           5         1           set_tid_address
  0,00    0,000005           5         1           prlimit64
  0,00    0,000005           5         1           getrandom
  0,00    0,000004           0         5           close
  0,00    0,000004           0         5           fstat
  0,00    0,000004           4         1           set_robust_list
  0,00    0,000004           4         1           rseq
  0,00    0,000000           0         1         1 access
  0,00    0,000000           0         1           execve
------ ----------- ----------- --------- --------- ----------------
100,00    0,650524        8673        75         1 total
