
 Performance counter stats for './path 100000':

          1 399,87 msec task-clock:u                     #    0,495 CPUs utilized             
                 0      context-switches:u               #    0,000 /sec                      
                 0      cpu-migrations:u                 #    0,000 /sec                      
               125      page-faults:u                    #   89,294 /sec                      
     4 367 393 525      cycles:u                         #    3,120 GHz                         (42,93%)
       791 901 269      stalled-cycles-frontend:u        #   18,13% frontend cycles idle        (42,73%)
     5 261 814 887      instructions:u                   #    1,20  insn per cycle            
                                                  #    0,15  stalled cycles per insn     (42,02%)
       812 847 508      branches:u                       #  580,659 M/sec                       (42,26%)
           569 724      branch-misses:u                  #    0,07% of all branches             (42,97%)
     2 610 270 402      L1-dcache-loads:u                #    1,865 G/sec                       (43,26%)
         1 374 854      L1-dcache-load-misses:u          #    0,05% of all L1-dcache accesses   (42,88%)
   <not supported>      LLC-loads:u                                                           
   <not supported>      LLC-load-misses:u                                                     
       368 486 367      L1-icache-loads:u                #  263,229 M/sec                       (42,74%)
         2 505 865      L1-icache-load-misses:u          #    0,68% of all L1-icache accesses   (42,92%)
           494 245      dTLB-loads:u                     #  353,064 K/sec                       (43,21%)
            76 273      dTLB-load-misses:u               #   15,43% of all dTLB cache accesses  (43,87%)
             9 871      iTLB-loads:u                     #    7,051 K/sec                       (43,19%)
             5 173      iTLB-load-misses:u               #   52,41% of all iTLB cache accesses  (42,41%)
           419 472      L1-dcache-prefetches:u           #  299,650 K/sec                       (42,61%)
   <not supported>      L1-dcache-prefetch-misses:u                                           

       2,829577062 seconds time elapsed

       1,377730000 seconds user
       0,012030000 seconds sys


