% time     seconds  usecs/call     calls    errors syscall
------ ----------- ----------- --------- --------- ----------------
 47,10    0,000211           9        22           mmap
 15,85    0,000071          11         6           mprotect
  6,25    0,000028           5         5           openat
  5,36    0,000024           4         5           close
  5,36    0,000024           8         3           brk
  4,24    0,000019          19         1           munmap
  3,57    0,000016           4         4           read
  2,90    0,000013           2         5           fstat
  1,79    0,000008           4         2           pread64
  1,56    0,000007           7         1           futex
  1,34    0,000006           6         1           getrandom
  1,12    0,000005           5         1           arch_prctl
  1,12    0,000005           5         1           prlimit64
  0,89    0,000004           4         1           set_tid_address
  0,89    0,000004           4         1           rseq
  0,67    0,000003           3         1           set_robust_list
  0,00    0,000000           0         1         1 access
  0,00    0,000000           0         1           execve
------ ----------- ----------- --------- --------- ----------------
100,00    0,000448           7        62         1 total
