% time     seconds  usecs/call     calls    errors syscall
------ ----------- ----------- --------- --------- ----------------
 50,39    0,000261          11        22           mmap
 12,74    0,000066          11         6           mprotect
  8,11    0,000042           8         5           openat
  5,21    0,000027           5         5           fstat
  4,44    0,000023           4         5           close
  4,25    0,000022          22         1           munmap
  3,28    0,000017           4         4           read
  2,90    0,000015           5         3           brk
  1,93    0,000010           5         2           pread64
  0,97    0,000005           5         1         1 access
  0,97    0,000005           5         1           futex
  0,97    0,000005           5         1           getrandom
  0,97    0,000005           5         1           rseq
  0,77    0,000004           4         1           arch_prctl
  0,77    0,000004           4         1           set_tid_address
  0,77    0,000004           4         1           set_robust_list
  0,58    0,000003           3         1           prlimit64
  0,00    0,000000           0         1           execve
------ ----------- ----------- --------- --------- ----------------
100,00    0,000518           8        62         1 total
