% time     seconds  usecs/call     calls    errors syscall
------ ----------- ----------- --------- --------- ----------------
 99,58    0,561341      280670         2           futex
  0,34    0,001928         241         8           mprotect
  0,03    0,000196           8        24           mmap
  0,01    0,000068          34         2           clone3
  0,00    0,000023           4         5           rt_sigprocmask
  0,00    0,000021           4         5           openat
  0,00    0,000018          18         1           munmap
  0,00    0,000013           2         5           close
  0,00    0,000012           4         3           brk
  0,00    0,000011           2         4           read
  0,00    0,000011           2         5           fstat
  0,00    0,000011           5         2           pread64
  0,00    0,000005           5         1           arch_prctl
  0,00    0,000005           5         1           getrandom
  0,00    0,000005           5         1           rseq
  0,00    0,000004           4         1           rt_sigaction
  0,00    0,000004           4         1           set_robust_list
  0,00    0,000004           4         1           prlimit64
  0,00    0,000003           3         1           set_tid_address
  0,00    0,000000           0         1         1 access
  0,00    0,000000           0         1           execve
------ ----------- ----------- --------- --------- ----------------
100,00    0,563683        7515        75         1 total
